[I 2021-07-16 13:49:14,912] Trial 90 pruned. Trial was pruned at epoch 50.
Trial 90 pruned. Trial was pruned at epoch 50.
Trial 90 pruned. Trial was pruned at epoch 50.
HBox(children=(FloatProgress(value=0.0, description='Training', layout=Layout(flex='2'), max=450.0, style=Prog…

Epoch 00158: ReduceLROnPlateau reducing learning rate to 0.0012499999720603228.
[I 2021-07-16 13:51:24,383] Trial 91 pruned. Trial was pruned at epoch 200.
Trial 91 pruned. Trial was pruned at epoch 200.
Trial 91 pruned. Trial was pruned at epoch 200.
HBox(children=(FloatProgress(value=0.0, description='Training', layout=Layout(flex='2'), max=450.0, style=Prog…
[I 2021-07-16 13:52:08,564] Trial 92 pruned. Trial was pruned at epoch 200.
Trial 92 pruned. Trial was pruned at epoch 200.
Trial 92 pruned. Trial was pruned at epoch 200.
HBox(children=(FloatProgress(value=0.0, description='Training', layout=Layout(flex='2'), max=450.0, style=Prog…

Epoch 00148: ReduceLROnPlateau reducing learning rate to 0.0012499999720603228.

Epoch 00260: ReduceLROnPlateau reducing learning rate to 0.0006249999860301614.

Epoch 00312: ReduceLROnPlateau reducing learning rate to 0.0003124999930150807.

Epoch 00340: ReduceLROnPlateau reducing learning rate to 0.00015624999650754035.

Epoch 00376: ReduceLROnPlateau reducing learning rate to 7.812499825377017e-05.

Epoch 00407: ReduceLROnPlateau reducing learning rate to 3.9062499126885086e-05.

Epoch 00432: ReduceLROnPlateau reducing learning rate to 1.9531249563442543e-05.

Calibration rmse=0.29094208677878125
Tuning rmse=0.5539468467911197
[I 2021-07-16 13:56:48,578] Trial 93 finished with value: 0.388078329000876 and parameters: {'filter_size': 23, 'reg_beta': 0.002, 'batch_size': 64}. Best is trial 23 with value: 0.35000284473203197.
Trial 93 finished with value: 0.388078329000876 and parameters: {'filter_size': 23, 'reg_beta': 0.002, 'batch_size': 64}. Best is trial 23 with value: 0.35000284473203197.
Trial 93 finished with value: 0.388078329000876 and parameters: {'filter_size': 23, 'reg_beta': 0.002, 'batch_size': 64}. Best is trial 23 with value: 0.35000284473203197.
HBox(children=(FloatProgress(value=0.0, description='Training', layout=Layout(flex='2'), max=450.0, style=Prog…
WARNING:tensorflow:Callback method `on_train_batch_end` is slow compared to the batch time (batch time: 0.0000s vs `on_train_batch_end` time: 0.0026s). Check your callbacks.

Epoch 00166: ReduceLROnPlateau reducing learning rate to 0.0012499999720603228.

Epoch 00200: ReduceLROnPlateau reducing learning rate to 0.0006249999860301614.

Epoch 00275: ReduceLROnPlateau reducing learning rate to 0.0003124999930150807.

Epoch 00329: ReduceLROnPlateau reducing learning rate to 0.00015624999650754035.

Epoch 00366: ReduceLROnPlateau reducing learning rate to 7.812499825377017e-05.

Epoch 00392: ReduceLROnPlateau reducing learning rate to 3.9062499126885086e-05.

Epoch 00445: ReduceLROnPlateau reducing learning rate to 1.9531249563442543e-05.

Calibration rmse=0.3241285520352338
Tuning rmse=0.5682579815275078
[I 2021-07-16 14:01:52,004] Trial 94 finished with value: 0.393057898426384 and parameters: {'filter_size': 23, 'reg_beta': 0.0025, 'batch_size': 64}. Best is trial 23 with value: 0.35000284473203197.
Trial 94 finished with value: 0.393057898426384 and parameters: {'filter_size': 23, 'reg_beta': 0.0025, 'batch_size': 64}. Best is trial 23 with value: 0.35000284473203197.
Trial 94 finished with value: 0.393057898426384 and parameters: {'filter_size': 23, 'reg_beta': 0.0025, 'batch_size': 64}. Best is trial 23 with value: 0.35000284473203197.
HBox(children=(FloatProgress(value=0.0, description='Training', layout=Layout(flex='2'), max=450.0, style=Prog…
[I 2021-07-16 14:02:12,489] Trial 95 pruned. Trial was pruned at epoch 50.
Trial 95 pruned. Trial was pruned at epoch 50.
Trial 95 pruned. Trial was pruned at epoch 50.
HBox(children=(FloatProgress(value=0.0, description='Training', layout=Layout(flex='2'), max=450.0, style=Prog…

Epoch 00159: ReduceLROnPlateau reducing learning rate to 0.0012499999720603228.
[I 2021-07-16 14:03:09,472] Trial 96 pruned. Trial was pruned at epoch 200.
Trial 96 pruned. Trial was pruned at epoch 200.
Trial 96 pruned. Trial was pruned at epoch 200.
HBox(children=(FloatProgress(value=0.0, description='Training', layout=Layout(flex='2'), max=450.0, style=Prog…

Epoch 00114: ReduceLROnPlateau reducing learning rate to 0.0012499999720603228.

Epoch 00175: ReduceLROnPlateau reducing learning rate to 0.0006249999860301614.

Epoch 00281: ReduceLROnPlateau reducing learning rate to 0.0003124999930150807.

Epoch 00337: ReduceLROnPlateau reducing learning rate to 0.00015624999650754035.

Epoch 00374: ReduceLROnPlateau reducing learning rate to 7.812499825377017e-05.

Calibration rmse=0.3759995886947533
Tuning rmse=0.5714189430685858
[I 2021-07-16 14:08:38,707] Trial 97 finished with value: 0.37828143043379087 and parameters: {'filter_size': 25, 'reg_beta': 0.0045000000000000005, 'batch_size': 64}. Best is trial 23 with value: 0.35000284473203197.
Trial 97 finished with value: 0.37828143043379087 and parameters: {'filter_size': 25, 'reg_beta': 0.0045000000000000005, 'batch_size': 64}. Best is trial 23 with value: 0.35000284473203197.
Trial 97 finished with value: 0.37828143043379087 and parameters: {'filter_size': 25, 'reg_beta': 0.0045000000000000005, 'batch_size': 64}. Best is trial 23 with value: 0.35000284473203197.
HBox(children=(FloatProgress(value=0.0, description='Training', layout=Layout(flex='2'), max=450.0, style=Prog…

Epoch 00148: ReduceLROnPlateau reducing learning rate to 0.0012499999720603228.
[I 2021-07-16 14:10:52,168] Trial 98 pruned. Trial was pruned at epoch 200.
Trial 98 pruned. Trial was pruned at epoch 200.
Trial 98 pruned. Trial was pruned at epoch 200.
HBox(children=(FloatProgress(value=0.0, description='Training', layout=Layout(flex='2'), max=450.0, style=Prog…

Epoch 00102: ReduceLROnPlateau reducing learning rate to 0.0012499999720603228.

Epoch 00273: ReduceLROnPlateau reducing learning rate to 0.0006249999860301614.

Epoch 00400: ReduceLROnPlateau reducing learning rate to 0.0003124999930150807.

Epoch 00429: ReduceLROnPlateau reducing learning rate to 0.00015624999650754035.

Calibration rmse=0.2647078331317576
Tuning rmse=0.5547904335473347
[I 2021-07-16 14:16:10,885] Trial 99 finished with value: 0.39625631089083196 and parameters: {'filter_size': 19, 'reg_beta': 0.002, 'batch_size': 64}. Best is trial 23 with value: 0.35000284473203197.
Trial 99 finished with value: 0.39625631089083196 and parameters: {'filter_size': 19, 'reg_beta': 0.002, 'batch_size': 64}. Best is trial 23 with value: 0.35000284473203197.
Trial 99 finished with value: 0.39625631089083196 and parameters: {'filter_size': 19, 'reg_beta': 0.002, 'batch_size': 64}. Best is trial 23 with value: 0.35000284473203197.
HBox(children=(FloatProgress(value=0.0, description='Training', layout=Layout(flex='2'), max=450.0, style=Prog…
[I 2021-07-16 14:16:57,299] Trial 100 pruned. Trial was pruned at epoch 200.
Trial 100 pruned. Trial was pruned at epoch 200.
Trial 100 pruned. Trial was pruned at epoch 200.
HBox(children=(FloatProgress(value=0.0, description='Training', layout=Layout(flex='2'), max=450.0, style=Prog…

Epoch 00172: ReduceLROnPlateau reducing learning rate to 0.0012499999720603228.

Epoch 00229: ReduceLROnPlateau reducing learning rate to 0.0006249999860301614.

Epoch 00263: ReduceLROnPlateau reducing learning rate to 0.0003124999930150807.

Epoch 00291: ReduceLROnPlateau reducing learning rate to 0.00015624999650754035.

Epoch 00327: ReduceLROnPlateau reducing learning rate to 7.812499825377017e-05.

Epoch 00364: ReduceLROnPlateau reducing learning rate to 3.9062499126885086e-05.

Epoch 00389: ReduceLROnPlateau reducing learning rate to 1.9531249563442543e-05.

Calibration rmse=0.2621763555956748
Tuning rmse=0.5458448789797489
[I 2021-07-16 14:19:38,408] Trial 101 finished with value: 0.38752753472736795 and parameters: {'filter_size': 47, 'reg_beta': 0.002, 'batch_size': 128}. Best is trial 23 with value: 0.35000284473203197.
Trial 101 finished with value: 0.38752753472736795 and parameters: {'filter_size': 47, 'reg_beta': 0.002, 'batch_size': 128}. Best is trial 23 with value: 0.35000284473203197.
Trial 101 finished with value: 0.38752753472736795 and parameters: {'filter_size': 47, 'reg_beta': 0.002, 'batch_size': 128}. Best is trial 23 with value: 0.35000284473203197.
HBox(children=(FloatProgress(value=0.0, description='Training', layout=Layout(flex='2'), max=450.0, style=Prog…
[I 2021-07-16 14:20:33,005] Trial 102 pruned. Trial was pruned at epoch 200.
Trial 102 pruned. Trial was pruned at epoch 200.
Trial 102 pruned. Trial was pruned at epoch 200.
HBox(children=(FloatProgress(value=0.0, description='Training', layout=Layout(flex='2'), max=450.0, style=Prog…

Epoch 00208: ReduceLROnPlateau reducing learning rate to 0.0012499999720603228.

Epoch 00237: ReduceLROnPlateau reducing learning rate to 0.0006249999860301614.

Epoch 00262: ReduceLROnPlateau reducing learning rate to 0.0003124999930150807.

Calibration rmse=0.1881028754984676
Tuning rmse=0.5595393946229841
[I 2021-07-16 14:22:06,866] Trial 103 finished with value: 0.4186205184936238 and parameters: {'filter_size': 27, 'reg_beta': 0.0, 'batch_size': 128}. Best is trial 23 with value: 0.35000284473203197.
Trial 103 finished with value: 0.4186205184936238 and parameters: {'filter_size': 27, 'reg_beta': 0.0, 'batch_size': 128}. Best is trial 23 with value: 0.35000284473203197.
Trial 103 finished with value: 0.4186205184936238 and parameters: {'filter_size': 27, 'reg_beta': 0.0, 'batch_size': 128}. Best is trial 23 with value: 0.35000284473203197.
HBox(children=(FloatProgress(value=0.0, description='Training', layout=Layout(flex='2'), max=450.0, style=Prog…
[I 2021-07-16 14:22:44,273] Trial 104 pruned. Trial was pruned at epoch 50.
Trial 104 pruned. Trial was pruned at epoch 50.
Trial 104 pruned. Trial was pruned at epoch 50.
HBox(children=(FloatProgress(value=0.0, description='Training', layout=Layout(flex='2'), max=450.0, style=Prog…
[I 2021-07-16 14:23:21,088] Trial 105 pruned. Trial was pruned at epoch 50.
Trial 105 pruned. Trial was pruned at epoch 50.
Trial 105 pruned. Trial was pruned at epoch 50.
HBox(children=(FloatProgress(value=0.0, description='Training', layout=Layout(flex='2'), max=450.0, style=Prog…

Epoch 00166: ReduceLROnPlateau reducing learning rate to 0.0012499999720603228.
[I 2021-07-16 14:25:42,051] Trial 106 pruned. Trial was pruned at epoch 200.
Trial 106 pruned. Trial was pruned at epoch 200.
Trial 106 pruned. Trial was pruned at epoch 200.
HBox(children=(FloatProgress(value=0.0, description='Training', layout=Layout(flex='2'), max=450.0, style=Prog…
[I 2021-07-16 14:26:27,398] Trial 107 pruned. Trial was pruned at epoch 200.
Trial 107 pruned. Trial was pruned at epoch 200.
Trial 107 pruned. Trial was pruned at epoch 200.
HBox(children=(FloatProgress(value=0.0, description='Training', layout=Layout(flex='2'), max=450.0, style=Prog…

Epoch 00186: ReduceLROnPlateau reducing learning rate to 0.0012499999720603228.

Epoch 00295: ReduceLROnPlateau reducing learning rate to 0.0006249999860301614.

Epoch 00374: ReduceLROnPlateau reducing learning rate to 0.0003124999930150807.

Epoch 00449: ReduceLROnPlateau reducing learning rate to 0.00015624999650754035.

Calibration rmse=0.3366314794821258
Tuning rmse=0.5554414112000146
[I 2021-07-16 14:29:29,409] Trial 108 finished with value: 0.37531790974877666 and parameters: {'filter_size': 23, 'reg_beta': 0.0045000000000000005, 'batch_size': 128}. Best is trial 23 with value: 0.35000284473203197.
Trial 108 finished with value: 0.37531790974877666 and parameters: {'filter_size': 23, 'reg_beta': 0.0045000000000000005, 'batch_size': 128}. Best is trial 23 with value: 0.35000284473203197.
Trial 108 finished with value: 0.37531790974877666 and parameters: {'filter_size': 23, 'reg_beta': 0.0045000000000000005, 'batch_size': 128}. Best is trial 23 with value: 0.35000284473203197.
HBox(children=(FloatProgress(value=0.0, description='Training', layout=Layout(flex='2'), max=450.0, style=Prog…

Epoch 00138: ReduceLROnPlateau reducing learning rate to 0.0012499999720603228.

Epoch 00191: ReduceLROnPlateau reducing learning rate to 0.0006249999860301614.
[I 2021-07-16 14:31:49,260] Trial 109 pruned. Trial was pruned at epoch 200.
Trial 109 pruned. Trial was pruned at epoch 200.
Trial 109 pruned. Trial was pruned at epoch 200.
HBox(children=(FloatProgress(value=0.0, description='Training', layout=Layout(flex='2'), max=450.0, style=Prog…

Epoch 00176: ReduceLROnPlateau reducing learning rate to 0.0012499999720603228.

Epoch 00205: ReduceLROnPlateau reducing learning rate to 0.0006249999860301614.

Epoch 00260: ReduceLROnPlateau reducing learning rate to 0.0003124999930150807.

Epoch 00294: ReduceLROnPlateau reducing learning rate to 0.00015624999650754035.

Epoch 00337: ReduceLROnPlateau reducing learning rate to 7.812499825377017e-05.

Epoch 00362: ReduceLROnPlateau reducing learning rate to 3.9062499126885086e-05.

Calibration rmse=0.23645148722502962
Tuning rmse=0.5558879649248251
[I 2021-07-16 14:35:51,461] Trial 110 finished with value: 0.40449504433108013 and parameters: {'filter_size': 21, 'reg_beta': 0.001, 'batch_size': 64}. Best is trial 23 with value: 0.35000284473203197.
Trial 110 finished with value: 0.40449504433108013 and parameters: {'filter_size': 21, 'reg_beta': 0.001, 'batch_size': 64}. Best is trial 23 with value: 0.35000284473203197.
Trial 110 finished with value: 0.40449504433108013 and parameters: {'filter_size': 21, 'reg_beta': 0.001, 'batch_size': 64}. Best is trial 23 with value: 0.35000284473203197.
HBox(children=(FloatProgress(value=0.0, description='Training', layout=Layout(flex='2'), max=450.0, style=Prog…
[I 2021-07-16 14:36:26,729] Trial 111 pruned. Trial was pruned at epoch 50.
Trial 111 pruned. Trial was pruned at epoch 50.
Trial 111 pruned. Trial was pruned at epoch 50.
HBox(children=(FloatProgress(value=0.0, description='Training', layout=Layout(flex='2'), max=450.0, style=Prog…
[I 2021-07-16 14:36:46,009] Trial 112 pruned. Trial was pruned at epoch 50.
Trial 112 pruned. Trial was pruned at epoch 50.
Trial 112 pruned. Trial was pruned at epoch 50.
HBox(children=(FloatProgress(value=0.0, description='Training', layout=Layout(flex='2'), max=450.0, style=Prog…
[I 2021-07-16 14:37:31,576] Trial 113 pruned. Trial was pruned at epoch 200.
Trial 113 pruned. Trial was pruned at epoch 200.
Trial 113 pruned. Trial was pruned at epoch 200.
HBox(children=(FloatProgress(value=0.0, description='Training', layout=Layout(flex='2'), max=450.0, style=Prog…
[I 2021-07-16 14:38:07,149] Trial 114 pruned. Trial was pruned at epoch 50.
Trial 114 pruned. Trial was pruned at epoch 50.
Trial 114 pruned. Trial was pruned at epoch 50.
HBox(children=(FloatProgress(value=0.0, description='Training', layout=Layout(flex='2'), max=450.0, style=Prog…
[I 2021-07-16 14:40:18,732] Trial 115 pruned. Trial was pruned at epoch 200.
Trial 115 pruned. Trial was pruned at epoch 200.
Trial 115 pruned. Trial was pruned at epoch 200.
HBox(children=(FloatProgress(value=0.0, description='Training', layout=Layout(flex='2'), max=450.0, style=Prog…

Epoch 00128: ReduceLROnPlateau reducing learning rate to 0.0012499999720603228.
[I 2021-07-16 14:42:28,344] Trial 116 pruned. Trial was pruned at epoch 200.
Trial 116 pruned. Trial was pruned at epoch 200.
Trial 116 pruned. Trial was pruned at epoch 200.
HBox(children=(FloatProgress(value=0.0, description='Training', layout=Layout(flex='2'), max=450.0, style=Prog…
WARNING:tensorflow:Callback method `on_train_batch_end` is slow compared to the batch time (batch time: 0.0000s vs `on_train_batch_end` time: 0.0026s). Check your callbacks.

Epoch 00249: ReduceLROnPlateau reducing learning rate to 0.0012499999720603228.

Epoch 00281: ReduceLROnPlateau reducing learning rate to 0.0006249999860301614.

Epoch 00364: ReduceLROnPlateau reducing learning rate to 0.0003124999930150807.

Epoch 00407: ReduceLROnPlateau reducing learning rate to 0.00015624999650754035.

Calibration rmse=0.48281199013889886
Tuning rmse=0.5916502113024044
[I 2021-07-16 14:45:18,551] Trial 117 finished with value: 0.35429638300734995 and parameters: {'filter_size': 43, 'reg_beta': 0.0105, 'batch_size': 128}. Best is trial 23 with value: 0.35000284473203197.
Trial 117 finished with value: 0.35429638300734995 and parameters: {'filter_size': 43, 'reg_beta': 0.0105, 'batch_size': 128}. Best is trial 23 with value: 0.35000284473203197.
Trial 117 finished with value: 0.35429638300734995 and parameters: {'filter_size': 43, 'reg_beta': 0.0105, 'batch_size': 128}. Best is trial 23 with value: 0.35000284473203197.
HBox(children=(FloatProgress(value=0.0, description='Training', layout=Layout(flex='2'), max=450.0, style=Prog…

Epoch 00124: ReduceLROnPlateau reducing learning rate to 0.0012499999720603228.

Epoch 00151: ReduceLROnPlateau reducing learning rate to 0.0006249999860301614.

Epoch 00176: ReduceLROnPlateau reducing learning rate to 0.0003124999930150807.

Calibration rmse=0.24418211775091958
Tuning rmse=0.5505920788712367
[I 2021-07-16 14:47:09,856] Trial 118 finished with value: 0.39705940477883145 and parameters: {'filter_size': 27, 'reg_beta': 0.0, 'batch_size': 64}. Best is trial 23 with value: 0.35000284473203197.
Trial 118 finished with value: 0.39705940477883145 and parameters: {'filter_size': 27, 'reg_beta': 0.0, 'batch_size': 64}. Best is trial 23 with value: 0.35000284473203197.
Trial 118 finished with value: 0.39705940477883145 and parameters: {'filter_size': 27, 'reg_beta': 0.0, 'batch_size': 64}. Best is trial 23 with value: 0.35000284473203197.
HBox(children=(FloatProgress(value=0.0, description='Training', layout=Layout(flex='2'), max=450.0, style=Prog…
[I 2021-07-16 14:47:43,113] Trial 119 pruned. Trial was pruned at epoch 50.
Trial 119 pruned. Trial was pruned at epoch 50.
Trial 119 pruned. Trial was pruned at epoch 50.
HBox(children=(FloatProgress(value=0.0, description='Training', layout=Layout(flex='2'), max=450.0, style=Prog…

Epoch 00091: ReduceLROnPlateau reducing learning rate to 0.0012499999720603228.

Epoch 00162: ReduceLROnPlateau reducing learning rate to 0.0006249999860301614.

Epoch 00202: ReduceLROnPlateau reducing learning rate to 0.0003124999930150807.

Epoch 00229: ReduceLROnPlateau reducing learning rate to 0.00015624999650754035.

Epoch 00260: ReduceLROnPlateau reducing learning rate to 7.812499825377017e-05.

Epoch 00291: ReduceLROnPlateau reducing learning rate to 3.9062499126885086e-05.

Epoch 00337: ReduceLROnPlateau reducing learning rate to 1.9531249563442543e-05.

Epoch 00362: ReduceLROnPlateau reducing learning rate to 9.765624781721272e-06.

Calibration rmse=0.1456922028464531
Tuning rmse=0.5401372837469925
[I 2021-07-16 14:51:38,212] Trial 120 finished with value: 0.4053296755351598 and parameters: {'filter_size': 23, 'reg_beta': 0.0005, 'batch_size': 64}. Best is trial 23 with value: 0.35000284473203197.
Trial 120 finished with value: 0.4053296755351598 and parameters: {'filter_size': 23, 'reg_beta': 0.0005, 'batch_size': 64}. Best is trial 23 with value: 0.35000284473203197.
Trial 120 finished with value: 0.4053296755351598 and parameters: {'filter_size': 23, 'reg_beta': 0.0005, 'batch_size': 64}. Best is trial 23 with value: 0.35000284473203197.
HBox(children=(FloatProgress(value=0.0, description='Training', layout=Layout(flex='2'), max=450.0, style=Prog…
[I 2021-07-16 14:53:51,886] Trial 121 pruned. Trial was pruned at epoch 200.
Trial 121 pruned. Trial was pruned at epoch 200.
Trial 121 pruned. Trial was pruned at epoch 200.
HBox(children=(FloatProgress(value=0.0, description='Training', layout=Layout(flex='2'), max=450.0, style=Prog…
[I 2021-07-16 14:54:39,327] Trial 122 pruned. Trial was pruned at epoch 200.
Trial 122 pruned. Trial was pruned at epoch 200.
Trial 122 pruned. Trial was pruned at epoch 200.
HBox(children=(FloatProgress(value=0.0, description='Training', layout=Layout(flex='2'), max=450.0, style=Prog…
[I 2021-07-16 14:55:11,993] Trial 123 pruned. Trial was pruned at epoch 50.
Trial 123 pruned. Trial was pruned at epoch 50.
Trial 123 pruned. Trial was pruned at epoch 50.
HBox(children=(FloatProgress(value=0.0, description='Training', layout=Layout(flex='2'), max=450.0, style=Prog…
[I 2021-07-16 14:55:45,591] Trial 124 pruned. Trial was pruned at epoch 50.
Trial 124 pruned. Trial was pruned at epoch 50.
Trial 124 pruned. Trial was pruned at epoch 50.
HBox(children=(FloatProgress(value=0.0, description='Training', layout=Layout(flex='2'), max=450.0, style=Prog…

Epoch 00175: ReduceLROnPlateau reducing learning rate to 0.0012499999720603228.
[I 2021-07-16 14:56:38,245] Trial 125 pruned. Trial was pruned at epoch 200.
Trial 125 pruned. Trial was pruned at epoch 200.
Trial 125 pruned. Trial was pruned at epoch 200.
HBox(children=(FloatProgress(value=0.0, description='Training', layout=Layout(flex='2'), max=450.0, style=Prog…
WARNING:tensorflow:Callback method `on_train_batch_end` is slow compared to the batch time (batch time: 0.0000s vs `on_train_batch_end` time: 0.0026s). Check your callbacks.

Epoch 00138: ReduceLROnPlateau reducing learning rate to 0.0012499999720603228.

Epoch 00183: ReduceLROnPlateau reducing learning rate to 0.0006249999860301614.
[I 2021-07-16 14:58:48,953] Trial 126 pruned. Trial was pruned at epoch 200.
Trial 126 pruned. Trial was pruned at epoch 200.
Trial 126 pruned. Trial was pruned at epoch 200.
HBox(children=(FloatProgress(value=0.0, description='Training', layout=Layout(flex='2'), max=450.0, style=Prog…

Epoch 00158: ReduceLROnPlateau reducing learning rate to 0.0012499999720603228.
[I 2021-07-16 15:01:01,555] Trial 127 pruned. Trial was pruned at epoch 200.
Trial 127 pruned. Trial was pruned at epoch 200.
Trial 127 pruned. Trial was pruned at epoch 200.
HBox(children=(FloatProgress(value=0.0, description='Training', layout=Layout(flex='2'), max=450.0, style=Prog…
