Trial 308 finished with value: 0.3844616176479496 and parameters: {'filter_size': 41, 'reg_beta': 0.0045000000000000005, 'batch_size': 128}. Best is trial 156 with value: 0.3480654454179174.
HBox(children=(FloatProgress(value=0.0, description='Training', layout=Layout(flex='2'), max=450.0, style=Prog…
[I 2021-07-16 20:23:59,695] Trial 309 pruned. Trial was pruned at epoch 50.
Trial 309 pruned. Trial was pruned at epoch 50.
Trial 309 pruned. Trial was pruned at epoch 50.
HBox(children=(FloatProgress(value=0.0, description='Training', layout=Layout(flex='2'), max=450.0, style=Prog…
[I 2021-07-16 20:24:33,106] Trial 310 pruned. Trial was pruned at epoch 50.
Trial 310 pruned. Trial was pruned at epoch 50.
Trial 310 pruned. Trial was pruned at epoch 50.
HBox(children=(FloatProgress(value=0.0, description='Training', layout=Layout(flex='2'), max=450.0, style=Prog…
[I 2021-07-16 20:25:27,295] Trial 311 pruned. Trial was pruned at epoch 200.
Trial 311 pruned. Trial was pruned at epoch 200.
Trial 311 pruned. Trial was pruned at epoch 200.
HBox(children=(FloatProgress(value=0.0, description='Training', layout=Layout(flex='2'), max=450.0, style=Prog…
[I 2021-07-16 20:26:00,210] Trial 312 pruned. Trial was pruned at epoch 50.
Trial 312 pruned. Trial was pruned at epoch 50.
Trial 312 pruned. Trial was pruned at epoch 50.
HBox(children=(FloatProgress(value=0.0, description='Training', layout=Layout(flex='2'), max=450.0, style=Prog…
[I 2021-07-16 20:26:33,301] Trial 313 pruned. Trial was pruned at epoch 50.
Trial 313 pruned. Trial was pruned at epoch 50.
Trial 313 pruned. Trial was pruned at epoch 50.
HBox(children=(FloatProgress(value=0.0, description='Training', layout=Layout(flex='2'), max=450.0, style=Prog…
[I 2021-07-16 20:26:51,400] Trial 314 pruned. Trial was pruned at epoch 50.
Trial 314 pruned. Trial was pruned at epoch 50.
Trial 314 pruned. Trial was pruned at epoch 50.
HBox(children=(FloatProgress(value=0.0, description='Training', layout=Layout(flex='2'), max=450.0, style=Prog…

Epoch 00102: ReduceLROnPlateau reducing learning rate to 0.0012499999720603228.

Epoch 00134: ReduceLROnPlateau reducing learning rate to 0.0006249999860301614.

Epoch 00162: ReduceLROnPlateau reducing learning rate to 0.0003124999930150807.

Epoch 00187: ReduceLROnPlateau reducing learning rate to 0.00015624999650754035.

Calibration rmse=0.20030999969136012
Tuning rmse=0.5458549796124427
[I 2021-07-16 20:28:42,956] Trial 315 finished with value: 0.4018442712018951 and parameters: {'filter_size': 35, 'reg_beta': 0.0, 'batch_size': 64}. Best is trial 156 with value: 0.3480654454179174.
Trial 315 finished with value: 0.4018442712018951 and parameters: {'filter_size': 35, 'reg_beta': 0.0, 'batch_size': 64}. Best is trial 156 with value: 0.3480654454179174.
Trial 315 finished with value: 0.4018442712018951 and parameters: {'filter_size': 35, 'reg_beta': 0.0, 'batch_size': 64}. Best is trial 156 with value: 0.3480654454179174.
HBox(children=(FloatProgress(value=0.0, description='Training', layout=Layout(flex='2'), max=450.0, style=Prog…

Epoch 00102: ReduceLROnPlateau reducing learning rate to 0.0012499999720603228.

Epoch 00134: ReduceLROnPlateau reducing learning rate to 0.0006249999860301614.

Epoch 00162: ReduceLROnPlateau reducing learning rate to 0.0003124999930150807.

Epoch 00187: ReduceLROnPlateau reducing learning rate to 0.00015624999650754035.

Calibration rmse=0.19921665564539437
Tuning rmse=0.5459213115560724
[I 2021-07-16 20:30:32,181] Trial 316 finished with value: 0.4021320570403195 and parameters: {'filter_size': 35, 'reg_beta': 0.0, 'batch_size': 64}. Best is trial 156 with value: 0.3480654454179174.
Trial 316 finished with value: 0.4021320570403195 and parameters: {'filter_size': 35, 'reg_beta': 0.0, 'batch_size': 64}. Best is trial 156 with value: 0.3480654454179174.
Trial 316 finished with value: 0.4021320570403195 and parameters: {'filter_size': 35, 'reg_beta': 0.0, 'batch_size': 64}. Best is trial 156 with value: 0.3480654454179174.
HBox(children=(FloatProgress(value=0.0, description='Training', layout=Layout(flex='2'), max=450.0, style=Prog…

Epoch 00130: ReduceLROnPlateau reducing learning rate to 0.0012499999720603228.

Epoch 00165: ReduceLROnPlateau reducing learning rate to 0.0006249999860301614.

Epoch 00191: ReduceLROnPlateau reducing learning rate to 0.0003124999930150807.

Epoch 00216: ReduceLROnPlateau reducing learning rate to 0.00015624999650754035.

Calibration rmse=0.2376164009925309
Tuning rmse=0.5654962266632525
[I 2021-07-16 20:31:45,020] Trial 317 finished with value: 0.4144103275064929 and parameters: {'filter_size': 37, 'reg_beta': 0.0, 'batch_size': 128}. Best is trial 156 with value: 0.3480654454179174.
Trial 317 finished with value: 0.4144103275064929 and parameters: {'filter_size': 37, 'reg_beta': 0.0, 'batch_size': 128}. Best is trial 156 with value: 0.3480654454179174.
Trial 317 finished with value: 0.4144103275064929 and parameters: {'filter_size': 37, 'reg_beta': 0.0, 'batch_size': 128}. Best is trial 156 with value: 0.3480654454179174.
HBox(children=(FloatProgress(value=0.0, description='Training', layout=Layout(flex='2'), max=450.0, style=Prog…

Epoch 00139: ReduceLROnPlateau reducing learning rate to 0.0012499999720603228.
[I 2021-07-16 20:33:53,481] Trial 318 pruned. Trial was pruned at epoch 200.
Trial 318 pruned. Trial was pruned at epoch 200.
Trial 318 pruned. Trial was pruned at epoch 200.
HBox(children=(FloatProgress(value=0.0, description='Training', layout=Layout(flex='2'), max=450.0, style=Prog…
[I 2021-07-16 20:34:26,662] Trial 319 pruned. Trial was pruned at epoch 50.
Trial 319 pruned. Trial was pruned at epoch 50.
Trial 319 pruned. Trial was pruned at epoch 50.
HBox(children=(FloatProgress(value=0.0, description='Training', layout=Layout(flex='2'), max=450.0, style=Prog…
[I 2021-07-16 20:35:21,988] Trial 320 pruned. Trial was pruned at epoch 200.
Trial 320 pruned. Trial was pruned at epoch 200.
Trial 320 pruned. Trial was pruned at epoch 200.
HBox(children=(FloatProgress(value=0.0, description='Training', layout=Layout(flex='2'), max=450.0, style=Prog…
[I 2021-07-16 20:35:55,363] Trial 321 pruned. Trial was pruned at epoch 50.
Trial 321 pruned. Trial was pruned at epoch 50.
Trial 321 pruned. Trial was pruned at epoch 50.
HBox(children=(FloatProgress(value=0.0, description='Training', layout=Layout(flex='2'), max=450.0, style=Prog…
[I 2021-07-16 20:36:28,542] Trial 322 pruned. Trial was pruned at epoch 50.
Trial 322 pruned. Trial was pruned at epoch 50.
Trial 322 pruned. Trial was pruned at epoch 50.
HBox(children=(FloatProgress(value=0.0, description='Training', layout=Layout(flex='2'), max=450.0, style=Prog…
[I 2021-07-16 20:37:02,372] Trial 323 pruned. Trial was pruned at epoch 50.
Trial 323 pruned. Trial was pruned at epoch 50.
Trial 323 pruned. Trial was pruned at epoch 50.
HBox(children=(FloatProgress(value=0.0, description='Training', layout=Layout(flex='2'), max=450.0, style=Prog…

Epoch 00113: ReduceLROnPlateau reducing learning rate to 0.0012499999720603228.
[I 2021-07-16 20:39:14,464] Trial 324 pruned. Trial was pruned at epoch 200.
Trial 324 pruned. Trial was pruned at epoch 200.
Trial 324 pruned. Trial was pruned at epoch 200.
HBox(children=(FloatProgress(value=0.0, description='Training', layout=Layout(flex='2'), max=450.0, style=Prog…
[I 2021-07-16 20:40:26,116] Trial 325 pruned. Trial was pruned at epoch 200.
Trial 325 pruned. Trial was pruned at epoch 200.
Trial 325 pruned. Trial was pruned at epoch 200.
HBox(children=(FloatProgress(value=0.0, description='Training', layout=Layout(flex='2'), max=450.0, style=Prog…

Epoch 00162: ReduceLROnPlateau reducing learning rate to 0.0012499999720603228.

Epoch 00192: ReduceLROnPlateau reducing learning rate to 0.0006249999860301614.

Epoch 00217: ReduceLROnPlateau reducing learning rate to 0.0003124999930150807.

Calibration rmse=0.19037074619620376
Tuning rmse=0.5599612323506075
[I 2021-07-16 20:42:34,612] Trial 326 finished with value: 0.4186383965394595 and parameters: {'filter_size': 37, 'reg_beta': 0.0, 'batch_size': 64}. Best is trial 156 with value: 0.3480654454179174.
Trial 326 finished with value: 0.4186383965394595 and parameters: {'filter_size': 37, 'reg_beta': 0.0, 'batch_size': 64}. Best is trial 156 with value: 0.3480654454179174.
Trial 326 finished with value: 0.4186383965394595 and parameters: {'filter_size': 37, 'reg_beta': 0.0, 'batch_size': 64}. Best is trial 156 with value: 0.3480654454179174.
HBox(children=(FloatProgress(value=0.0, description='Training', layout=Layout(flex='2'), max=450.0, style=Prog…
[I 2021-07-16 20:43:07,374] Trial 327 pruned. Trial was pruned at epoch 50.
Trial 327 pruned. Trial was pruned at epoch 50.
Trial 327 pruned. Trial was pruned at epoch 50.
HBox(children=(FloatProgress(value=0.0, description='Training', layout=Layout(flex='2'), max=450.0, style=Prog…

Epoch 00114: ReduceLROnPlateau reducing learning rate to 0.0012499999720603228.

Epoch 00142: ReduceLROnPlateau reducing learning rate to 0.0006249999860301614.

Epoch 00169: ReduceLROnPlateau reducing learning rate to 0.0003124999930150807.

Epoch 00194: ReduceLROnPlateau reducing learning rate to 0.00015624999650754035.

Calibration rmse=0.19121493295424843
Tuning rmse=0.5492571311334955
[I 2021-07-16 20:45:03,216] Trial 328 finished with value: 0.40718868832489785 and parameters: {'filter_size': 33, 'reg_beta': 0.0, 'batch_size': 64}. Best is trial 156 with value: 0.3480654454179174.
Trial 328 finished with value: 0.40718868832489785 and parameters: {'filter_size': 33, 'reg_beta': 0.0, 'batch_size': 64}. Best is trial 156 with value: 0.3480654454179174.
Trial 328 finished with value: 0.40718868832489785 and parameters: {'filter_size': 33, 'reg_beta': 0.0, 'batch_size': 64}. Best is trial 156 with value: 0.3480654454179174.
HBox(children=(FloatProgress(value=0.0, description='Training', layout=Layout(flex='2'), max=450.0, style=Prog…

Epoch 00126: ReduceLROnPlateau reducing learning rate to 0.0012499999720603228.
[I 2021-07-16 20:47:12,019] Trial 329 pruned. Trial was pruned at epoch 200.
Trial 329 pruned. Trial was pruned at epoch 200.
Trial 329 pruned. Trial was pruned at epoch 200.
HBox(children=(FloatProgress(value=0.0, description='Training', layout=Layout(flex='2'), max=450.0, style=Prog…
[I 2021-07-16 20:47:45,659] Trial 330 pruned. Trial was pruned at epoch 50.
Trial 330 pruned. Trial was pruned at epoch 50.
Trial 330 pruned. Trial was pruned at epoch 50.
HBox(children=(FloatProgress(value=0.0, description='Training', layout=Layout(flex='2'), max=450.0, style=Prog…
[I 2021-07-16 20:49:54,626] Trial 331 pruned. Trial was pruned at epoch 200.
Trial 331 pruned. Trial was pruned at epoch 200.
Trial 331 pruned. Trial was pruned at epoch 200.
HBox(children=(FloatProgress(value=0.0, description='Training', layout=Layout(flex='2'), max=450.0, style=Prog…

Epoch 00109: ReduceLROnPlateau reducing learning rate to 0.0012499999720603228.

Epoch 00193: ReduceLROnPlateau reducing learning rate to 0.0006249999860301614.
[I 2021-07-16 20:52:02,874] Trial 332 pruned. Trial was pruned at epoch 200.
Trial 332 pruned. Trial was pruned at epoch 200.
Trial 332 pruned. Trial was pruned at epoch 200.
HBox(children=(FloatProgress(value=0.0, description='Training', layout=Layout(flex='2'), max=450.0, style=Prog…

Epoch 00191: ReduceLROnPlateau reducing learning rate to 0.0012499999720603228.
[I 2021-07-16 20:52:55,909] Trial 333 pruned. Trial was pruned at epoch 200.
Trial 333 pruned. Trial was pruned at epoch 200.
Trial 333 pruned. Trial was pruned at epoch 200.
HBox(children=(FloatProgress(value=0.0, description='Training', layout=Layout(flex='2'), max=450.0, style=Prog…
[I 2021-07-16 20:53:14,626] Trial 334 pruned. Trial was pruned at epoch 50.
Trial 334 pruned. Trial was pruned at epoch 50.
Trial 334 pruned. Trial was pruned at epoch 50.
HBox(children=(FloatProgress(value=0.0, description='Training', layout=Layout(flex='2'), max=450.0, style=Prog…

Epoch 00134: ReduceLROnPlateau reducing learning rate to 0.0012499999720603228.

Epoch 00198: ReduceLROnPlateau reducing learning rate to 0.0006249999860301614.

Epoch 00238: ReduceLROnPlateau reducing learning rate to 0.0003124999930150807.

Epoch 00264: ReduceLROnPlateau reducing learning rate to 0.00015624999650754035.

Epoch 00298: ReduceLROnPlateau reducing learning rate to 7.812499825377017e-05.

Epoch 00323: ReduceLROnPlateau reducing learning rate to 3.9062499126885086e-05.

Calibration rmse=0.1726647407290927
Tuning rmse=0.5557305375010474
[I 2021-07-16 20:56:38,263] Trial 335 finished with value: 0.4173769275606028 and parameters: {'filter_size': 21, 'reg_beta': 0.0005, 'batch_size': 64}. Best is trial 156 with value: 0.3480654454179174.
Trial 335 finished with value: 0.4173769275606028 and parameters: {'filter_size': 21, 'reg_beta': 0.0005, 'batch_size': 64}. Best is trial 156 with value: 0.3480654454179174.
Trial 335 finished with value: 0.4173769275606028 and parameters: {'filter_size': 21, 'reg_beta': 0.0005, 'batch_size': 64}. Best is trial 156 with value: 0.3480654454179174.
HBox(children=(FloatProgress(value=0.0, description='Training', layout=Layout(flex='2'), max=450.0, style=Prog…
[I 2021-07-16 20:56:57,201] Trial 336 pruned. Trial was pruned at epoch 50.
Trial 336 pruned. Trial was pruned at epoch 50.
Trial 336 pruned. Trial was pruned at epoch 50.
HBox(children=(FloatProgress(value=0.0, description='Training', layout=Layout(flex='2'), max=450.0, style=Prog…
[I 2021-07-16 20:57:29,610] Trial 337 pruned. Trial was pruned at epoch 50.
Trial 337 pruned. Trial was pruned at epoch 50.
Trial 337 pruned. Trial was pruned at epoch 50.
HBox(children=(FloatProgress(value=0.0, description='Training', layout=Layout(flex='2'), max=450.0, style=Prog…

Epoch 00100: ReduceLROnPlateau reducing learning rate to 0.0012499999720603228.

Epoch 00129: ReduceLROnPlateau reducing learning rate to 0.0006249999860301614.

Epoch 00154: ReduceLROnPlateau reducing learning rate to 0.0003124999930150807.

Calibration rmse=0.2760512767174577
Tuning rmse=0.5674213652389865
[I 2021-07-16 20:59:01,675] Trial 338 finished with value: 0.40659203179566167 and parameters: {'filter_size': 25, 'reg_beta': 0.0, 'batch_size': 64}. Best is trial 156 with value: 0.3480654454179174.
Trial 338 finished with value: 0.40659203179566167 and parameters: {'filter_size': 25, 'reg_beta': 0.0, 'batch_size': 64}. Best is trial 156 with value: 0.3480654454179174.
Trial 338 finished with value: 0.40659203179566167 and parameters: {'filter_size': 25, 'reg_beta': 0.0, 'batch_size': 64}. Best is trial 156 with value: 0.3480654454179174.
HBox(children=(FloatProgress(value=0.0, description='Training', layout=Layout(flex='2'), max=450.0, style=Prog…
[I 2021-07-16 20:59:35,479] Trial 339 pruned. Trial was pruned at epoch 50.
Trial 339 pruned. Trial was pruned at epoch 50.
Trial 339 pruned. Trial was pruned at epoch 50.
HBox(children=(FloatProgress(value=0.0, description='Training', layout=Layout(flex='2'), max=450.0, style=Prog…

Epoch 00170: ReduceLROnPlateau reducing learning rate to 0.0012499999720603228.
[I 2021-07-16 21:00:47,830] Trial 340 pruned. Trial was pruned at epoch 200.
Trial 340 pruned. Trial was pruned at epoch 200.
Trial 340 pruned. Trial was pruned at epoch 200.
HBox(children=(FloatProgress(value=0.0, description='Training', layout=Layout(flex='2'), max=450.0, style=Prog…
[I 2021-07-16 21:01:57,075] Trial 341 pruned. Trial was pruned at epoch 200.
Trial 341 pruned. Trial was pruned at epoch 200.
Trial 341 pruned. Trial was pruned at epoch 200.
HBox(children=(FloatProgress(value=0.0, description='Training', layout=Layout(flex='2'), max=450.0, style=Prog…

Epoch 00172: ReduceLROnPlateau reducing learning rate to 0.0012499999720603228.

Epoch 00213: ReduceLROnPlateau reducing learning rate to 0.0006249999860301614.

Epoch 00281: ReduceLROnPlateau reducing learning rate to 0.0003124999930150807.

Epoch 00321: ReduceLROnPlateau reducing learning rate to 0.00015624999650754035.

Epoch 00389: ReduceLROnPlateau reducing learning rate to 7.812499825377017e-05.

Epoch 00429: ReduceLROnPlateau reducing learning rate to 3.9062499126885086e-05.

Calibration rmse=0.3916108280141687
Tuning rmse=0.5818529047801791
[I 2021-07-16 21:04:33,221] Trial 342 finished with value: 0.38352333348168427 and parameters: {'filter_size': 49, 'reg_beta': 0.006, 'batch_size': 128}. Best is trial 156 with value: 0.3480654454179174.
Trial 342 finished with value: 0.38352333348168427 and parameters: {'filter_size': 49, 'reg_beta': 0.006, 'batch_size': 128}. Best is trial 156 with value: 0.3480654454179174.
Trial 342 finished with value: 0.38352333348168427 and parameters: {'filter_size': 49, 'reg_beta': 0.006, 'batch_size': 128}. Best is trial 156 with value: 0.3480654454179174.
HBox(children=(FloatProgress(value=0.0, description='Training', layout=Layout(flex='2'), max=450.0, style=Prog…

Epoch 00175: ReduceLROnPlateau reducing learning rate to 0.0012499999720603228.
[I 2021-07-16 21:05:26,489] Trial 343 pruned. Trial was pruned at epoch 200.
Trial 343 pruned. Trial was pruned at epoch 200.
Trial 343 pruned. Trial was pruned at epoch 200.
HBox(children=(FloatProgress(value=0.0, description='Training', layout=Layout(flex='2'), max=450.0, style=Prog…

Epoch 00089: ReduceLROnPlateau reducing learning rate to 0.0012499999720603228.

Epoch 00123: ReduceLROnPlateau reducing learning rate to 0.0006249999860301614.

Epoch 00151: ReduceLROnPlateau reducing learning rate to 0.0003124999930150807.

Epoch 00176: ReduceLROnPlateau reducing learning rate to 0.00015624999650754035.

Calibration rmse=0.21347551755658134
Tuning rmse=0.5613755802702809
[I 2021-07-16 21:07:12,273] Trial 344 finished with value: 0.4154731628990126 and parameters: {'filter_size': 27, 'reg_beta': 0.0, 'batch_size': 64}. Best is trial 156 with value: 0.3480654454179174.
Trial 344 finished with value: 0.4154731628990126 and parameters: {'filter_size': 27, 'reg_beta': 0.0, 'batch_size': 64}. Best is trial 156 with value: 0.3480654454179174.
Trial 344 finished with value: 0.4154731628990126 and parameters: {'filter_size': 27, 'reg_beta': 0.0, 'batch_size': 64}. Best is trial 156 with value: 0.3480654454179174.
HBox(children=(FloatProgress(value=0.0, description='Training', layout=Layout(flex='2'), max=450.0, style=Prog…

Epoch 00165: ReduceLROnPlateau reducing learning rate to 0.0012499999720603228.

Epoch 00213: ReduceLROnPlateau reducing learning rate to 0.0006249999860301614.

Epoch 00281: ReduceLROnPlateau reducing learning rate to 0.0003124999930150807.

Epoch 00321: ReduceLROnPlateau reducing learning rate to 0.00015624999650754035.

Epoch 00379: ReduceLROnPlateau reducing learning rate to 7.812499825377017e-05.

Epoch 00429: ReduceLROnPlateau reducing learning rate to 3.9062499126885086e-05.

Calibration rmse=0.42896701055788083
Tuning rmse=0.5796323662627706
[I 2021-07-16 21:09:50,390] Trial 345 finished with value: 0.3657966750675921 and parameters: {'filter_size': 47, 'reg_beta': 0.0085, 'batch_size': 128}. Best is trial 156 with value: 0.3480654454179174.
Trial 345 finished with value: 0.3657966750675921 and parameters: {'filter_size': 47, 'reg_beta': 0.0085, 'batch_size': 128}. Best is trial 156 with value: 0.3480654454179174.
Trial 345 finished with value: 0.3657966750675921 and parameters: {'filter_size': 47, 'reg_beta': 0.0085, 'batch_size': 128}. Best is trial 156 with value: 0.3480654454179174.
HBox(children=(FloatProgress(value=0.0, description='Training', layout=Layout(flex='2'), max=450.0, style=Prog…

Epoch 00129: ReduceLROnPlateau reducing learning rate to 0.0012499999720603228.

Epoch 00156: ReduceLROnPlateau reducing learning rate to 0.0006249999860301614.

Epoch 00181: ReduceLROnPlateau reducing learning rate to 0.0003124999930150807.

Calibration rmse=0.23444707874762985
Tuning rmse=0.5523046433823593
[I 2021-07-16 21:11:35,961] Trial 346 finished with value: 0.4011898148753885 and parameters: {'filter_size': 31, 'reg_beta': 0.0, 'batch_size': 64}. Best is trial 156 with value: 0.3480654454179174.
Trial 346 finished with value: 0.4011898148753885 and parameters: {'filter_size': 31, 'reg_beta': 0.0, 'batch_size': 64}. Best is trial 156 with value: 0.3480654454179174.
Trial 346 finished with value: 0.4011898148753885 and parameters: {'filter_size': 31, 'reg_beta': 0.0, 'batch_size': 64}. Best is trial 156 with value: 0.3480654454179174.
HBox(children=(FloatProgress(value=0.0, description='Training', layout=Layout(flex='2'), max=450.0, style=Prog…
[I 2021-07-16 21:12:08,905] Trial 347 pruned. Trial was pruned at epoch 50.
Trial 347 pruned. Trial was pruned at epoch 50.
Trial 347 pruned. Trial was pruned at epoch 50.
HBox(children=(FloatProgress(value=0.0, description='Training', layout=Layout(flex='2'), max=450.0, style=Prog…

Epoch 00168: ReduceLROnPlateau reducing learning rate to 0.0012499999720603228.
[I 2021-07-16 21:13:20,544] Trial 348 pruned. Trial was pruned at epoch 200.
Trial 348 pruned. Trial was pruned at epoch 200.
Trial 348 pruned. Trial was pruned at epoch 200.
HBox(children=(FloatProgress(value=0.0, description='Training', layout=Layout(flex='2'), max=450.0, style=Prog…
[I 2021-07-16 21:13:53,026] Trial 349 pruned. Trial was pruned at epoch 50.
Trial 349 pruned. Trial was pruned at epoch 50.
Trial 349 pruned. Trial was pruned at epoch 50.
HBox(children=(FloatProgress(value=0.0, description='Training', layout=Layout(flex='2'), max=450.0, style=Prog…

Epoch 00127: ReduceLROnPlateau reducing learning rate to 0.0012499999720603228.

Epoch 00166: ReduceLROnPlateau reducing learning rate to 0.0006249999860301614.

Epoch 00284: ReduceLROnPlateau reducing learning rate to 0.0003124999930150807.

Epoch 00325: ReduceLROnPlateau reducing learning rate to 0.00015624999650754035.

Epoch 00359: ReduceLROnPlateau reducing learning rate to 7.812499825377017e-05.

Epoch 00384: ReduceLROnPlateau reducing learning rate to 3.9062499126885086e-05.

Calibration rmse=0.15430946540166265
Tuning rmse=0.5377064940332316
