Trial 424 pruned. Trial was pruned at epoch 200.
HBox(children=(FloatProgress(value=0.0, description='Training', layout=Layout(flex='2'), max=450.0, style=Prog…

Epoch 00158: ReduceLROnPlateau reducing learning rate to 0.0012499999720603228.

Epoch 00240: ReduceLROnPlateau reducing learning rate to 0.0006249999860301614.

Epoch 00297: ReduceLROnPlateau reducing learning rate to 0.0003124999930150807.

Epoch 00337: ReduceLROnPlateau reducing learning rate to 0.00015624999650754035.

Epoch 00400: ReduceLROnPlateau reducing learning rate to 7.812499825377017e-05.

Epoch 00425: ReduceLROnPlateau reducing learning rate to 3.9062499126885086e-05.

Calibration rmse=0.44447689964420173
Tuning rmse=0.5770113244788292
[I 2021-07-16 23:35:49,293] Trial 425 finished with value: 0.3561968393691601 and parameters: {'filter_size': 45, 'reg_beta': 0.0055, 'batch_size': 64}. Best is trial 156 with value: 0.3480654454179174.
Trial 425 finished with value: 0.3561968393691601 and parameters: {'filter_size': 45, 'reg_beta': 0.0055, 'batch_size': 64}. Best is trial 156 with value: 0.3480654454179174.
Trial 425 finished with value: 0.3561968393691601 and parameters: {'filter_size': 45, 'reg_beta': 0.0055, 'batch_size': 64}. Best is trial 156 with value: 0.3480654454179174.
HBox(children=(FloatProgress(value=0.0, description='Training', layout=Layout(flex='2'), max=450.0, style=Prog…

Epoch 00204: ReduceLROnPlateau reducing learning rate to 0.0012499999720603228.

Epoch 00232: ReduceLROnPlateau reducing learning rate to 0.0006249999860301614.

Epoch 00257: ReduceLROnPlateau reducing learning rate to 0.0003124999930150807.

Calibration rmse=0.15070073245983667
Tuning rmse=0.5603799072840414
[I 2021-07-16 23:38:20,406] Trial 426 finished with value: 0.4258474185038905 and parameters: {'filter_size': 37, 'reg_beta': 0.0, 'batch_size': 64}. Best is trial 156 with value: 0.3480654454179174.
Trial 426 finished with value: 0.4258474185038905 and parameters: {'filter_size': 37, 'reg_beta': 0.0, 'batch_size': 64}. Best is trial 156 with value: 0.3480654454179174.
Trial 426 finished with value: 0.4258474185038905 and parameters: {'filter_size': 37, 'reg_beta': 0.0, 'batch_size': 64}. Best is trial 156 with value: 0.3480654454179174.
HBox(children=(FloatProgress(value=0.0, description='Training', layout=Layout(flex='2'), max=450.0, style=Prog…

Epoch 00158: ReduceLROnPlateau reducing learning rate to 0.0012499999720603228.
[I 2021-07-16 23:40:26,862] Trial 427 pruned. Trial was pruned at epoch 200.
Trial 427 pruned. Trial was pruned at epoch 200.
Trial 427 pruned. Trial was pruned at epoch 200.
HBox(children=(FloatProgress(value=0.0, description='Training', layout=Layout(flex='2'), max=450.0, style=Prog…
[I 2021-07-16 23:40:59,448] Trial 428 pruned. Trial was pruned at epoch 50.
Trial 428 pruned. Trial was pruned at epoch 50.
Trial 428 pruned. Trial was pruned at epoch 50.
HBox(children=(FloatProgress(value=0.0, description='Training', layout=Layout(flex='2'), max=450.0, style=Prog…
[I 2021-07-16 23:41:32,003] Trial 429 pruned. Trial was pruned at epoch 50.
Trial 429 pruned. Trial was pruned at epoch 50.
Trial 429 pruned. Trial was pruned at epoch 50.
HBox(children=(FloatProgress(value=0.0, description='Training', layout=Layout(flex='2'), max=450.0, style=Prog…

Epoch 00190: ReduceLROnPlateau reducing learning rate to 0.0012499999720603228.

Epoch 00232: ReduceLROnPlateau reducing learning rate to 0.0006249999860301614.

Epoch 00294: ReduceLROnPlateau reducing learning rate to 0.0003124999930150807.

Epoch 00329: ReduceLROnPlateau reducing learning rate to 0.00015624999650754035.

Epoch 00358: ReduceLROnPlateau reducing learning rate to 7.812499825377017e-05.

Calibration rmse=0.4673912701158347
Tuning rmse=0.5924255003548445
[I 2021-07-16 23:46:19,695] Trial 430 finished with value: 0.3624694372225196 and parameters: {'filter_size': 51, 'reg_beta': 0.006, 'batch_size': 64}. Best is trial 156 with value: 0.3480654454179174.
Trial 430 finished with value: 0.3624694372225196 and parameters: {'filter_size': 51, 'reg_beta': 0.006, 'batch_size': 64}. Best is trial 156 with value: 0.3480654454179174.
Trial 430 finished with value: 0.3624694372225196 and parameters: {'filter_size': 51, 'reg_beta': 0.006, 'batch_size': 64}. Best is trial 156 with value: 0.3480654454179174.
HBox(children=(FloatProgress(value=0.0, description='Training', layout=Layout(flex='2'), max=450.0, style=Prog…

Epoch 00117: ReduceLROnPlateau reducing learning rate to 0.0012499999720603228.

Epoch 00149: ReduceLROnPlateau reducing learning rate to 0.0006249999860301614.

Epoch 00174: ReduceLROnPlateau reducing learning rate to 0.0003124999930150807.

Calibration rmse=0.2460622161764766
Tuning rmse=0.5742211893250431
[I 2021-07-16 23:48:02,542] Trial 431 finished with value: 0.42170227468261545 and parameters: {'filter_size': 41, 'reg_beta': 0.0, 'batch_size': 64}. Best is trial 156 with value: 0.3480654454179174.
Trial 431 finished with value: 0.42170227468261545 and parameters: {'filter_size': 41, 'reg_beta': 0.0, 'batch_size': 64}. Best is trial 156 with value: 0.3480654454179174.
Trial 431 finished with value: 0.42170227468261545 and parameters: {'filter_size': 41, 'reg_beta': 0.0, 'batch_size': 64}. Best is trial 156 with value: 0.3480654454179174.
HBox(children=(FloatProgress(value=0.0, description='Training', layout=Layout(flex='2'), max=450.0, style=Prog…

Epoch 00128: ReduceLROnPlateau reducing learning rate to 0.0012499999720603228.

Epoch 00158: ReduceLROnPlateau reducing learning rate to 0.0006249999860301614.

Epoch 00296: ReduceLROnPlateau reducing learning rate to 0.0003124999930150807.

Epoch 00325: ReduceLROnPlateau reducing learning rate to 0.00015624999650754035.

Epoch 00378: ReduceLROnPlateau reducing learning rate to 7.812499825377017e-05.

Epoch 00424: ReduceLROnPlateau reducing learning rate to 3.9062499126885086e-05.

Calibration rmse=0.5102872554704365
Tuning rmse=0.6017921059112576
[I 2021-07-16 23:52:47,301] Trial 432 finished with value: 0.3517763807764067 and parameters: {'filter_size': 51, 'reg_beta': 0.012, 'batch_size': 64}. Best is trial 156 with value: 0.3480654454179174.
Trial 432 finished with value: 0.3517763807764067 and parameters: {'filter_size': 51, 'reg_beta': 0.012, 'batch_size': 64}. Best is trial 156 with value: 0.3480654454179174.
Trial 432 finished with value: 0.3517763807764067 and parameters: {'filter_size': 51, 'reg_beta': 0.012, 'batch_size': 64}. Best is trial 156 with value: 0.3480654454179174.
HBox(children=(FloatProgress(value=0.0, description='Training', layout=Layout(flex='2'), max=450.0, style=Prog…

Epoch 00138: ReduceLROnPlateau reducing learning rate to 0.0012499999720603228.
[I 2021-07-16 23:54:52,473] Trial 433 pruned. Trial was pruned at epoch 200.
Trial 433 pruned. Trial was pruned at epoch 200.
Trial 433 pruned. Trial was pruned at epoch 200.
HBox(children=(FloatProgress(value=0.0, description='Training', layout=Layout(flex='2'), max=450.0, style=Prog…

Epoch 00117: ReduceLROnPlateau reducing learning rate to 0.0012499999720603228.

Epoch 00188: ReduceLROnPlateau reducing learning rate to 0.0006249999860301614.

Epoch 00239: ReduceLROnPlateau reducing learning rate to 0.0003124999930150807.

Epoch 00281: ReduceLROnPlateau reducing learning rate to 0.00015624999650754035.

Epoch 00329: ReduceLROnPlateau reducing learning rate to 7.812499825377017e-05.

Epoch 00372: ReduceLROnPlateau reducing learning rate to 3.9062499126885086e-05.

Epoch 00443: ReduceLROnPlateau reducing learning rate to 1.9531249563442543e-05.

Calibration rmse=0.537827362130047
Tuning rmse=0.6155793206942349
[I 2021-07-16 23:59:38,811] Trial 434 finished with value: 0.35262947465242295 and parameters: {'filter_size': 47, 'reg_beta': 0.014, 'batch_size': 64}. Best is trial 156 with value: 0.3480654454179174.
Trial 434 finished with value: 0.35262947465242295 and parameters: {'filter_size': 47, 'reg_beta': 0.014, 'batch_size': 64}. Best is trial 156 with value: 0.3480654454179174.
Trial 434 finished with value: 0.35262947465242295 and parameters: {'filter_size': 47, 'reg_beta': 0.014, 'batch_size': 64}. Best is trial 156 with value: 0.3480654454179174.
HBox(children=(FloatProgress(value=0.0, description='Training', layout=Layout(flex='2'), max=450.0, style=Prog…

Epoch 00117: ReduceLROnPlateau reducing learning rate to 0.0012499999720603228.

Epoch 00149: ReduceLROnPlateau reducing learning rate to 0.0006249999860301614.

Epoch 00177: ReduceLROnPlateau reducing learning rate to 0.0003124999930150807.

Epoch 00202: ReduceLROnPlateau reducing learning rate to 0.00015624999650754035.

Calibration rmse=0.17190489725698177
Tuning rmse=0.5741606961960921
[I 2021-07-17 00:01:36,974] Trial 435 finished with value: 0.43713495377576994 and parameters: {'filter_size': 41, 'reg_beta': 0.0, 'batch_size': 64}. Best is trial 156 with value: 0.3480654454179174.
Trial 435 finished with value: 0.43713495377576994 and parameters: {'filter_size': 41, 'reg_beta': 0.0, 'batch_size': 64}. Best is trial 156 with value: 0.3480654454179174.
Trial 435 finished with value: 0.43713495377576994 and parameters: {'filter_size': 41, 'reg_beta': 0.0, 'batch_size': 64}. Best is trial 156 with value: 0.3480654454179174.
HBox(children=(FloatProgress(value=0.0, description='Training', layout=Layout(flex='2'), max=450.0, style=Prog…
[I 2021-07-17 00:01:55,336] Trial 436 pruned. Trial was pruned at epoch 50.
Trial 436 pruned. Trial was pruned at epoch 50.
Trial 436 pruned. Trial was pruned at epoch 50.
HBox(children=(FloatProgress(value=0.0, description='Training', layout=Layout(flex='2'), max=450.0, style=Prog…
[I 2021-07-17 00:02:27,975] Trial 437 pruned. Trial was pruned at epoch 50.
Trial 437 pruned. Trial was pruned at epoch 50.
Trial 437 pruned. Trial was pruned at epoch 50.
HBox(children=(FloatProgress(value=0.0, description='Training', layout=Layout(flex='2'), max=450.0, style=Prog…
[I 2021-07-17 00:04:35,619] Trial 438 pruned. Trial was pruned at epoch 200.
Trial 438 pruned. Trial was pruned at epoch 200.
Trial 438 pruned. Trial was pruned at epoch 200.
HBox(children=(FloatProgress(value=0.0, description='Training', layout=Layout(flex='2'), max=450.0, style=Prog…

Epoch 00138: ReduceLROnPlateau reducing learning rate to 0.0012499999720603228.
[I 2021-07-17 00:06:44,695] Trial 439 pruned. Trial was pruned at epoch 200.
Trial 439 pruned. Trial was pruned at epoch 200.
Trial 439 pruned. Trial was pruned at epoch 200.
HBox(children=(FloatProgress(value=0.0, description='Training', layout=Layout(flex='2'), max=450.0, style=Prog…
[I 2021-07-17 00:07:16,300] Trial 440 pruned. Trial was pruned at epoch 50.
Trial 440 pruned. Trial was pruned at epoch 50.
Trial 440 pruned. Trial was pruned at epoch 50.
HBox(children=(FloatProgress(value=0.0, description='Training', layout=Layout(flex='2'), max=450.0, style=Prog…

Epoch 00102: ReduceLROnPlateau reducing learning rate to 0.0012499999720603228.

Epoch 00170: ReduceLROnPlateau reducing learning rate to 0.0006249999860301614.
[I 2021-07-17 00:09:26,289] Trial 441 pruned. Trial was pruned at epoch 200.
Trial 441 pruned. Trial was pruned at epoch 200.
Trial 441 pruned. Trial was pruned at epoch 200.
HBox(children=(FloatProgress(value=0.0, description='Training', layout=Layout(flex='2'), max=450.0, style=Prog…

Epoch 00199: ReduceLROnPlateau reducing learning rate to 0.0012499999720603228.

Epoch 00238: ReduceLROnPlateau reducing learning rate to 0.0006249999860301614.

Epoch 00315: ReduceLROnPlateau reducing learning rate to 0.0003124999930150807.

Epoch 00397: ReduceLROnPlateau reducing learning rate to 0.00015624999650754035.

Epoch 00438: ReduceLROnPlateau reducing learning rate to 7.812499825377017e-05.

Calibration rmse=0.5160706068457616
Tuning rmse=0.6099462032828801
[I 2021-07-17 00:14:11,801] Trial 442 finished with value: 0.35782585146596396 and parameters: {'filter_size': 43, 'reg_beta': 0.0085, 'batch_size': 64}. Best is trial 156 with value: 0.3480654454179174.
Trial 442 finished with value: 0.35782585146596396 and parameters: {'filter_size': 43, 'reg_beta': 0.0085, 'batch_size': 64}. Best is trial 156 with value: 0.3480654454179174.
Trial 442 finished with value: 0.35782585146596396 and parameters: {'filter_size': 43, 'reg_beta': 0.0085, 'batch_size': 64}. Best is trial 156 with value: 0.3480654454179174.
HBox(children=(FloatProgress(value=0.0, description='Training', layout=Layout(flex='2'), max=450.0, style=Prog…

Epoch 00128: ReduceLROnPlateau reducing learning rate to 0.0012499999720603228.

Epoch 00177: ReduceLROnPlateau reducing learning rate to 0.0006249999860301614.

Epoch 00281: ReduceLROnPlateau reducing learning rate to 0.0003124999930150807.

Epoch 00377: ReduceLROnPlateau reducing learning rate to 0.00015624999650754035.

Calibration rmse=0.4840846883713577
Tuning rmse=0.5925689294210968
[I 2021-07-17 00:18:52,787] Trial 443 finished with value: 0.35468444001038363 and parameters: {'filter_size': 51, 'reg_beta': 0.009000000000000001, 'batch_size': 64}. Best is trial 156 with value: 0.3480654454179174.
Trial 443 finished with value: 0.35468444001038363 and parameters: {'filter_size': 51, 'reg_beta': 0.009000000000000001, 'batch_size': 64}. Best is trial 156 with value: 0.3480654454179174.
Trial 443 finished with value: 0.35468444001038363 and parameters: {'filter_size': 51, 'reg_beta': 0.009000000000000001, 'batch_size': 64}. Best is trial 156 with value: 0.3480654454179174.
HBox(children=(FloatProgress(value=0.0, description='Training', layout=Layout(flex='2'), max=450.0, style=Prog…

Epoch 00102: ReduceLROnPlateau reducing learning rate to 0.0012499999720603228.

Epoch 00146: ReduceLROnPlateau reducing learning rate to 0.0006249999860301614.

Epoch 00249: ReduceLROnPlateau reducing learning rate to 0.0003124999930150807.

Epoch 00281: ReduceLROnPlateau reducing learning rate to 0.00015624999650754035.

Epoch 00329: ReduceLROnPlateau reducing learning rate to 7.812499825377017e-05.

Calibration rmse=0.5348329333126244
Tuning rmse=0.6142998030581959
[I 2021-07-17 00:23:38,552] Trial 444 finished with value: 0.352808892269874 and parameters: {'filter_size': 35, 'reg_beta': 0.014, 'batch_size': 64}. Best is trial 156 with value: 0.3480654454179174.
Trial 444 finished with value: 0.352808892269874 and parameters: {'filter_size': 35, 'reg_beta': 0.014, 'batch_size': 64}. Best is trial 156 with value: 0.3480654454179174.
Trial 444 finished with value: 0.352808892269874 and parameters: {'filter_size': 35, 'reg_beta': 0.014, 'batch_size': 64}. Best is trial 156 with value: 0.3480654454179174.
HBox(children=(FloatProgress(value=0.0, description='Training', layout=Layout(flex='2'), max=450.0, style=Prog…

Epoch 00089: ReduceLROnPlateau reducing learning rate to 0.0012499999720603228.

Epoch 00123: ReduceLROnPlateau reducing learning rate to 0.0006249999860301614.

Epoch 00151: ReduceLROnPlateau reducing learning rate to 0.0003124999930150807.

Epoch 00176: ReduceLROnPlateau reducing learning rate to 0.00015624999650754035.

Calibration rmse=0.21338582846021656
Tuning rmse=0.5585139557726386
[I 2021-07-17 00:25:19,525] Trial 445 finished with value: 0.4124591413888933 and parameters: {'filter_size': 27, 'reg_beta': 0.0, 'batch_size': 64}. Best is trial 156 with value: 0.3480654454179174.
Trial 445 finished with value: 0.4124591413888933 and parameters: {'filter_size': 27, 'reg_beta': 0.0, 'batch_size': 64}. Best is trial 156 with value: 0.3480654454179174.
Trial 445 finished with value: 0.4124591413888933 and parameters: {'filter_size': 27, 'reg_beta': 0.0, 'batch_size': 64}. Best is trial 156 with value: 0.3480654454179174.
HBox(children=(FloatProgress(value=0.0, description='Training', layout=Layout(flex='2'), max=450.0, style=Prog…

Epoch 00114: ReduceLROnPlateau reducing learning rate to 0.0012499999720603228.

Epoch 00148: ReduceLROnPlateau reducing learning rate to 0.0006249999860301614.

Epoch 00173: ReduceLROnPlateau reducing learning rate to 0.0003124999930150807.

Calibration rmse=0.24492542014834057
Tuning rmse=0.5616117192406158
[I 2021-07-17 00:27:03,125] Trial 446 finished with value: 0.40851549049708746 and parameters: {'filter_size': 37, 'reg_beta': 0.0, 'batch_size': 64}. Best is trial 156 with value: 0.3480654454179174.
Trial 446 finished with value: 0.40851549049708746 and parameters: {'filter_size': 37, 'reg_beta': 0.0, 'batch_size': 64}. Best is trial 156 with value: 0.3480654454179174.
Trial 446 finished with value: 0.40851549049708746 and parameters: {'filter_size': 37, 'reg_beta': 0.0, 'batch_size': 64}. Best is trial 156 with value: 0.3480654454179174.
HBox(children=(FloatProgress(value=0.0, description='Training', layout=Layout(flex='2'), max=450.0, style=Prog…
[I 2021-07-17 00:27:35,671] Trial 447 pruned. Trial was pruned at epoch 50.
Trial 447 pruned. Trial was pruned at epoch 50.
Trial 447 pruned. Trial was pruned at epoch 50.
HBox(children=(FloatProgress(value=0.0, description='Training', layout=Layout(flex='2'), max=450.0, style=Prog…
[I 2021-07-17 00:28:08,603] Trial 448 pruned. Trial was pruned at epoch 50.
Trial 448 pruned. Trial was pruned at epoch 50.
Trial 448 pruned. Trial was pruned at epoch 50.
HBox(children=(FloatProgress(value=0.0, description='Training', layout=Layout(flex='2'), max=450.0, style=Prog…

Epoch 00134: ReduceLROnPlateau reducing learning rate to 0.0012499999720603228.
[I 2021-07-17 00:30:15,632] Trial 449 pruned. Trial was pruned at epoch 200.
Trial 449 pruned. Trial was pruned at epoch 200.
Trial 449 pruned. Trial was pruned at epoch 200.
HBox(children=(FloatProgress(value=0.0, description='Training', layout=Layout(flex='2'), max=450.0, style=Prog…
[I 2021-07-17 00:30:33,822] Trial 450 pruned. Trial was pruned at epoch 50.
Trial 450 pruned. Trial was pruned at epoch 50.
Trial 450 pruned. Trial was pruned at epoch 50.
HBox(children=(FloatProgress(value=0.0, description='Training', layout=Layout(flex='2'), max=450.0, style=Prog…

Epoch 00089: ReduceLROnPlateau reducing learning rate to 0.0012499999720603228.

Epoch 00115: ReduceLROnPlateau reducing learning rate to 0.0006249999860301614.

Epoch 00141: ReduceLROnPlateau reducing learning rate to 0.0003124999930150807.

Epoch 00166: ReduceLROnPlateau reducing learning rate to 0.00015624999650754035.

Calibration rmse=0.22809028981964777
Tuning rmse=0.5685399872934549
[I 2021-07-17 00:32:10,277] Trial 451 finished with value: 0.4198762620675429 and parameters: {'filter_size': 21, 'reg_beta': 0.0, 'batch_size': 64}. Best is trial 156 with value: 0.3480654454179174.
Trial 451 finished with value: 0.4198762620675429 and parameters: {'filter_size': 21, 'reg_beta': 0.0, 'batch_size': 64}. Best is trial 156 with value: 0.3480654454179174.
Trial 451 finished with value: 0.4198762620675429 and parameters: {'filter_size': 21, 'reg_beta': 0.0, 'batch_size': 64}. Best is trial 156 with value: 0.3480654454179174.
HBox(children=(FloatProgress(value=0.0, description='Training', layout=Layout(flex='2'), max=450.0, style=Prog…
[I 2021-07-17 00:32:43,675] Trial 452 pruned. Trial was pruned at epoch 50.
Trial 452 pruned. Trial was pruned at epoch 50.
Trial 452 pruned. Trial was pruned at epoch 50.
HBox(children=(FloatProgress(value=0.0, description='Training', layout=Layout(flex='2'), max=450.0, style=Prog…
[I 2021-07-17 00:33:16,425] Trial 453 pruned. Trial was pruned at epoch 50.
Trial 453 pruned. Trial was pruned at epoch 50.
Trial 453 pruned. Trial was pruned at epoch 50.
HBox(children=(FloatProgress(value=0.0, description='Training', layout=Layout(flex='2'), max=450.0, style=Prog…

Epoch 00166: ReduceLROnPlateau reducing learning rate to 0.0012499999720603228.
[I 2021-07-17 00:35:26,264] Trial 454 pruned. Trial was pruned at epoch 200.
Trial 454 pruned. Trial was pruned at epoch 200.
Trial 454 pruned. Trial was pruned at epoch 200.
HBox(children=(FloatProgress(value=0.0, description='Training', layout=Layout(flex='2'), max=450.0, style=Prog…
[I 2021-07-17 00:35:59,507] Trial 455 pruned. Trial was pruned at epoch 50.
Trial 455 pruned. Trial was pruned at epoch 50.
Trial 455 pruned. Trial was pruned at epoch 50.
HBox(children=(FloatProgress(value=0.0, description='Training', layout=Layout(flex='2'), max=450.0, style=Prog…

Epoch 00148: ReduceLROnPlateau reducing learning rate to 0.0012499999720603228.

Epoch 00204: ReduceLROnPlateau reducing learning rate to 0.0006249999860301614.

Epoch 00281: ReduceLROnPlateau reducing learning rate to 0.0003124999930150807.

Epoch 00308: ReduceLROnPlateau reducing learning rate to 0.00015624999650754035.

Epoch 00392: ReduceLROnPlateau reducing learning rate to 7.812499825377017e-05.

Calibration rmse=0.47571760857545453
Tuning rmse=0.5978988454291742
[I 2021-07-17 00:40:52,615] Trial 456 finished with value: 0.36453731584298216 and parameters: {'filter_size': 35, 'reg_beta': 0.007, 'batch_size': 64}. Best is trial 156 with value: 0.3480654454179174.
Trial 456 finished with value: 0.36453731584298216 and parameters: {'filter_size': 35, 'reg_beta': 0.007, 'batch_size': 64}. Best is trial 156 with value: 0.3480654454179174.
Trial 456 finished with value: 0.36453731584298216 and parameters: {'filter_size': 35, 'reg_beta': 0.007, 'batch_size': 64}. Best is trial 156 with value: 0.3480654454179174.
HBox(children=(FloatProgress(value=0.0, description='Training', layout=Layout(flex='2'), max=450.0, style=Prog…

Epoch 00097: ReduceLROnPlateau reducing learning rate to 0.0012499999720603228.

Epoch 00125: ReduceLROnPlateau reducing learning rate to 0.0006249999860301614.

Epoch 00152: ReduceLROnPlateau reducing learning rate to 0.0003124999930150807.

Epoch 00177: ReduceLROnPlateau reducing learning rate to 0.00015624999650754035.

Calibration rmse=0.2204496987923061
Tuning rmse=0.5480475525637711
[I 2021-07-17 00:42:37,642] Trial 457 finished with value: 0.3999028013686461 and parameters: {'filter_size': 33, 'reg_beta': 0.0, 'batch_size': 64}. Best is trial 156 with value: 0.3480654454179174.
