Trial 165 pruned. Trial was pruned at epoch 200.
HBox(children=(FloatProgress(value=0.0, description='Training', layout=Layout(flex='2'), max=450.0, style=Prog…

Epoch 00178: ReduceLROnPlateau reducing learning rate to 0.0012499999720603228.

Epoch 00281: ReduceLROnPlateau reducing learning rate to 0.0006249999860301614.

Epoch 00393: ReduceLROnPlateau reducing learning rate to 0.0003124999930150807.

Epoch 00437: ReduceLROnPlateau reducing learning rate to 0.00015624999650754035.

Calibration rmse=0.4607168413008975
Tuning rmse=0.5886431215550403
[I 2021-07-16 16:21:19,932] Trial 166 finished with value: 0.3614419191254129 and parameters: {'filter_size': 35, 'reg_beta': 0.01, 'batch_size': 128}. Best is trial 156 with value: 0.3480654454179174.
Trial 166 finished with value: 0.3614419191254129 and parameters: {'filter_size': 35, 'reg_beta': 0.01, 'batch_size': 128}. Best is trial 156 with value: 0.3480654454179174.
Trial 166 finished with value: 0.3614419191254129 and parameters: {'filter_size': 35, 'reg_beta': 0.01, 'batch_size': 128}. Best is trial 156 with value: 0.3480654454179174.
HBox(children=(FloatProgress(value=0.0, description='Training', layout=Layout(flex='2'), max=450.0, style=Prog…
[I 2021-07-16 16:21:55,009] Trial 167 pruned. Trial was pruned at epoch 50.
Trial 167 pruned. Trial was pruned at epoch 50.
Trial 167 pruned. Trial was pruned at epoch 50.
HBox(children=(FloatProgress(value=0.0, description='Training', layout=Layout(flex='2'), max=450.0, style=Prog…
[I 2021-07-16 16:22:14,964] Trial 168 pruned. Trial was pruned at epoch 50.
Trial 168 pruned. Trial was pruned at epoch 50.
Trial 168 pruned. Trial was pruned at epoch 50.
HBox(children=(FloatProgress(value=0.0, description='Training', layout=Layout(flex='2'), max=450.0, style=Prog…
[I 2021-07-16 16:23:12,586] Trial 169 pruned. Trial was pruned at epoch 200.
Trial 169 pruned. Trial was pruned at epoch 200.
Trial 169 pruned. Trial was pruned at epoch 200.
HBox(children=(FloatProgress(value=0.0, description='Training', layout=Layout(flex='2'), max=450.0, style=Prog…
[I 2021-07-16 16:23:47,033] Trial 170 pruned. Trial was pruned at epoch 50.
Trial 170 pruned. Trial was pruned at epoch 50.
Trial 170 pruned. Trial was pruned at epoch 50.
HBox(children=(FloatProgress(value=0.0, description='Training', layout=Layout(flex='2'), max=450.0, style=Prog…

Epoch 00097: ReduceLROnPlateau reducing learning rate to 0.0012499999720603228.

Epoch 00175: ReduceLROnPlateau reducing learning rate to 0.0006249999860301614.

Epoch 00204: ReduceLROnPlateau reducing learning rate to 0.0003124999930150807.

Epoch 00230: ReduceLROnPlateau reducing learning rate to 0.00015624999650754035.

Epoch 00265: ReduceLROnPlateau reducing learning rate to 7.812499825377017e-05.

Epoch 00292: ReduceLROnPlateau reducing learning rate to 3.9062499126885086e-05.

Epoch 00320: ReduceLROnPlateau reducing learning rate to 1.9531249563442543e-05.

Epoch 00345: ReduceLROnPlateau reducing learning rate to 9.765624781721272e-06.

Calibration rmse=0.15997632899311331
Tuning rmse=0.5395076130302457
[I 2021-07-16 16:27:45,762] Trial 171 finished with value: 0.40249182585486315 and parameters: {'filter_size': 33, 'reg_beta': 0.0005, 'batch_size': 64}. Best is trial 156 with value: 0.3480654454179174.
Trial 171 finished with value: 0.40249182585486315 and parameters: {'filter_size': 33, 'reg_beta': 0.0005, 'batch_size': 64}. Best is trial 156 with value: 0.3480654454179174.
Trial 171 finished with value: 0.40249182585486315 and parameters: {'filter_size': 33, 'reg_beta': 0.0005, 'batch_size': 64}. Best is trial 156 with value: 0.3480654454179174.
HBox(children=(FloatProgress(value=0.0, description='Training', layout=Layout(flex='2'), max=450.0, style=Prog…

Epoch 00109: ReduceLROnPlateau reducing learning rate to 0.0012499999720603228.

Epoch 00171: ReduceLROnPlateau reducing learning rate to 0.0006249999860301614.

Epoch 00201: ReduceLROnPlateau reducing learning rate to 0.0003124999930150807.

Epoch 00229: ReduceLROnPlateau reducing learning rate to 0.00015624999650754035.

Epoch 00254: ReduceLROnPlateau reducing learning rate to 7.812499825377017e-05.

Calibration rmse=0.21350260799912255
Tuning rmse=0.5496472799085494
[I 2021-07-16 16:30:41,778] Trial 172 finished with value: 0.4030880242984949 and parameters: {'filter_size': 25, 'reg_beta': 0.0005, 'batch_size': 64}. Best is trial 156 with value: 0.3480654454179174.
Trial 172 finished with value: 0.4030880242984949 and parameters: {'filter_size': 25, 'reg_beta': 0.0005, 'batch_size': 64}. Best is trial 156 with value: 0.3480654454179174.
Trial 172 finished with value: 0.4030880242984949 and parameters: {'filter_size': 25, 'reg_beta': 0.0005, 'batch_size': 64}. Best is trial 156 with value: 0.3480654454179174.
HBox(children=(FloatProgress(value=0.0, description='Training', layout=Layout(flex='2'), max=450.0, style=Prog…

Epoch 00167: ReduceLROnPlateau reducing learning rate to 0.0012499999720603228.

Epoch 00213: ReduceLROnPlateau reducing learning rate to 0.0006249999860301614.

Epoch 00263: ReduceLROnPlateau reducing learning rate to 0.0003124999930150807.

Epoch 00289: ReduceLROnPlateau reducing learning rate to 0.00015624999650754035.

Epoch 00329: ReduceLROnPlateau reducing learning rate to 7.812499825377017e-05.

Calibration rmse=0.4760334486498957
Tuning rmse=0.5866048953831754
[I 2021-07-16 16:33:35,860] Trial 173 finished with value: 0.3520511772185843 and parameters: {'filter_size': 45, 'reg_beta': 0.0125, 'batch_size': 128}. Best is trial 156 with value: 0.3480654454179174.
Trial 173 finished with value: 0.3520511772185843 and parameters: {'filter_size': 45, 'reg_beta': 0.0125, 'batch_size': 128}. Best is trial 156 with value: 0.3480654454179174.
Trial 173 finished with value: 0.3520511772185843 and parameters: {'filter_size': 45, 'reg_beta': 0.0125, 'batch_size': 128}. Best is trial 156 with value: 0.3480654454179174.
HBox(children=(FloatProgress(value=0.0, description='Training', layout=Layout(flex='2'), max=450.0, style=Prog…

Epoch 00091: ReduceLROnPlateau reducing learning rate to 0.0012499999720603228.

Epoch 00171: ReduceLROnPlateau reducing learning rate to 0.0006249999860301614.

Epoch 00272: ReduceLROnPlateau reducing learning rate to 0.0003124999930150807.

Epoch 00306: ReduceLROnPlateau reducing learning rate to 0.00015624999650754035.

Epoch 00364: ReduceLROnPlateau reducing learning rate to 7.812499825377017e-05.

Epoch 00389: ReduceLROnPlateau reducing learning rate to 3.9062499126885086e-05.

Calibration rmse=0.2326561684541066
Tuning rmse=0.5472697059756918
[I 2021-07-16 16:38:07,839] Trial 174 finished with value: 0.39632247216733313 and parameters: {'filter_size': 23, 'reg_beta': 0.0015, 'batch_size': 64}. Best is trial 156 with value: 0.3480654454179174.
Trial 174 finished with value: 0.39632247216733313 and parameters: {'filter_size': 23, 'reg_beta': 0.0015, 'batch_size': 64}. Best is trial 156 with value: 0.3480654454179174.
Trial 174 finished with value: 0.39632247216733313 and parameters: {'filter_size': 23, 'reg_beta': 0.0015, 'batch_size': 64}. Best is trial 156 with value: 0.3480654454179174.
HBox(children=(FloatProgress(value=0.0, description='Training', layout=Layout(flex='2'), max=450.0, style=Prog…

Epoch 00102: ReduceLROnPlateau reducing learning rate to 0.0012499999720603228.
[I 2021-07-16 16:40:27,827] Trial 175 pruned. Trial was pruned at epoch 200.
Trial 175 pruned. Trial was pruned at epoch 200.
Trial 175 pruned. Trial was pruned at epoch 200.
HBox(children=(FloatProgress(value=0.0, description='Training', layout=Layout(flex='2'), max=450.0, style=Prog…

Epoch 00124: ReduceLROnPlateau reducing learning rate to 0.0012499999720603228.

Epoch 00152: ReduceLROnPlateau reducing learning rate to 0.0006249999860301614.

Epoch 00178: ReduceLROnPlateau reducing learning rate to 0.0003124999930150807.

Epoch 00203: ReduceLROnPlateau reducing learning rate to 0.00015624999650754035.

Calibration rmse=0.2279528837323636
Tuning rmse=0.5601268084887828
[I 2021-07-16 16:41:42,215] Trial 176 finished with value: 0.41095316643735597 and parameters: {'filter_size': 19, 'reg_beta': 0.0, 'batch_size': 128}. Best is trial 156 with value: 0.3480654454179174.
Trial 176 finished with value: 0.41095316643735597 and parameters: {'filter_size': 19, 'reg_beta': 0.0, 'batch_size': 128}. Best is trial 156 with value: 0.3480654454179174.
Trial 176 finished with value: 0.41095316643735597 and parameters: {'filter_size': 19, 'reg_beta': 0.0, 'batch_size': 128}. Best is trial 156 with value: 0.3480654454179174.
HBox(children=(FloatProgress(value=0.0, description='Training', layout=Layout(flex='2'), max=450.0, style=Prog…
[I 2021-07-16 16:42:18,903] Trial 177 pruned. Trial was pruned at epoch 50.
Trial 177 pruned. Trial was pruned at epoch 50.
Trial 177 pruned. Trial was pruned at epoch 50.
HBox(children=(FloatProgress(value=0.0, description='Training', layout=Layout(flex='2'), max=450.0, style=Prog…
[I 2021-07-16 16:42:54,468] Trial 178 pruned. Trial was pruned at epoch 50.
Trial 178 pruned. Trial was pruned at epoch 50.
Trial 178 pruned. Trial was pruned at epoch 50.
HBox(children=(FloatProgress(value=0.0, description='Training', layout=Layout(flex='2'), max=450.0, style=Prog…

Epoch 00134: ReduceLROnPlateau reducing learning rate to 0.0012499999720603228.

Epoch 00166: ReduceLROnPlateau reducing learning rate to 0.0006249999860301614.

Epoch 00191: ReduceLROnPlateau reducing learning rate to 0.0003124999930150807.

Calibration rmse=0.2054025626821519
Tuning rmse=0.5508202613379846
[I 2021-07-16 16:44:57,605] Trial 179 finished with value: 0.4060165044410174 and parameters: {'filter_size': 19, 'reg_beta': 0.0, 'batch_size': 64}. Best is trial 156 with value: 0.3480654454179174.
Trial 179 finished with value: 0.4060165044410174 and parameters: {'filter_size': 19, 'reg_beta': 0.0, 'batch_size': 64}. Best is trial 156 with value: 0.3480654454179174.
Trial 179 finished with value: 0.4060165044410174 and parameters: {'filter_size': 19, 'reg_beta': 0.0, 'batch_size': 64}. Best is trial 156 with value: 0.3480654454179174.
HBox(children=(FloatProgress(value=0.0, description='Training', layout=Layout(flex='2'), max=450.0, style=Prog…

Epoch 00227: ReduceLROnPlateau reducing learning rate to 0.0012499999720603228.

Epoch 00281: ReduceLROnPlateau reducing learning rate to 0.0006249999860301614.

Epoch 00338: ReduceLROnPlateau reducing learning rate to 0.0003124999930150807.

Epoch 00437: ReduceLROnPlateau reducing learning rate to 0.00015624999650754035.

Calibration rmse=0.4836072682600422
Tuning rmse=0.5936644392103845
[I 2021-07-16 16:47:43,769] Trial 180 finished with value: 0.3561129578397122 and parameters: {'filter_size': 51, 'reg_beta': 0.01, 'batch_size': 128}. Best is trial 156 with value: 0.3480654454179174.
Trial 180 finished with value: 0.3561129578397122 and parameters: {'filter_size': 51, 'reg_beta': 0.01, 'batch_size': 128}. Best is trial 156 with value: 0.3480654454179174.
Trial 180 finished with value: 0.3561129578397122 and parameters: {'filter_size': 51, 'reg_beta': 0.01, 'batch_size': 128}. Best is trial 156 with value: 0.3480654454179174.
HBox(children=(FloatProgress(value=0.0, description='Training', layout=Layout(flex='2'), max=450.0, style=Prog…

Epoch 00111: ReduceLROnPlateau reducing learning rate to 0.0012499999720603228.

Epoch 00140: ReduceLROnPlateau reducing learning rate to 0.0006249999860301614.

Epoch 00165: ReduceLROnPlateau reducing learning rate to 0.0003124999930150807.

Calibration rmse=0.2617652908620897
Tuning rmse=0.5682612855565108
[I 2021-07-16 16:49:23,697] Trial 181 finished with value: 0.4113305533593673 and parameters: {'filter_size': 25, 'reg_beta': 0.0, 'batch_size': 64}. Best is trial 156 with value: 0.3480654454179174.
Trial 181 finished with value: 0.4113305533593673 and parameters: {'filter_size': 25, 'reg_beta': 0.0, 'batch_size': 64}. Best is trial 156 with value: 0.3480654454179174.
Trial 181 finished with value: 0.4113305533593673 and parameters: {'filter_size': 25, 'reg_beta': 0.0, 'batch_size': 64}. Best is trial 156 with value: 0.3480654454179174.
HBox(children=(FloatProgress(value=0.0, description='Training', layout=Layout(flex='2'), max=450.0, style=Prog…

Epoch 00192: ReduceLROnPlateau reducing learning rate to 0.0012499999720603228.
[I 2021-07-16 16:51:35,797] Trial 182 pruned. Trial was pruned at epoch 200.
Trial 182 pruned. Trial was pruned at epoch 200.
Trial 182 pruned. Trial was pruned at epoch 200.
HBox(children=(FloatProgress(value=0.0, description='Training', layout=Layout(flex='2'), max=450.0, style=Prog…
[I 2021-07-16 16:52:08,996] Trial 183 pruned. Trial was pruned at epoch 50.
Trial 183 pruned. Trial was pruned at epoch 50.
Trial 183 pruned. Trial was pruned at epoch 50.
HBox(children=(FloatProgress(value=0.0, description='Training', layout=Layout(flex='2'), max=450.0, style=Prog…

Epoch 00100: ReduceLROnPlateau reducing learning rate to 0.0012499999720603228.

Epoch 00127: ReduceLROnPlateau reducing learning rate to 0.0006249999860301614.

Epoch 00154: ReduceLROnPlateau reducing learning rate to 0.0003124999930150807.

Epoch 00179: ReduceLROnPlateau reducing learning rate to 0.00015624999650754035.

Calibration rmse=0.19871889310298638
Tuning rmse=0.5677476717650474
[I 2021-07-16 16:53:55,093] Trial 184 finished with value: 0.4252979460418016 and parameters: {'filter_size': 25, 'reg_beta': 0.0, 'batch_size': 64}. Best is trial 156 with value: 0.3480654454179174.
Trial 184 finished with value: 0.4252979460418016 and parameters: {'filter_size': 25, 'reg_beta': 0.0, 'batch_size': 64}. Best is trial 156 with value: 0.3480654454179174.
Trial 184 finished with value: 0.4252979460418016 and parameters: {'filter_size': 25, 'reg_beta': 0.0, 'batch_size': 64}. Best is trial 156 with value: 0.3480654454179174.
HBox(children=(FloatProgress(value=0.0, description='Training', layout=Layout(flex='2'), max=450.0, style=Prog…
[I 2021-07-16 16:54:29,871] Trial 185 pruned. Trial was pruned at epoch 50.
Trial 185 pruned. Trial was pruned at epoch 50.
Trial 185 pruned. Trial was pruned at epoch 50.
HBox(children=(FloatProgress(value=0.0, description='Training', layout=Layout(flex='2'), max=450.0, style=Prog…

Epoch 00197: ReduceLROnPlateau reducing learning rate to 0.0012499999720603228.

Epoch 00237: ReduceLROnPlateau reducing learning rate to 0.0006249999860301614.

Epoch 00297: ReduceLROnPlateau reducing learning rate to 0.0003124999930150807.

Epoch 00392: ReduceLROnPlateau reducing learning rate to 0.00015624999650754035.

Calibration rmse=0.4763275411513725
Tuning rmse=0.5933690354726701
[I 2021-07-16 16:59:24,771] Trial 186 finished with value: 0.35928396063556217 and parameters: {'filter_size': 51, 'reg_beta': 0.007, 'batch_size': 64}. Best is trial 156 with value: 0.3480654454179174.
Trial 186 finished with value: 0.35928396063556217 and parameters: {'filter_size': 51, 'reg_beta': 0.007, 'batch_size': 64}. Best is trial 156 with value: 0.3480654454179174.
Trial 186 finished with value: 0.35928396063556217 and parameters: {'filter_size': 51, 'reg_beta': 0.007, 'batch_size': 64}. Best is trial 156 with value: 0.3480654454179174.
HBox(children=(FloatProgress(value=0.0, description='Training', layout=Layout(flex='2'), max=450.0, style=Prog…
[I 2021-07-16 16:59:58,608] Trial 187 pruned. Trial was pruned at epoch 50.
Trial 187 pruned. Trial was pruned at epoch 50.
Trial 187 pruned. Trial was pruned at epoch 50.
HBox(children=(FloatProgress(value=0.0, description='Training', layout=Layout(flex='2'), max=450.0, style=Prog…

Epoch 00091: ReduceLROnPlateau reducing learning rate to 0.0012499999720603228.

Epoch 00162: ReduceLROnPlateau reducing learning rate to 0.0006249999860301614.

Epoch 00202: ReduceLROnPlateau reducing learning rate to 0.0003124999930150807.

Epoch 00229: ReduceLROnPlateau reducing learning rate to 0.00015624999650754035.

Epoch 00349: ReduceLROnPlateau reducing learning rate to 7.812499825377017e-05.

Epoch 00417: ReduceLROnPlateau reducing learning rate to 3.9062499126885086e-05.

Epoch 00442: ReduceLROnPlateau reducing learning rate to 1.9531249563442543e-05.

Calibration rmse=0.12945292612680964
Tuning rmse=0.5444023636555004
[I 2021-07-16 17:04:52,960] Trial 188 finished with value: 0.41200911856320144 and parameters: {'filter_size': 23, 'reg_beta': 0.0005, 'batch_size': 64}. Best is trial 156 with value: 0.3480654454179174.
Trial 188 finished with value: 0.41200911856320144 and parameters: {'filter_size': 23, 'reg_beta': 0.0005, 'batch_size': 64}. Best is trial 156 with value: 0.3480654454179174.
Trial 188 finished with value: 0.41200911856320144 and parameters: {'filter_size': 23, 'reg_beta': 0.0005, 'batch_size': 64}. Best is trial 156 with value: 0.3480654454179174.
HBox(children=(FloatProgress(value=0.0, description='Training', layout=Layout(flex='2'), max=450.0, style=Prog…

Epoch 00163: ReduceLROnPlateau reducing learning rate to 0.0012499999720603228.
[I 2021-07-16 17:06:06,465] Trial 189 pruned. Trial was pruned at epoch 200.
Trial 189 pruned. Trial was pruned at epoch 200.
Trial 189 pruned. Trial was pruned at epoch 200.
HBox(children=(FloatProgress(value=0.0, description='Training', layout=Layout(flex='2'), max=450.0, style=Prog…
[I 2021-07-16 17:06:25,690] Trial 190 pruned. Trial was pruned at epoch 50.
Trial 190 pruned. Trial was pruned at epoch 50.
Trial 190 pruned. Trial was pruned at epoch 50.
HBox(children=(FloatProgress(value=0.0, description='Training', layout=Layout(flex='2'), max=450.0, style=Prog…
[I 2021-07-16 17:07:00,611] Trial 191 pruned. Trial was pruned at epoch 50.
Trial 191 pruned. Trial was pruned at epoch 50.
Trial 191 pruned. Trial was pruned at epoch 50.
HBox(children=(FloatProgress(value=0.0, description='Training', layout=Layout(flex='2'), max=450.0, style=Prog…
[I 2021-07-16 17:07:19,652] Trial 192 pruned. Trial was pruned at epoch 50.
Trial 192 pruned. Trial was pruned at epoch 50.
Trial 192 pruned. Trial was pruned at epoch 50.
HBox(children=(FloatProgress(value=0.0, description='Training', layout=Layout(flex='2'), max=450.0, style=Prog…
[I 2021-07-16 17:07:52,956] Trial 193 pruned. Trial was pruned at epoch 50.
Trial 193 pruned. Trial was pruned at epoch 50.
Trial 193 pruned. Trial was pruned at epoch 50.
HBox(children=(FloatProgress(value=0.0, description='Training', layout=Layout(flex='2'), max=450.0, style=Prog…
[I 2021-07-16 17:08:26,908] Trial 194 pruned. Trial was pruned at epoch 50.
Trial 194 pruned. Trial was pruned at epoch 50.
Trial 194 pruned. Trial was pruned at epoch 50.
HBox(children=(FloatProgress(value=0.0, description='Training', layout=Layout(flex='2'), max=450.0, style=Prog…

Epoch 00114: ReduceLROnPlateau reducing learning rate to 0.0012499999720603228.

Epoch 00162: ReduceLROnPlateau reducing learning rate to 0.0006249999860301614.

Epoch 00248: ReduceLROnPlateau reducing learning rate to 0.0003124999930150807.

Epoch 00349: ReduceLROnPlateau reducing learning rate to 0.00015624999650754035.

Epoch 00395: ReduceLROnPlateau reducing learning rate to 7.812499825377017e-05.

Epoch 00420: ReduceLROnPlateau reducing learning rate to 3.9062499126885086e-05.

Calibration rmse=0.14188681842086412
Tuning rmse=0.5424952191700328
[I 2021-07-16 17:13:13,845] Trial 195 finished with value: 0.40833220637538975 and parameters: {'filter_size': 31, 'reg_beta': 0.0005, 'batch_size': 64}. Best is trial 156 with value: 0.3480654454179174.
Trial 195 finished with value: 0.40833220637538975 and parameters: {'filter_size': 31, 'reg_beta': 0.0005, 'batch_size': 64}. Best is trial 156 with value: 0.3480654454179174.
Trial 195 finished with value: 0.40833220637538975 and parameters: {'filter_size': 31, 'reg_beta': 0.0005, 'batch_size': 64}. Best is trial 156 with value: 0.3480654454179174.
HBox(children=(FloatProgress(value=0.0, description='Training', layout=Layout(flex='2'), max=450.0, style=Prog…

Epoch 00167: ReduceLROnPlateau reducing learning rate to 0.0012499999720603228.

Epoch 00281: ReduceLROnPlateau reducing learning rate to 0.0006249999860301614.

Epoch 00361: ReduceLROnPlateau reducing learning rate to 0.0003124999930150807.

Epoch 00400: ReduceLROnPlateau reducing learning rate to 0.00015624999650754035.

Calibration rmse=0.48535176206158653
Tuning rmse=0.5993199100177516
[I 2021-07-16 17:16:03,364] Trial 196 finished with value: 0.3614689658125753 and parameters: {'filter_size': 45, 'reg_beta': 0.0135, 'batch_size': 128}. Best is trial 156 with value: 0.3480654454179174.
Trial 196 finished with value: 0.3614689658125753 and parameters: {'filter_size': 45, 'reg_beta': 0.0135, 'batch_size': 128}. Best is trial 156 with value: 0.3480654454179174.
Trial 196 finished with value: 0.3614689658125753 and parameters: {'filter_size': 45, 'reg_beta': 0.0135, 'batch_size': 128}. Best is trial 156 with value: 0.3480654454179174.
HBox(children=(FloatProgress(value=0.0, description='Training', layout=Layout(flex='2'), max=450.0, style=Prog…
[I 2021-07-16 17:16:18,109] Trial 197 pruned. Trial was pruned at epoch 50.
Trial 197 pruned. Trial was pruned at epoch 50.
Trial 197 pruned. Trial was pruned at epoch 50.
HBox(children=(FloatProgress(value=0.0, description='Training', layout=Layout(flex='2'), max=450.0, style=Prog…

Epoch 00100: ReduceLROnPlateau reducing learning rate to 0.0012499999720603228.
[I 2021-07-16 17:18:32,704] Trial 198 pruned. Trial was pruned at epoch 200.
Trial 198 pruned. Trial was pruned at epoch 200.
Trial 198 pruned. Trial was pruned at epoch 200.
HBox(children=(FloatProgress(value=0.0, description='Training', layout=Layout(flex='2'), max=450.0, style=Prog…

Epoch 00105: ReduceLROnPlateau reducing learning rate to 0.0012499999720603228.

Epoch 00161: ReduceLROnPlateau reducing learning rate to 0.0006249999860301614.

Epoch 00189: ReduceLROnPlateau reducing learning rate to 0.0003124999930150807.

Epoch 00214: ReduceLROnPlateau reducing learning rate to 0.00015624999650754035.

Calibration rmse=0.15435223250319227
Tuning rmse=0.5538893316399579
