[I 2021-07-16 15:01:20,709] Trial 128 pruned. Trial was pruned at epoch 50.
Trial 128 pruned. Trial was pruned at epoch 50.
Trial 128 pruned. Trial was pruned at epoch 50.
HBox(children=(FloatProgress(value=0.0, description='Training', layout=Layout(flex='2'), max=450.0, style=Prog…

Epoch 00102: ReduceLROnPlateau reducing learning rate to 0.0012499999720603228.

Epoch 00166: ReduceLROnPlateau reducing learning rate to 0.0006249999860301614.
[I 2021-07-16 15:03:31,704] Trial 129 pruned. Trial was pruned at epoch 200.
Trial 129 pruned. Trial was pruned at epoch 200.
Trial 129 pruned. Trial was pruned at epoch 200.
HBox(children=(FloatProgress(value=0.0, description='Training', layout=Layout(flex='2'), max=450.0, style=Prog…

Epoch 00139: ReduceLROnPlateau reducing learning rate to 0.0012499999720603228.
[I 2021-07-16 15:05:43,577] Trial 130 pruned. Trial was pruned at epoch 200.
Trial 130 pruned. Trial was pruned at epoch 200.
Trial 130 pruned. Trial was pruned at epoch 200.
HBox(children=(FloatProgress(value=0.0, description='Training', layout=Layout(flex='2'), max=450.0, style=Prog…

Epoch 00097: ReduceLROnPlateau reducing learning rate to 0.0012499999720603228.

Epoch 00161: ReduceLROnPlateau reducing learning rate to 0.0006249999860301614.

Epoch 00201: ReduceLROnPlateau reducing learning rate to 0.0003124999930150807.

Epoch 00259: ReduceLROnPlateau reducing learning rate to 0.00015624999650754035.

Epoch 00297: ReduceLROnPlateau reducing learning rate to 7.812499825377017e-05.

Epoch 00333: ReduceLROnPlateau reducing learning rate to 3.9062499126885086e-05.

Epoch 00440: ReduceLROnPlateau reducing learning rate to 1.9531249563442543e-05.

Calibration rmse=0.4977426385081285
Tuning rmse=0.6024673147160202
[I 2021-07-16 15:10:45,894] Trial 131 finished with value: 0.35884322291405946 and parameters: {'filter_size': 21, 'reg_beta': 0.0105, 'batch_size': 64}. Best is trial 23 with value: 0.35000284473203197.
Trial 131 finished with value: 0.35884322291405946 and parameters: {'filter_size': 21, 'reg_beta': 0.0105, 'batch_size': 64}. Best is trial 23 with value: 0.35000284473203197.
Trial 131 finished with value: 0.35884322291405946 and parameters: {'filter_size': 21, 'reg_beta': 0.0105, 'batch_size': 64}. Best is trial 23 with value: 0.35000284473203197.
HBox(children=(FloatProgress(value=0.0, description='Training', layout=Layout(flex='2'), max=450.0, style=Prog…

Epoch 00129: ReduceLROnPlateau reducing learning rate to 0.0012499999720603228.

Epoch 00197: ReduceLROnPlateau reducing learning rate to 0.0006249999860301614.

Epoch 00272: ReduceLROnPlateau reducing learning rate to 0.0003124999930150807.

Epoch 00337: ReduceLROnPlateau reducing learning rate to 0.00015624999650754035.

Epoch 00364: ReduceLROnPlateau reducing learning rate to 7.812499825377017e-05.

Epoch 00389: ReduceLROnPlateau reducing learning rate to 3.9062499126885086e-05.

Calibration rmse=0.2503600656842345
Tuning rmse=0.5536018277536384
[I 2021-07-16 15:15:00,800] Trial 132 finished with value: 0.3986983244781967 and parameters: {'filter_size': 27, 'reg_beta': 0.0015, 'batch_size': 64}. Best is trial 23 with value: 0.35000284473203197.
Trial 132 finished with value: 0.3986983244781967 and parameters: {'filter_size': 27, 'reg_beta': 0.0015, 'batch_size': 64}. Best is trial 23 with value: 0.35000284473203197.
Trial 132 finished with value: 0.3986983244781967 and parameters: {'filter_size': 27, 'reg_beta': 0.0015, 'batch_size': 64}. Best is trial 23 with value: 0.35000284473203197.
HBox(children=(FloatProgress(value=0.0, description='Training', layout=Layout(flex='2'), max=450.0, style=Prog…
[I 2021-07-16 15:15:55,293] Trial 133 pruned. Trial was pruned at epoch 200.
Trial 133 pruned. Trial was pruned at epoch 200.
Trial 133 pruned. Trial was pruned at epoch 200.
HBox(children=(FloatProgress(value=0.0, description='Training', layout=Layout(flex='2'), max=450.0, style=Prog…

Epoch 00185: ReduceLROnPlateau reducing learning rate to 0.0012499999720603228.
[I 2021-07-16 15:18:06,302] Trial 134 pruned. Trial was pruned at epoch 200.
Trial 134 pruned. Trial was pruned at epoch 200.
Trial 134 pruned. Trial was pruned at epoch 200.
HBox(children=(FloatProgress(value=0.0, description='Training', layout=Layout(flex='2'), max=450.0, style=Prog…

Epoch 00102: ReduceLROnPlateau reducing learning rate to 0.0012499999720603228.

Epoch 00179: ReduceLROnPlateau reducing learning rate to 0.0006249999860301614.

Epoch 00248: ReduceLROnPlateau reducing learning rate to 0.0003124999930150807.

Epoch 00278: ReduceLROnPlateau reducing learning rate to 0.00015624999650754035.

Epoch 00309: ReduceLROnPlateau reducing learning rate to 7.812499825377017e-05.

Epoch 00338: ReduceLROnPlateau reducing learning rate to 3.9062499126885086e-05.

Epoch 00373: ReduceLROnPlateau reducing learning rate to 1.9531249563442543e-05.

Epoch 00398: ReduceLROnPlateau reducing learning rate to 9.765624781721272e-06.

Calibration rmse=0.2603238067369544
Tuning rmse=0.5534596352267411
[I 2021-07-16 15:22:27,534] Trial 135 finished with value: 0.3960043593490197 and parameters: {'filter_size': 17, 'reg_beta': 0.0015, 'batch_size': 64}. Best is trial 23 with value: 0.35000284473203197.
Trial 135 finished with value: 0.3960043593490197 and parameters: {'filter_size': 17, 'reg_beta': 0.0015, 'batch_size': 64}. Best is trial 23 with value: 0.35000284473203197.
Trial 135 finished with value: 0.3960043593490197 and parameters: {'filter_size': 17, 'reg_beta': 0.0015, 'batch_size': 64}. Best is trial 23 with value: 0.35000284473203197.
HBox(children=(FloatProgress(value=0.0, description='Training', layout=Layout(flex='2'), max=450.0, style=Prog…

Epoch 00178: ReduceLROnPlateau reducing learning rate to 0.0012499999720603228.
[I 2021-07-16 15:24:41,413] Trial 136 pruned. Trial was pruned at epoch 200.
Trial 136 pruned. Trial was pruned at epoch 200.
Trial 136 pruned. Trial was pruned at epoch 200.
HBox(children=(FloatProgress(value=0.0, description='Training', layout=Layout(flex='2'), max=450.0, style=Prog…

Epoch 00172: ReduceLROnPlateau reducing learning rate to 0.0012499999720603228.

Epoch 00198: ReduceLROnPlateau reducing learning rate to 0.0006249999860301614.

Epoch 00255: ReduceLROnPlateau reducing learning rate to 0.0003124999930150807.

Epoch 00281: ReduceLROnPlateau reducing learning rate to 0.00015624999650754035.

Epoch 00306: ReduceLROnPlateau reducing learning rate to 7.812499825377017e-05.

Calibration rmse=0.26354748652871174
Tuning rmse=0.5792777451220203
[I 2021-07-16 15:28:04,914] Trial 137 finished with value: 0.4226915867300356 and parameters: {'filter_size': 5, 'reg_beta': 0.0005, 'batch_size': 64}. Best is trial 23 with value: 0.35000284473203197.
Trial 137 finished with value: 0.4226915867300356 and parameters: {'filter_size': 5, 'reg_beta': 0.0005, 'batch_size': 64}. Best is trial 23 with value: 0.35000284473203197.
Trial 137 finished with value: 0.4226915867300356 and parameters: {'filter_size': 5, 'reg_beta': 0.0005, 'batch_size': 64}. Best is trial 23 with value: 0.35000284473203197.
HBox(children=(FloatProgress(value=0.0, description='Training', layout=Layout(flex='2'), max=450.0, style=Prog…

Epoch 00138: ReduceLROnPlateau reducing learning rate to 0.0012499999720603228.
[I 2021-07-16 15:30:14,917] Trial 138 pruned. Trial was pruned at epoch 200.
Trial 138 pruned. Trial was pruned at epoch 200.
Trial 138 pruned. Trial was pruned at epoch 200.
HBox(children=(FloatProgress(value=0.0, description='Training', layout=Layout(flex='2'), max=450.0, style=Prog…

Epoch 00174: ReduceLROnPlateau reducing learning rate to 0.0012499999720603228.
[I 2021-07-16 15:31:11,062] Trial 139 pruned. Trial was pruned at epoch 200.
Trial 139 pruned. Trial was pruned at epoch 200.
Trial 139 pruned. Trial was pruned at epoch 200.
HBox(children=(FloatProgress(value=0.0, description='Training', layout=Layout(flex='2'), max=450.0, style=Prog…

Epoch 00180: ReduceLROnPlateau reducing learning rate to 0.0012499999720603228.
[I 2021-07-16 15:33:21,845] Trial 140 pruned. Trial was pruned at epoch 200.
Trial 140 pruned. Trial was pruned at epoch 200.
Trial 140 pruned. Trial was pruned at epoch 200.
HBox(children=(FloatProgress(value=0.0, description='Training', layout=Layout(flex='2'), max=450.0, style=Prog…

Epoch 00123: ReduceLROnPlateau reducing learning rate to 0.0012499999720603228.

Epoch 00168: ReduceLROnPlateau reducing learning rate to 0.0006249999860301614.
[I 2021-07-16 15:35:34,315] Trial 141 pruned. Trial was pruned at epoch 200.
Trial 141 pruned. Trial was pruned at epoch 200.
Trial 141 pruned. Trial was pruned at epoch 200.
HBox(children=(FloatProgress(value=0.0, description='Training', layout=Layout(flex='2'), max=450.0, style=Prog…
[I 2021-07-16 15:36:11,016] Trial 142 pruned. Trial was pruned at epoch 50.
Trial 142 pruned. Trial was pruned at epoch 50.
Trial 142 pruned. Trial was pruned at epoch 50.
HBox(children=(FloatProgress(value=0.0, description='Training', layout=Layout(flex='2'), max=450.0, style=Prog…
[I 2021-07-16 15:36:31,159] Trial 143 pruned. Trial was pruned at epoch 50.
Trial 143 pruned. Trial was pruned at epoch 50.
Trial 143 pruned. Trial was pruned at epoch 50.
HBox(children=(FloatProgress(value=0.0, description='Training', layout=Layout(flex='2'), max=450.0, style=Prog…
[I 2021-07-16 15:37:06,131] Trial 144 pruned. Trial was pruned at epoch 50.
Trial 144 pruned. Trial was pruned at epoch 50.
Trial 144 pruned. Trial was pruned at epoch 50.
HBox(children=(FloatProgress(value=0.0, description='Training', layout=Layout(flex='2'), max=450.0, style=Prog…
[I 2021-07-16 15:37:52,105] Trial 145 pruned. Trial was pruned at epoch 200.
Trial 145 pruned. Trial was pruned at epoch 200.
Trial 145 pruned. Trial was pruned at epoch 200.
HBox(children=(FloatProgress(value=0.0, description='Training', layout=Layout(flex='2'), max=450.0, style=Prog…
[I 2021-07-16 15:38:27,203] Trial 146 pruned. Trial was pruned at epoch 50.
Trial 146 pruned. Trial was pruned at epoch 50.
Trial 146 pruned. Trial was pruned at epoch 50.
HBox(children=(FloatProgress(value=0.0, description='Training', layout=Layout(flex='2'), max=450.0, style=Prog…

Epoch 00172: ReduceLROnPlateau reducing learning rate to 0.0012499999720603228.
[I 2021-07-16 15:39:43,736] Trial 147 pruned. Trial was pruned at epoch 200.
Trial 147 pruned. Trial was pruned at epoch 200.
Trial 147 pruned. Trial was pruned at epoch 200.
HBox(children=(FloatProgress(value=0.0, description='Training', layout=Layout(flex='2'), max=450.0, style=Prog…
[I 2021-07-16 15:40:30,294] Trial 148 pruned. Trial was pruned at epoch 200.
Trial 148 pruned. Trial was pruned at epoch 200.
Trial 148 pruned. Trial was pruned at epoch 200.
HBox(children=(FloatProgress(value=0.0, description='Training', layout=Layout(flex='2'), max=450.0, style=Prog…
[I 2021-07-16 15:41:06,622] Trial 149 pruned. Trial was pruned at epoch 50.
Trial 149 pruned. Trial was pruned at epoch 50.
Trial 149 pruned. Trial was pruned at epoch 50.
HBox(children=(FloatProgress(value=0.0, description='Training', layout=Layout(flex='2'), max=450.0, style=Prog…
[I 2021-07-16 15:41:54,059] Trial 150 pruned. Trial was pruned at epoch 200.
Trial 150 pruned. Trial was pruned at epoch 200.
Trial 150 pruned. Trial was pruned at epoch 200.
HBox(children=(FloatProgress(value=0.0, description='Training', layout=Layout(flex='2'), max=450.0, style=Prog…

Epoch 00208: ReduceLROnPlateau reducing learning rate to 0.0012499999720603228.

Epoch 00236: ReduceLROnPlateau reducing learning rate to 0.0006249999860301614.

Epoch 00261: ReduceLROnPlateau reducing learning rate to 0.0003124999930150807.

Calibration rmse=0.18477623165082963
Tuning rmse=0.5599696946033154
[I 2021-07-16 15:43:28,954] Trial 151 finished with value: 0.4196967488471823 and parameters: {'filter_size': 27, 'reg_beta': 0.0, 'batch_size': 128}. Best is trial 23 with value: 0.35000284473203197.
Trial 151 finished with value: 0.4196967488471823 and parameters: {'filter_size': 27, 'reg_beta': 0.0, 'batch_size': 128}. Best is trial 23 with value: 0.35000284473203197.
Trial 151 finished with value: 0.4196967488471823 and parameters: {'filter_size': 27, 'reg_beta': 0.0, 'batch_size': 128}. Best is trial 23 with value: 0.35000284473203197.
HBox(children=(FloatProgress(value=0.0, description='Training', layout=Layout(flex='2'), max=450.0, style=Prog…

Epoch 00091: ReduceLROnPlateau reducing learning rate to 0.0012499999720603228.

Epoch 00149: ReduceLROnPlateau reducing learning rate to 0.0006249999860301614.

Epoch 00209: ReduceLROnPlateau reducing learning rate to 0.0003124999930150807.

Epoch 00245: ReduceLROnPlateau reducing learning rate to 0.00015624999650754035.

Epoch 00272: ReduceLROnPlateau reducing learning rate to 7.812499825377017e-05.

Epoch 00297: ReduceLROnPlateau reducing learning rate to 3.9062499126885086e-05.

Calibration rmse=0.21631510360945252
Tuning rmse=0.5378554554995848
[I 2021-07-16 15:46:46,824] Trial 152 finished with value: 0.39017586123034126 and parameters: {'filter_size': 23, 'reg_beta': 0.001, 'batch_size': 64}. Best is trial 23 with value: 0.35000284473203197.
Trial 152 finished with value: 0.39017586123034126 and parameters: {'filter_size': 23, 'reg_beta': 0.001, 'batch_size': 64}. Best is trial 23 with value: 0.35000284473203197.
Trial 152 finished with value: 0.39017586123034126 and parameters: {'filter_size': 23, 'reg_beta': 0.001, 'batch_size': 64}. Best is trial 23 with value: 0.35000284473203197.
HBox(children=(FloatProgress(value=0.0, description='Training', layout=Layout(flex='2'), max=450.0, style=Prog…

Epoch 00114: ReduceLROnPlateau reducing learning rate to 0.0012499999720603228.

Epoch 00175: ReduceLROnPlateau reducing learning rate to 0.0006249999860301614.
[I 2021-07-16 15:49:06,921] Trial 153 pruned. Trial was pruned at epoch 200.
Trial 153 pruned. Trial was pruned at epoch 200.
Trial 153 pruned. Trial was pruned at epoch 200.
HBox(children=(FloatProgress(value=0.0, description='Training', layout=Layout(flex='2'), max=450.0, style=Prog…

Epoch 00148: ReduceLROnPlateau reducing learning rate to 0.0012499999720603228.
[I 2021-07-16 15:51:25,901] Trial 154 pruned. Trial was pruned at epoch 200.
Trial 154 pruned. Trial was pruned at epoch 200.
Trial 154 pruned. Trial was pruned at epoch 200.
HBox(children=(FloatProgress(value=0.0, description='Training', layout=Layout(flex='2'), max=450.0, style=Prog…

Epoch 00128: ReduceLROnPlateau reducing learning rate to 0.0012499999720603228.

Epoch 00175: ReduceLROnPlateau reducing learning rate to 0.0006249999860301614.

Epoch 00223: ReduceLROnPlateau reducing learning rate to 0.0003124999930150807.

Epoch 00273: ReduceLROnPlateau reducing learning rate to 0.00015624999650754035.

Epoch 00337: ReduceLROnPlateau reducing learning rate to 7.812499825377017e-05.

Epoch 00362: ReduceLROnPlateau reducing learning rate to 3.9062499126885086e-05.

Calibration rmse=0.3159591907333807
Tuning rmse=0.5549516988906131
[I 2021-07-16 15:55:34,551] Trial 155 finished with value: 0.38154643839164903 and parameters: {'filter_size': 43, 'reg_beta': 0.002, 'batch_size': 64}. Best is trial 23 with value: 0.35000284473203197.
Trial 155 finished with value: 0.38154643839164903 and parameters: {'filter_size': 43, 'reg_beta': 0.002, 'batch_size': 64}. Best is trial 23 with value: 0.35000284473203197.
Trial 155 finished with value: 0.38154643839164903 and parameters: {'filter_size': 43, 'reg_beta': 0.002, 'batch_size': 64}. Best is trial 23 with value: 0.35000284473203197.
HBox(children=(FloatProgress(value=0.0, description='Training', layout=Layout(flex='2'), max=450.0, style=Prog…

Epoch 00166: ReduceLROnPlateau reducing learning rate to 0.0012499999720603228.

Epoch 00277: ReduceLROnPlateau reducing learning rate to 0.0006249999860301614.

Epoch 00361: ReduceLROnPlateau reducing learning rate to 0.0003124999930150807.

Epoch 00427: ReduceLROnPlateau reducing learning rate to 0.00015624999650754035.

Calibration rmse=0.507019009905284
Tuning rmse=0.5969043564692271
[I 2021-07-16 15:58:31,713] Trial 156 finished with value: 0.3480654454179174 and parameters: {'filter_size': 45, 'reg_beta': 0.015, 'batch_size': 128}. Best is trial 156 with value: 0.3480654454179174.
Trial 156 finished with value: 0.3480654454179174 and parameters: {'filter_size': 45, 'reg_beta': 0.015, 'batch_size': 128}. Best is trial 156 with value: 0.3480654454179174.
Trial 156 finished with value: 0.3480654454179174 and parameters: {'filter_size': 45, 'reg_beta': 0.015, 'batch_size': 128}. Best is trial 156 with value: 0.3480654454179174.
HBox(children=(FloatProgress(value=0.0, description='Training', layout=Layout(flex='2'), max=450.0, style=Prog…

Epoch 00111: ReduceLROnPlateau reducing learning rate to 0.0012499999720603228.

Epoch 00199: ReduceLROnPlateau reducing learning rate to 0.0006249999860301614.
[I 2021-07-16 16:00:58,937] Trial 157 pruned. Trial was pruned at epoch 200.
Trial 157 pruned. Trial was pruned at epoch 200.
Trial 157 pruned. Trial was pruned at epoch 200.
HBox(children=(FloatProgress(value=0.0, description='Training', layout=Layout(flex='2'), max=450.0, style=Prog…

Epoch 00166: ReduceLROnPlateau reducing learning rate to 0.0012499999720603228.
[I 2021-07-16 16:03:23,624] Trial 158 pruned. Trial was pruned at epoch 200.
Trial 158 pruned. Trial was pruned at epoch 200.
Trial 158 pruned. Trial was pruned at epoch 200.
HBox(children=(FloatProgress(value=0.0, description='Training', layout=Layout(flex='2'), max=450.0, style=Prog…

Epoch 00166: ReduceLROnPlateau reducing learning rate to 0.0012499999720603228.

Epoch 00213: ReduceLROnPlateau reducing learning rate to 0.0006249999860301614.

Epoch 00263: ReduceLROnPlateau reducing learning rate to 0.0003124999930150807.

Epoch 00321: ReduceLROnPlateau reducing learning rate to 0.00015624999650754035.

Epoch 00361: ReduceLROnPlateau reducing learning rate to 7.812499825377017e-05.

Calibration rmse=0.5032020201875983
Tuning rmse=0.603384108549524
[I 2021-07-16 16:06:26,056] Trial 159 finished with value: 0.3571221089393738 and parameters: {'filter_size': 43, 'reg_beta': 0.0145, 'batch_size': 128}. Best is trial 156 with value: 0.3480654454179174.
Trial 159 finished with value: 0.3571221089393738 and parameters: {'filter_size': 43, 'reg_beta': 0.0145, 'batch_size': 128}. Best is trial 156 with value: 0.3480654454179174.
Trial 159 finished with value: 0.3571221089393738 and parameters: {'filter_size': 43, 'reg_beta': 0.0145, 'batch_size': 128}. Best is trial 156 with value: 0.3480654454179174.
HBox(children=(FloatProgress(value=0.0, description='Training', layout=Layout(flex='2'), max=450.0, style=Prog…

Epoch 00281: ReduceLROnPlateau reducing learning rate to 0.0012499999720603228.

Epoch 00347: ReduceLROnPlateau reducing learning rate to 0.0006249999860301614.

Epoch 00392: ReduceLROnPlateau reducing learning rate to 0.0003124999930150807.

Calibration rmse=0.5398606183167282
Tuning rmse=0.6179951803195378
[I 2021-07-16 16:09:16,856] Trial 160 finished with value: 0.3542318680041979 and parameters: {'filter_size': 51, 'reg_beta': 0.0145, 'batch_size': 128}. Best is trial 156 with value: 0.3480654454179174.
Trial 160 finished with value: 0.3542318680041979 and parameters: {'filter_size': 51, 'reg_beta': 0.0145, 'batch_size': 128}. Best is trial 156 with value: 0.3480654454179174.
Trial 160 finished with value: 0.3542318680041979 and parameters: {'filter_size': 51, 'reg_beta': 0.0145, 'batch_size': 128}. Best is trial 156 with value: 0.3480654454179174.
HBox(children=(FloatProgress(value=0.0, description='Training', layout=Layout(flex='2'), max=450.0, style=Prog…

Epoch 00167: ReduceLROnPlateau reducing learning rate to 0.0012499999720603228.

Epoch 00197: ReduceLROnPlateau reducing learning rate to 0.0006249999860301614.

Epoch 00264: ReduceLROnPlateau reducing learning rate to 0.0003124999930150807.

Epoch 00299: ReduceLROnPlateau reducing learning rate to 0.00015624999650754035.

Epoch 00337: ReduceLROnPlateau reducing learning rate to 7.812499825377017e-05.

Epoch 00362: ReduceLROnPlateau reducing learning rate to 3.9062499126885086e-05.

Calibration rmse=0.22949896457486332
Tuning rmse=0.5540264381252662
[I 2021-07-16 16:13:20,116] Trial 161 finished with value: 0.4041509787630506 and parameters: {'filter_size': 21, 'reg_beta': 0.001, 'batch_size': 64}. Best is trial 156 with value: 0.3480654454179174.
Trial 161 finished with value: 0.4041509787630506 and parameters: {'filter_size': 21, 'reg_beta': 0.001, 'batch_size': 64}. Best is trial 156 with value: 0.3480654454179174.
Trial 161 finished with value: 0.4041509787630506 and parameters: {'filter_size': 21, 'reg_beta': 0.001, 'batch_size': 64}. Best is trial 156 with value: 0.3480654454179174.
HBox(children=(FloatProgress(value=0.0, description='Training', layout=Layout(flex='2'), max=450.0, style=Prog…

Epoch 00117: ReduceLROnPlateau reducing learning rate to 0.0012499999720603228.
[I 2021-07-16 16:15:36,975] Trial 162 pruned. Trial was pruned at epoch 200.
Trial 162 pruned. Trial was pruned at epoch 200.
Trial 162 pruned. Trial was pruned at epoch 200.
HBox(children=(FloatProgress(value=0.0, description='Training', layout=Layout(flex='2'), max=450.0, style=Prog…

Epoch 00166: ReduceLROnPlateau reducing learning rate to 0.0012499999720603228.
[I 2021-07-16 16:16:54,156] Trial 163 pruned. Trial was pruned at epoch 200.
Trial 163 pruned. Trial was pruned at epoch 200.
Trial 163 pruned. Trial was pruned at epoch 200.
HBox(children=(FloatProgress(value=0.0, description='Training', layout=Layout(flex='2'), max=450.0, style=Prog…
[I 2021-07-16 16:17:31,239] Trial 164 pruned. Trial was pruned at epoch 50.
Trial 164 pruned. Trial was pruned at epoch 50.
Trial 164 pruned. Trial was pruned at epoch 50.
HBox(children=(FloatProgress(value=0.0, description='Training', layout=Layout(flex='2'), max=450.0, style=Prog…
[I 2021-07-16 16:18:28,565] Trial 165 pruned. Trial was pruned at epoch 200.
Trial 165 pruned. Trial was pruned at epoch 200.
