[I 2021-07-16 17:20:44,847] Trial 199 finished with value: 0.41842905583289886 and parameters: {'filter_size': 23, 'reg_beta': 0.0, 'batch_size': 64}. Best is trial 156 with value: 0.3480654454179174.
Trial 199 finished with value: 0.41842905583289886 and parameters: {'filter_size': 23, 'reg_beta': 0.0, 'batch_size': 64}. Best is trial 156 with value: 0.3480654454179174.
Trial 199 finished with value: 0.41842905583289886 and parameters: {'filter_size': 23, 'reg_beta': 0.0, 'batch_size': 64}. Best is trial 156 with value: 0.3480654454179174.
HBox(children=(FloatProgress(value=0.0, description='Training', layout=Layout(flex='2'), max=450.0, style=Prog…
[I 2021-07-16 17:21:17,970] Trial 200 pruned. Trial was pruned at epoch 50.
Trial 200 pruned. Trial was pruned at epoch 50.
Trial 200 pruned. Trial was pruned at epoch 50.
HBox(children=(FloatProgress(value=0.0, description='Training', layout=Layout(flex='2'), max=450.0, style=Prog…
[I 2021-07-16 17:21:51,187] Trial 201 pruned. Trial was pruned at epoch 50.
Trial 201 pruned. Trial was pruned at epoch 50.
Trial 201 pruned. Trial was pruned at epoch 50.
HBox(children=(FloatProgress(value=0.0, description='Training', layout=Layout(flex='2'), max=450.0, style=Prog…
[I 2021-07-16 17:22:24,727] Trial 202 pruned. Trial was pruned at epoch 50.
Trial 202 pruned. Trial was pruned at epoch 50.
Trial 202 pruned. Trial was pruned at epoch 50.
HBox(children=(FloatProgress(value=0.0, description='Training', layout=Layout(flex='2'), max=450.0, style=Prog…
[I 2021-07-16 17:22:59,004] Trial 203 pruned. Trial was pruned at epoch 50.
Trial 203 pruned. Trial was pruned at epoch 50.
Trial 203 pruned. Trial was pruned at epoch 50.
HBox(children=(FloatProgress(value=0.0, description='Training', layout=Layout(flex='2'), max=450.0, style=Prog…
[I 2021-07-16 17:23:32,607] Trial 204 pruned. Trial was pruned at epoch 50.
Trial 204 pruned. Trial was pruned at epoch 50.
Trial 204 pruned. Trial was pruned at epoch 50.
HBox(children=(FloatProgress(value=0.0, description='Training', layout=Layout(flex='2'), max=450.0, style=Prog…
[I 2021-07-16 17:24:06,244] Trial 205 pruned. Trial was pruned at epoch 50.
Trial 205 pruned. Trial was pruned at epoch 50.
Trial 205 pruned. Trial was pruned at epoch 50.
HBox(children=(FloatProgress(value=0.0, description='Training', layout=Layout(flex='2'), max=450.0, style=Prog…

Epoch 00172: ReduceLROnPlateau reducing learning rate to 0.0012499999720603228.

Epoch 00213: ReduceLROnPlateau reducing learning rate to 0.0006249999860301614.

Epoch 00305: ReduceLROnPlateau reducing learning rate to 0.0003124999930150807.

Epoch 00337: ReduceLROnPlateau reducing learning rate to 0.00015624999650754035.

Epoch 00405: ReduceLROnPlateau reducing learning rate to 7.812499825377017e-05.

Calibration rmse=0.3941211457443638
Tuning rmse=0.5682629113415077
[I 2021-07-16 17:26:51,526] Trial 206 finished with value: 0.367927085112492 and parameters: {'filter_size': 41, 'reg_beta': 0.006, 'batch_size': 128}. Best is trial 156 with value: 0.3480654454179174.
Trial 206 finished with value: 0.367927085112492 and parameters: {'filter_size': 41, 'reg_beta': 0.006, 'batch_size': 128}. Best is trial 156 with value: 0.3480654454179174.
Trial 206 finished with value: 0.367927085112492 and parameters: {'filter_size': 41, 'reg_beta': 0.006, 'batch_size': 128}. Best is trial 156 with value: 0.3480654454179174.
HBox(children=(FloatProgress(value=0.0, description='Training', layout=Layout(flex='2'), max=450.0, style=Prog…
[I 2021-07-16 17:27:34,681] Trial 207 pruned. Trial was pruned at epoch 200.
Trial 207 pruned. Trial was pruned at epoch 200.
Trial 207 pruned. Trial was pruned at epoch 200.
HBox(children=(FloatProgress(value=0.0, description='Training', layout=Layout(flex='2'), max=450.0, style=Prog…
[I 2021-07-16 17:28:09,021] Trial 208 pruned. Trial was pruned at epoch 50.
Trial 208 pruned. Trial was pruned at epoch 50.
Trial 208 pruned. Trial was pruned at epoch 50.
HBox(children=(FloatProgress(value=0.0, description='Training', layout=Layout(flex='2'), max=450.0, style=Prog…

Epoch 00117: ReduceLROnPlateau reducing learning rate to 0.0012499999720603228.

Epoch 00175: ReduceLROnPlateau reducing learning rate to 0.0006249999860301614.

Epoch 00229: ReduceLROnPlateau reducing learning rate to 0.0003124999930150807.

Epoch 00255: ReduceLROnPlateau reducing learning rate to 0.00015624999650754035.

Epoch 00281: ReduceLROnPlateau reducing learning rate to 7.812499825377017e-05.

Epoch 00306: ReduceLROnPlateau reducing learning rate to 3.9062499126885086e-05.

Calibration rmse=0.16764130390629578
Tuning rmse=0.5429768458798836
[I 2021-07-16 17:31:25,238] Trial 209 finished with value: 0.4048485471330737 and parameters: {'filter_size': 41, 'reg_beta': 0.0005, 'batch_size': 64}. Best is trial 156 with value: 0.3480654454179174.
Trial 209 finished with value: 0.4048485471330737 and parameters: {'filter_size': 41, 'reg_beta': 0.0005, 'batch_size': 64}. Best is trial 156 with value: 0.3480654454179174.
Trial 209 finished with value: 0.4048485471330737 and parameters: {'filter_size': 41, 'reg_beta': 0.0005, 'batch_size': 64}. Best is trial 156 with value: 0.3480654454179174.
HBox(children=(FloatProgress(value=0.0, description='Training', layout=Layout(flex='2'), max=450.0, style=Prog…

Epoch 00166: ReduceLROnPlateau reducing learning rate to 0.0012499999720603228.
[I 2021-07-16 17:32:41,245] Trial 210 pruned. Trial was pruned at epoch 200.
Trial 210 pruned. Trial was pruned at epoch 200.
Trial 210 pruned. Trial was pruned at epoch 200.
HBox(children=(FloatProgress(value=0.0, description='Training', layout=Layout(flex='2'), max=450.0, style=Prog…

Epoch 00128: ReduceLROnPlateau reducing learning rate to 0.0012499999720603228.

Epoch 00159: ReduceLROnPlateau reducing learning rate to 0.0006249999860301614.

Epoch 00186: ReduceLROnPlateau reducing learning rate to 0.0003124999930150807.

Epoch 00211: ReduceLROnPlateau reducing learning rate to 0.00015624999650754035.

Calibration rmse=0.22829827952068762
Tuning rmse=0.5631944290529064
[I 2021-07-16 17:33:54,732] Trial 211 finished with value: 0.4141311447685148 and parameters: {'filter_size': 31, 'reg_beta': 0.0, 'batch_size': 128}. Best is trial 156 with value: 0.3480654454179174.
Trial 211 finished with value: 0.4141311447685148 and parameters: {'filter_size': 31, 'reg_beta': 0.0, 'batch_size': 128}. Best is trial 156 with value: 0.3480654454179174.
Trial 211 finished with value: 0.4141311447685148 and parameters: {'filter_size': 31, 'reg_beta': 0.0, 'batch_size': 128}. Best is trial 156 with value: 0.3480654454179174.
HBox(children=(FloatProgress(value=0.0, description='Training', layout=Layout(flex='2'), max=450.0, style=Prog…

Epoch 00166: ReduceLROnPlateau reducing learning rate to 0.0012499999720603228.
[I 2021-07-16 17:35:08,186] Trial 212 pruned. Trial was pruned at epoch 200.
Trial 212 pruned. Trial was pruned at epoch 200.
Trial 212 pruned. Trial was pruned at epoch 200.
HBox(children=(FloatProgress(value=0.0, description='Training', layout=Layout(flex='2'), max=450.0, style=Prog…

Epoch 00166: ReduceLROnPlateau reducing learning rate to 0.0012499999720603228.

Epoch 00201: ReduceLROnPlateau reducing learning rate to 0.0006249999860301614.
[I 2021-07-16 17:37:22,528] Trial 213 pruned. Trial was pruned at epoch 200.
Trial 213 pruned. Trial was pruned at epoch 200.
Trial 213 pruned. Trial was pruned at epoch 200.
HBox(children=(FloatProgress(value=0.0, description='Training', layout=Layout(flex='2'), max=450.0, style=Prog…

Epoch 00148: ReduceLROnPlateau reducing learning rate to 0.0012499999720603228.

Epoch 00238: ReduceLROnPlateau reducing learning rate to 0.0006249999860301614.

Epoch 00297: ReduceLROnPlateau reducing learning rate to 0.0003124999930150807.

Epoch 00354: ReduceLROnPlateau reducing learning rate to 0.00015624999650754035.

Epoch 00392: ReduceLROnPlateau reducing learning rate to 7.812499825377017e-05.

Calibration rmse=0.5192080187771976
Tuning rmse=0.6068931559980862
[I 2021-07-16 17:42:20,540] Trial 214 finished with value: 0.3528177460164305 and parameters: {'filter_size': 35, 'reg_beta': 0.0105, 'batch_size': 64}. Best is trial 156 with value: 0.3480654454179174.
Trial 214 finished with value: 0.3528177460164305 and parameters: {'filter_size': 35, 'reg_beta': 0.0105, 'batch_size': 64}. Best is trial 156 with value: 0.3480654454179174.
Trial 214 finished with value: 0.3528177460164305 and parameters: {'filter_size': 35, 'reg_beta': 0.0105, 'batch_size': 64}. Best is trial 156 with value: 0.3480654454179174.
HBox(children=(FloatProgress(value=0.0, description='Training', layout=Layout(flex='2'), max=450.0, style=Prog…
[I 2021-07-16 17:42:39,961] Trial 215 pruned. Trial was pruned at epoch 50.
Trial 215 pruned. Trial was pruned at epoch 50.
Trial 215 pruned. Trial was pruned at epoch 50.
HBox(children=(FloatProgress(value=0.0, description='Training', layout=Layout(flex='2'), max=450.0, style=Prog…

Epoch 00166: ReduceLROnPlateau reducing learning rate to 0.0012499999720603228.
[I 2021-07-16 17:43:54,122] Trial 216 pruned. Trial was pruned at epoch 200.
Trial 216 pruned. Trial was pruned at epoch 200.
Trial 216 pruned. Trial was pruned at epoch 200.
HBox(children=(FloatProgress(value=0.0, description='Training', layout=Layout(flex='2'), max=450.0, style=Prog…

Epoch 00117: ReduceLROnPlateau reducing learning rate to 0.0012499999720603228.
[I 2021-07-16 17:46:08,839] Trial 217 pruned. Trial was pruned at epoch 200.
Trial 217 pruned. Trial was pruned at epoch 200.
Trial 217 pruned. Trial was pruned at epoch 200.
HBox(children=(FloatProgress(value=0.0, description='Training', layout=Layout(flex='2'), max=450.0, style=Prog…

Epoch 00184: ReduceLROnPlateau reducing learning rate to 0.0012499999720603228.

Epoch 00212: ReduceLROnPlateau reducing learning rate to 0.0006249999860301614.

Epoch 00237: ReduceLROnPlateau reducing learning rate to 0.0003124999930150807.

Calibration rmse=0.17006080801247234
Tuning rmse=0.5494069207110726
[I 2021-07-16 17:48:36,293] Trial 218 finished with value: 0.4111671034072202 and parameters: {'filter_size': 31, 'reg_beta': 0.0, 'batch_size': 64}. Best is trial 156 with value: 0.3480654454179174.
Trial 218 finished with value: 0.4111671034072202 and parameters: {'filter_size': 31, 'reg_beta': 0.0, 'batch_size': 64}. Best is trial 156 with value: 0.3480654454179174.
Trial 218 finished with value: 0.4111671034072202 and parameters: {'filter_size': 31, 'reg_beta': 0.0, 'batch_size': 64}. Best is trial 156 with value: 0.3480654454179174.
HBox(children=(FloatProgress(value=0.0, description='Training', layout=Layout(flex='2'), max=450.0, style=Prog…

Epoch 00129: ReduceLROnPlateau reducing learning rate to 0.0012499999720603228.

Epoch 00196: ReduceLROnPlateau reducing learning rate to 0.0006249999860301614.

Epoch 00376: ReduceLROnPlateau reducing learning rate to 0.0003124999930150807.

Epoch 00413: ReduceLROnPlateau reducing learning rate to 0.00015624999650754035.

Calibration rmse=0.5328124015561905
Tuning rmse=0.6178939735513828
[I 2021-07-16 17:53:39,712] Trial 219 finished with value: 0.35789894042521225 and parameters: {'filter_size': 39, 'reg_beta': 0.011, 'batch_size': 64}. Best is trial 156 with value: 0.3480654454179174.
Trial 219 finished with value: 0.35789894042521225 and parameters: {'filter_size': 39, 'reg_beta': 0.011, 'batch_size': 64}. Best is trial 156 with value: 0.3480654454179174.
Trial 219 finished with value: 0.35789894042521225 and parameters: {'filter_size': 39, 'reg_beta': 0.011, 'batch_size': 64}. Best is trial 156 with value: 0.3480654454179174.
HBox(children=(FloatProgress(value=0.0, description='Training', layout=Layout(flex='2'), max=450.0, style=Prog…

Epoch 00152: ReduceLROnPlateau reducing learning rate to 0.0012499999720603228.
[I 2021-07-16 17:55:50,647] Trial 220 pruned. Trial was pruned at epoch 200.
Trial 220 pruned. Trial was pruned at epoch 200.
Trial 220 pruned. Trial was pruned at epoch 200.
HBox(children=(FloatProgress(value=0.0, description='Training', layout=Layout(flex='2'), max=450.0, style=Prog…
[I 2021-07-16 17:56:25,280] Trial 221 pruned. Trial was pruned at epoch 50.
Trial 221 pruned. Trial was pruned at epoch 50.
Trial 221 pruned. Trial was pruned at epoch 50.
HBox(children=(FloatProgress(value=0.0, description='Training', layout=Layout(flex='2'), max=450.0, style=Prog…
[I 2021-07-16 17:56:59,724] Trial 222 pruned. Trial was pruned at epoch 50.
Trial 222 pruned. Trial was pruned at epoch 50.
Trial 222 pruned. Trial was pruned at epoch 50.
HBox(children=(FloatProgress(value=0.0, description='Training', layout=Layout(flex='2'), max=450.0, style=Prog…
[I 2021-07-16 17:57:55,571] Trial 223 pruned. Trial was pruned at epoch 200.
Trial 223 pruned. Trial was pruned at epoch 200.
Trial 223 pruned. Trial was pruned at epoch 200.
HBox(children=(FloatProgress(value=0.0, description='Training', layout=Layout(flex='2'), max=450.0, style=Prog…

Epoch 00100: ReduceLROnPlateau reducing learning rate to 0.0012499999720603228.

Epoch 00148: ReduceLROnPlateau reducing learning rate to 0.0006249999860301614.
[I 2021-07-16 18:00:10,219] Trial 224 pruned. Trial was pruned at epoch 200.
Trial 224 pruned. Trial was pruned at epoch 200.
Trial 224 pruned. Trial was pruned at epoch 200.
HBox(children=(FloatProgress(value=0.0, description='Training', layout=Layout(flex='2'), max=450.0, style=Prog…

Epoch 00114: ReduceLROnPlateau reducing learning rate to 0.0012499999720603228.

Epoch 00162: ReduceLROnPlateau reducing learning rate to 0.0006249999860301614.

Epoch 00239: ReduceLROnPlateau reducing learning rate to 0.0003124999930150807.

Epoch 00268: ReduceLROnPlateau reducing learning rate to 0.00015624999650754035.

Epoch 00310: ReduceLROnPlateau reducing learning rate to 7.812499825377017e-05.

Epoch 00364: ReduceLROnPlateau reducing learning rate to 3.9062499126885086e-05.

Epoch 00389: ReduceLROnPlateau reducing learning rate to 1.9531249563442543e-05.

Calibration rmse=0.14751740820645026
Tuning rmse=0.5383310469361322
[I 2021-07-16 18:04:26,831] Trial 225 finished with value: 0.40318498865376795 and parameters: {'filter_size': 31, 'reg_beta': 0.0005, 'batch_size': 64}. Best is trial 156 with value: 0.3480654454179174.
Trial 225 finished with value: 0.40318498865376795 and parameters: {'filter_size': 31, 'reg_beta': 0.0005, 'batch_size': 64}. Best is trial 156 with value: 0.3480654454179174.
Trial 225 finished with value: 0.40318498865376795 and parameters: {'filter_size': 31, 'reg_beta': 0.0005, 'batch_size': 64}. Best is trial 156 with value: 0.3480654454179174.
HBox(children=(FloatProgress(value=0.0, description='Training', layout=Layout(flex='2'), max=450.0, style=Prog…

Epoch 00191: ReduceLROnPlateau reducing learning rate to 0.0012499999720603228.

Epoch 00229: ReduceLROnPlateau reducing learning rate to 0.0006249999860301614.

Epoch 00281: ReduceLROnPlateau reducing learning rate to 0.0003124999930150807.

Epoch 00351: ReduceLROnPlateau reducing learning rate to 0.00015624999650754035.

Epoch 00406: ReduceLROnPlateau reducing learning rate to 7.812499825377017e-05.

Calibration rmse=0.3992352633410947
Tuning rmse=0.5718960138014246
[I 2021-07-16 18:09:23,422] Trial 226 finished with value: 0.3697861344541753 and parameters: {'filter_size': 31, 'reg_beta': 0.0035, 'batch_size': 64}. Best is trial 156 with value: 0.3480654454179174.
Trial 226 finished with value: 0.3697861344541753 and parameters: {'filter_size': 31, 'reg_beta': 0.0035, 'batch_size': 64}. Best is trial 156 with value: 0.3480654454179174.
Trial 226 finished with value: 0.3697861344541753 and parameters: {'filter_size': 31, 'reg_beta': 0.0035, 'batch_size': 64}. Best is trial 156 with value: 0.3480654454179174.
HBox(children=(FloatProgress(value=0.0, description='Training', layout=Layout(flex='2'), max=450.0, style=Prog…
[I 2021-07-16 18:09:57,183] Trial 227 pruned. Trial was pruned at epoch 50.
Trial 227 pruned. Trial was pruned at epoch 50.
Trial 227 pruned. Trial was pruned at epoch 50.
HBox(children=(FloatProgress(value=0.0, description='Training', layout=Layout(flex='2'), max=450.0, style=Prog…
[I 2021-07-16 18:10:52,084] Trial 228 pruned. Trial was pruned at epoch 200.
Trial 228 pruned. Trial was pruned at epoch 200.
Trial 228 pruned. Trial was pruned at epoch 200.
HBox(children=(FloatProgress(value=0.0, description='Training', layout=Layout(flex='2'), max=450.0, style=Prog…

Epoch 00097: ReduceLROnPlateau reducing learning rate to 0.0012499999720603228.

Epoch 00125: ReduceLROnPlateau reducing learning rate to 0.0006249999860301614.

Epoch 00152: ReduceLROnPlateau reducing learning rate to 0.0003124999930150807.

Epoch 00177: ReduceLROnPlateau reducing learning rate to 0.00015624999650754035.

Calibration rmse=0.21788186423277844
Tuning rmse=0.5523344284630745
[I 2021-07-16 18:12:38,720] Trial 229 finished with value: 0.40496762128357733 and parameters: {'filter_size': 33, 'reg_beta': 0.0, 'batch_size': 64}. Best is trial 156 with value: 0.3480654454179174.
Trial 229 finished with value: 0.40496762128357733 and parameters: {'filter_size': 33, 'reg_beta': 0.0, 'batch_size': 64}. Best is trial 156 with value: 0.3480654454179174.
Trial 229 finished with value: 0.40496762128357733 and parameters: {'filter_size': 33, 'reg_beta': 0.0, 'batch_size': 64}. Best is trial 156 with value: 0.3480654454179174.
HBox(children=(FloatProgress(value=0.0, description='Training', layout=Layout(flex='2'), max=450.0, style=Prog…

Epoch 00227: ReduceLROnPlateau reducing learning rate to 0.0012499999720603228.

Epoch 00281: ReduceLROnPlateau reducing learning rate to 0.0006249999860301614.

Epoch 00425: ReduceLROnPlateau reducing learning rate to 0.0003124999930150807.

Calibration rmse=0.48735487990957066
Tuning rmse=0.5990423696416133
[I 2021-07-16 18:15:20,265] Trial 230 finished with value: 0.36018967564789023 and parameters: {'filter_size': 51, 'reg_beta': 0.01, 'batch_size': 128}. Best is trial 156 with value: 0.3480654454179174.
Trial 230 finished with value: 0.36018967564789023 and parameters: {'filter_size': 51, 'reg_beta': 0.01, 'batch_size': 128}. Best is trial 156 with value: 0.3480654454179174.
Trial 230 finished with value: 0.36018967564789023 and parameters: {'filter_size': 51, 'reg_beta': 0.01, 'batch_size': 128}. Best is trial 156 with value: 0.3480654454179174.
HBox(children=(FloatProgress(value=0.0, description='Training', layout=Layout(flex='2'), max=450.0, style=Prog…
[I 2021-07-16 18:15:53,280] Trial 231 pruned. Trial was pruned at epoch 50.
Trial 231 pruned. Trial was pruned at epoch 50.
Trial 231 pruned. Trial was pruned at epoch 50.
HBox(children=(FloatProgress(value=0.0, description='Training', layout=Layout(flex='2'), max=450.0, style=Prog…

Epoch 00091: ReduceLROnPlateau reducing learning rate to 0.0012499999720603228.

Epoch 00152: ReduceLROnPlateau reducing learning rate to 0.0006249999860301614.
[I 2021-07-16 18:18:02,174] Trial 232 pruned. Trial was pruned at epoch 200.
Trial 232 pruned. Trial was pruned at epoch 200.
Trial 232 pruned. Trial was pruned at epoch 200.
HBox(children=(FloatProgress(value=0.0, description='Training', layout=Layout(flex='2'), max=450.0, style=Prog…

Epoch 00218: ReduceLROnPlateau reducing learning rate to 0.0012499999720603228.

Epoch 00244: ReduceLROnPlateau reducing learning rate to 0.0006249999860301614.

Epoch 00269: ReduceLROnPlateau reducing learning rate to 0.0003124999930150807.

Calibration rmse=0.1907238766367005
Tuning rmse=0.558775865438304
[I 2021-07-16 18:19:35,316] Trial 233 finished with value: 0.4173153680576492 and parameters: {'filter_size': 23, 'reg_beta': 0.0, 'batch_size': 128}. Best is trial 156 with value: 0.3480654454179174.
Trial 233 finished with value: 0.4173153680576492 and parameters: {'filter_size': 23, 'reg_beta': 0.0, 'batch_size': 128}. Best is trial 156 with value: 0.3480654454179174.
Trial 233 finished with value: 0.4173153680576492 and parameters: {'filter_size': 23, 'reg_beta': 0.0, 'batch_size': 128}. Best is trial 156 with value: 0.3480654454179174.
HBox(children=(FloatProgress(value=0.0, description='Training', layout=Layout(flex='2'), max=450.0, style=Prog…

Epoch 00126: ReduceLROnPlateau reducing learning rate to 0.0012499999720603228.

Epoch 00232: ReduceLROnPlateau reducing learning rate to 0.0006249999860301614.

Epoch 00261: ReduceLROnPlateau reducing learning rate to 0.0003124999930150807.

Epoch 00289: ReduceLROnPlateau reducing learning rate to 0.00015624999650754035.

Epoch 00319: ReduceLROnPlateau reducing learning rate to 7.812499825377017e-05.

Epoch 00344: ReduceLROnPlateau reducing learning rate to 3.9062499126885086e-05.

Calibration rmse=0.165712298247698
Tuning rmse=0.522664538490251
[I 2021-07-16 18:23:21,925] Trial 234 finished with value: 0.384191096247472 and parameters: {'filter_size': 37, 'reg_beta': 0.0005, 'batch_size': 64}. Best is trial 156 with value: 0.3480654454179174.
Trial 234 finished with value: 0.384191096247472 and parameters: {'filter_size': 37, 'reg_beta': 0.0005, 'batch_size': 64}. Best is trial 156 with value: 0.3480654454179174.
Trial 234 finished with value: 0.384191096247472 and parameters: {'filter_size': 37, 'reg_beta': 0.0005, 'batch_size': 64}. Best is trial 156 with value: 0.3480654454179174.
HBox(children=(FloatProgress(value=0.0, description='Training', layout=Layout(flex='2'), max=450.0, style=Prog…

Epoch 00172: ReduceLROnPlateau reducing learning rate to 0.0012499999720603228.
[I 2021-07-16 18:25:31,975] Trial 235 pruned. Trial was pruned at epoch 200.
Trial 235 pruned. Trial was pruned at epoch 200.
Trial 235 pruned. Trial was pruned at epoch 200.
HBox(children=(FloatProgress(value=0.0, description='Training', layout=Layout(flex='2'), max=450.0, style=Prog…
[I 2021-07-16 18:26:05,082] Trial 236 pruned. Trial was pruned at epoch 50.
Trial 236 pruned. Trial was pruned at epoch 50.
