[I 2021-07-16 22:30:25,608] Trial 389 pruned. Trial was pruned at epoch 50.
Trial 389 pruned. Trial was pruned at epoch 50.
Trial 389 pruned. Trial was pruned at epoch 50.
HBox(children=(FloatProgress(value=0.0, description='Training', layout=Layout(flex='2'), max=450.0, style=Prog…
[I 2021-07-16 22:30:59,290] Trial 390 pruned. Trial was pruned at epoch 50.
Trial 390 pruned. Trial was pruned at epoch 50.
Trial 390 pruned. Trial was pruned at epoch 50.
HBox(children=(FloatProgress(value=0.0, description='Training', layout=Layout(flex='2'), max=450.0, style=Prog…

Epoch 00148: ReduceLROnPlateau reducing learning rate to 0.0012499999720603228.
[I 2021-07-16 22:31:52,775] Trial 391 pruned. Trial was pruned at epoch 200.
Trial 391 pruned. Trial was pruned at epoch 200.
Trial 391 pruned. Trial was pruned at epoch 200.
HBox(children=(FloatProgress(value=0.0, description='Training', layout=Layout(flex='2'), max=450.0, style=Prog…
[I 2021-07-16 22:32:25,997] Trial 392 pruned. Trial was pruned at epoch 50.
Trial 392 pruned. Trial was pruned at epoch 50.
Trial 392 pruned. Trial was pruned at epoch 50.
HBox(children=(FloatProgress(value=0.0, description='Training', layout=Layout(flex='2'), max=450.0, style=Prog…

Epoch 00163: ReduceLROnPlateau reducing learning rate to 0.0012499999720603228.
[I 2021-07-16 22:33:38,701] Trial 393 pruned. Trial was pruned at epoch 200.
Trial 393 pruned. Trial was pruned at epoch 200.
Trial 393 pruned. Trial was pruned at epoch 200.
HBox(children=(FloatProgress(value=0.0, description='Training', layout=Layout(flex='2'), max=450.0, style=Prog…

Epoch 00102: ReduceLROnPlateau reducing learning rate to 0.0012499999720603228.

Epoch 00134: ReduceLROnPlateau reducing learning rate to 0.0006249999860301614.

Epoch 00162: ReduceLROnPlateau reducing learning rate to 0.0003124999930150807.

Epoch 00187: ReduceLROnPlateau reducing learning rate to 0.00015624999650754035.

Calibration rmse=0.1973497003849733
Tuning rmse=0.5434893026992471
[I 2021-07-16 22:35:28,327] Trial 394 finished with value: 0.3999615103028611 and parameters: {'filter_size': 35, 'reg_beta': 0.0, 'batch_size': 64}. Best is trial 156 with value: 0.3480654454179174.
Trial 394 finished with value: 0.3999615103028611 and parameters: {'filter_size': 35, 'reg_beta': 0.0, 'batch_size': 64}. Best is trial 156 with value: 0.3480654454179174.
Trial 394 finished with value: 0.3999615103028611 and parameters: {'filter_size': 35, 'reg_beta': 0.0, 'batch_size': 64}. Best is trial 156 with value: 0.3480654454179174.
HBox(children=(FloatProgress(value=0.0, description='Training', layout=Layout(flex='2'), max=450.0, style=Prog…

Epoch 00166: ReduceLROnPlateau reducing learning rate to 0.0012499999720603228.

Epoch 00259: ReduceLROnPlateau reducing learning rate to 0.0006249999860301614.

Epoch 00335: ReduceLROnPlateau reducing learning rate to 0.0003124999930150807.

Epoch 00374: ReduceLROnPlateau reducing learning rate to 0.00015624999650754035.

Epoch 00449: ReduceLROnPlateau reducing learning rate to 7.812499825377017e-05.

Calibration rmse=0.47072023542653885
Tuning rmse=0.588129647669331
[I 2021-07-16 22:38:10,471] Trial 395 finished with value: 0.3562242950484831 and parameters: {'filter_size': 49, 'reg_beta': 0.0105, 'batch_size': 128}. Best is trial 156 with value: 0.3480654454179174.
Trial 395 finished with value: 0.3562242950484831 and parameters: {'filter_size': 49, 'reg_beta': 0.0105, 'batch_size': 128}. Best is trial 156 with value: 0.3480654454179174.
Trial 395 finished with value: 0.3562242950484831 and parameters: {'filter_size': 49, 'reg_beta': 0.0105, 'batch_size': 128}. Best is trial 156 with value: 0.3480654454179174.
HBox(children=(FloatProgress(value=0.0, description='Training', layout=Layout(flex='2'), max=450.0, style=Prog…
[I 2021-07-16 22:38:29,258] Trial 396 pruned. Trial was pruned at epoch 50.
Trial 396 pruned. Trial was pruned at epoch 50.
Trial 396 pruned. Trial was pruned at epoch 50.
HBox(children=(FloatProgress(value=0.0, description='Training', layout=Layout(flex='2'), max=450.0, style=Prog…

Epoch 00127: ReduceLROnPlateau reducing learning rate to 0.0012499999720603228.

Epoch 00166: ReduceLROnPlateau reducing learning rate to 0.0006249999860301614.
[I 2021-07-16 22:40:38,115] Trial 397 pruned. Trial was pruned at epoch 200.
Trial 397 pruned. Trial was pruned at epoch 200.
Trial 397 pruned. Trial was pruned at epoch 200.
HBox(children=(FloatProgress(value=0.0, description='Training', layout=Layout(flex='2'), max=450.0, style=Prog…

Epoch 00195: ReduceLROnPlateau reducing learning rate to 0.0012499999720603228.

Epoch 00225: ReduceLROnPlateau reducing learning rate to 0.0006249999860301614.

Epoch 00250: ReduceLROnPlateau reducing learning rate to 0.0003124999930150807.

Calibration rmse=0.1657764338567679
Tuning rmse=0.5549899606398121
[I 2021-07-16 22:43:09,996] Trial 398 finished with value: 0.4177609955142625 and parameters: {'filter_size': 43, 'reg_beta': 0.0, 'batch_size': 64}. Best is trial 156 with value: 0.3480654454179174.
Trial 398 finished with value: 0.4177609955142625 and parameters: {'filter_size': 43, 'reg_beta': 0.0, 'batch_size': 64}. Best is trial 156 with value: 0.3480654454179174.
Trial 398 finished with value: 0.4177609955142625 and parameters: {'filter_size': 43, 'reg_beta': 0.0, 'batch_size': 64}. Best is trial 156 with value: 0.3480654454179174.
HBox(children=(FloatProgress(value=0.0, description='Training', layout=Layout(flex='2'), max=450.0, style=Prog…

Epoch 00158: ReduceLROnPlateau reducing learning rate to 0.0012499999720603228.

Epoch 00204: ReduceLROnPlateau reducing learning rate to 0.0006249999860301614.

Epoch 00289: ReduceLROnPlateau reducing learning rate to 0.0003124999930150807.

Epoch 00337: ReduceLROnPlateau reducing learning rate to 0.00015624999650754035.

Epoch 00400: ReduceLROnPlateau reducing learning rate to 7.812499825377017e-05.

Calibration rmse=0.47427339003379504
Tuning rmse=0.585588223942274
[I 2021-07-16 22:47:59,063] Trial 399 finished with value: 0.35178327173399637 and parameters: {'filter_size': 45, 'reg_beta': 0.008, 'batch_size': 64}. Best is trial 156 with value: 0.3480654454179174.
Trial 399 finished with value: 0.35178327173399637 and parameters: {'filter_size': 45, 'reg_beta': 0.008, 'batch_size': 64}. Best is trial 156 with value: 0.3480654454179174.
Trial 399 finished with value: 0.35178327173399637 and parameters: {'filter_size': 45, 'reg_beta': 0.008, 'batch_size': 64}. Best is trial 156 with value: 0.3480654454179174.
HBox(children=(FloatProgress(value=0.0, description='Training', layout=Layout(flex='2'), max=450.0, style=Prog…
[I 2021-07-16 22:48:32,539] Trial 400 pruned. Trial was pruned at epoch 50.
Trial 400 pruned. Trial was pruned at epoch 50.
Trial 400 pruned. Trial was pruned at epoch 50.
HBox(children=(FloatProgress(value=0.0, description='Training', layout=Layout(flex='2'), max=450.0, style=Prog…
[I 2021-07-16 22:49:05,190] Trial 401 pruned. Trial was pruned at epoch 50.
Trial 401 pruned. Trial was pruned at epoch 50.
Trial 401 pruned. Trial was pruned at epoch 50.
HBox(children=(FloatProgress(value=0.0, description='Training', layout=Layout(flex='2'), max=450.0, style=Prog…
[I 2021-07-16 22:49:23,918] Trial 402 pruned. Trial was pruned at epoch 50.
Trial 402 pruned. Trial was pruned at epoch 50.
Trial 402 pruned. Trial was pruned at epoch 50.
HBox(children=(FloatProgress(value=0.0, description='Training', layout=Layout(flex='2'), max=450.0, style=Prog…

Epoch 00089: ReduceLROnPlateau reducing learning rate to 0.0012499999720603228.

Epoch 00115: ReduceLROnPlateau reducing learning rate to 0.0006249999860301614.

Epoch 00141: ReduceLROnPlateau reducing learning rate to 0.0003124999930150807.

Epoch 00166: ReduceLROnPlateau reducing learning rate to 0.00015624999650754035.

Calibration rmse=0.2284885455657879
Tuning rmse=0.5698928072591115
[I 2021-07-16 22:51:01,298] Trial 403 finished with value: 0.4212318017850066 and parameters: {'filter_size': 21, 'reg_beta': 0.0, 'batch_size': 64}. Best is trial 156 with value: 0.3480654454179174.
Trial 403 finished with value: 0.4212318017850066 and parameters: {'filter_size': 21, 'reg_beta': 0.0, 'batch_size': 64}. Best is trial 156 with value: 0.3480654454179174.
Trial 403 finished with value: 0.4212318017850066 and parameters: {'filter_size': 21, 'reg_beta': 0.0, 'batch_size': 64}. Best is trial 156 with value: 0.3480654454179174.
HBox(children=(FloatProgress(value=0.0, description='Training', layout=Layout(flex='2'), max=450.0, style=Prog…

Epoch 00102: ReduceLROnPlateau reducing learning rate to 0.0012499999720603228.

Epoch 00161: ReduceLROnPlateau reducing learning rate to 0.0006249999860301614.

Epoch 00239: ReduceLROnPlateau reducing learning rate to 0.0003124999930150807.

Epoch 00281: ReduceLROnPlateau reducing learning rate to 0.00015624999650754035.

Epoch 00329: ReduceLROnPlateau reducing learning rate to 7.812499825377017e-05.

Epoch 00389: ReduceLROnPlateau reducing learning rate to 3.9062499126885086e-05.

Epoch 00417: ReduceLROnPlateau reducing learning rate to 1.9531249563442543e-05.

Epoch 00442: ReduceLROnPlateau reducing learning rate to 9.765624781721272e-06.

Calibration rmse=0.47025306047237636
Tuning rmse=0.5822186008486143
[I 2021-07-16 22:55:45,874] Trial 404 finished with value: 0.35002957956954794 and parameters: {'filter_size': 49, 'reg_beta': 0.008, 'batch_size': 64}. Best is trial 156 with value: 0.3480654454179174.
Trial 404 finished with value: 0.35002957956954794 and parameters: {'filter_size': 49, 'reg_beta': 0.008, 'batch_size': 64}. Best is trial 156 with value: 0.3480654454179174.
Trial 404 finished with value: 0.35002957956954794 and parameters: {'filter_size': 49, 'reg_beta': 0.008, 'batch_size': 64}. Best is trial 156 with value: 0.3480654454179174.
HBox(children=(FloatProgress(value=0.0, description='Training', layout=Layout(flex='2'), max=450.0, style=Prog…
[I 2021-07-16 22:56:04,198] Trial 405 pruned. Trial was pruned at epoch 50.
Trial 405 pruned. Trial was pruned at epoch 50.
Trial 405 pruned. Trial was pruned at epoch 50.
HBox(children=(FloatProgress(value=0.0, description='Training', layout=Layout(flex='2'), max=450.0, style=Prog…
[I 2021-07-16 22:56:15,609] Trial 406 pruned. Trial was pruned at epoch 50.
Trial 406 pruned. Trial was pruned at epoch 50.
Trial 406 pruned. Trial was pruned at epoch 50.
HBox(children=(FloatProgress(value=0.0, description='Training', layout=Layout(flex='2'), max=450.0, style=Prog…

Epoch 00102: ReduceLROnPlateau reducing learning rate to 0.0012499999720603228.

Epoch 00134: ReduceLROnPlateau reducing learning rate to 0.0006249999860301614.

Epoch 00162: ReduceLROnPlateau reducing learning rate to 0.0003124999930150807.

Epoch 00187: ReduceLROnPlateau reducing learning rate to 0.00015624999650754035.

Calibration rmse=0.19590701220411733
Tuning rmse=0.547590033518305
[I 2021-07-16 22:58:06,218] Trial 407 finished with value: 0.4045326604480697 and parameters: {'filter_size': 35, 'reg_beta': 0.0, 'batch_size': 64}. Best is trial 156 with value: 0.3480654454179174.
Trial 407 finished with value: 0.4045326604480697 and parameters: {'filter_size': 35, 'reg_beta': 0.0, 'batch_size': 64}. Best is trial 156 with value: 0.3480654454179174.
Trial 407 finished with value: 0.4045326604480697 and parameters: {'filter_size': 35, 'reg_beta': 0.0, 'batch_size': 64}. Best is trial 156 with value: 0.3480654454179174.
HBox(children=(FloatProgress(value=0.0, description='Training', layout=Layout(flex='2'), max=450.0, style=Prog…

Epoch 00117: ReduceLROnPlateau reducing learning rate to 0.0012499999720603228.

Epoch 00161: ReduceLROnPlateau reducing learning rate to 0.0006249999860301614.

Epoch 00227: ReduceLROnPlateau reducing learning rate to 0.0003124999930150807.

Epoch 00263: ReduceLROnPlateau reducing learning rate to 0.00015624999650754035.

Epoch 00329: ReduceLROnPlateau reducing learning rate to 7.812499825377017e-05.

Epoch 00405: ReduceLROnPlateau reducing learning rate to 3.9062499126885086e-05.

Calibration rmse=0.4937815058591465
Tuning rmse=0.5913743629073165
[I 2021-07-16 23:02:51,980] Trial 408 finished with value: 0.3486389122414123 and parameters: {'filter_size': 49, 'reg_beta': 0.0095, 'batch_size': 64}. Best is trial 156 with value: 0.3480654454179174.
Trial 408 finished with value: 0.3486389122414123 and parameters: {'filter_size': 49, 'reg_beta': 0.0095, 'batch_size': 64}. Best is trial 156 with value: 0.3480654454179174.
Trial 408 finished with value: 0.3486389122414123 and parameters: {'filter_size': 49, 'reg_beta': 0.0095, 'batch_size': 64}. Best is trial 156 with value: 0.3480654454179174.
HBox(children=(FloatProgress(value=0.0, description='Training', layout=Layout(flex='2'), max=450.0, style=Prog…

Epoch 00128: ReduceLROnPlateau reducing learning rate to 0.0012499999720603228.

Epoch 00161: ReduceLROnPlateau reducing learning rate to 0.0006249999860301614.

Epoch 00244: ReduceLROnPlateau reducing learning rate to 0.0003124999930150807.

Epoch 00286: ReduceLROnPlateau reducing learning rate to 0.00015624999650754035.

Epoch 00329: ReduceLROnPlateau reducing learning rate to 7.812499825377017e-05.

Epoch 00405: ReduceLROnPlateau reducing learning rate to 3.9062499126885086e-05.

Epoch 00430: ReduceLROnPlateau reducing learning rate to 1.9531249563442543e-05.

Calibration rmse=0.4794349092352106
Tuning rmse=0.5904708206935894
[I 2021-07-16 23:07:31,626] Trial 409 finished with value: 0.3546343892953878 and parameters: {'filter_size': 49, 'reg_beta': 0.0085, 'batch_size': 64}. Best is trial 156 with value: 0.3480654454179174.
Trial 409 finished with value: 0.3546343892953878 and parameters: {'filter_size': 49, 'reg_beta': 0.0085, 'batch_size': 64}. Best is trial 156 with value: 0.3480654454179174.
Trial 409 finished with value: 0.3546343892953878 and parameters: {'filter_size': 49, 'reg_beta': 0.0085, 'batch_size': 64}. Best is trial 156 with value: 0.3480654454179174.
HBox(children=(FloatProgress(value=0.0, description='Training', layout=Layout(flex='2'), max=450.0, style=Prog…
[I 2021-07-16 23:08:04,934] Trial 410 pruned. Trial was pruned at epoch 50.
Trial 410 pruned. Trial was pruned at epoch 50.
Trial 410 pruned. Trial was pruned at epoch 50.
HBox(children=(FloatProgress(value=0.0, description='Training', layout=Layout(flex='2'), max=450.0, style=Prog…
[I 2021-07-16 23:08:37,690] Trial 411 pruned. Trial was pruned at epoch 50.
Trial 411 pruned. Trial was pruned at epoch 50.
Trial 411 pruned. Trial was pruned at epoch 50.
HBox(children=(FloatProgress(value=0.0, description='Training', layout=Layout(flex='2'), max=450.0, style=Prog…

Epoch 00197: ReduceLROnPlateau reducing learning rate to 0.0012499999720603228.

Epoch 00237: ReduceLROnPlateau reducing learning rate to 0.0006249999860301614.

Epoch 00359: ReduceLROnPlateau reducing learning rate to 0.0003124999930150807.

Epoch 00392: ReduceLROnPlateau reducing learning rate to 0.00015624999650754035.

Calibration rmse=0.4777610902342426
Tuning rmse=0.5949170037894846
[I 2021-07-16 23:13:24,201] Trial 412 finished with value: 0.3602937929227651 and parameters: {'filter_size': 51, 'reg_beta': 0.007, 'batch_size': 64}. Best is trial 156 with value: 0.3480654454179174.
Trial 412 finished with value: 0.3602937929227651 and parameters: {'filter_size': 51, 'reg_beta': 0.007, 'batch_size': 64}. Best is trial 156 with value: 0.3480654454179174.
Trial 412 finished with value: 0.3602937929227651 and parameters: {'filter_size': 51, 'reg_beta': 0.007, 'batch_size': 64}. Best is trial 156 with value: 0.3480654454179174.
HBox(children=(FloatProgress(value=0.0, description='Training', layout=Layout(flex='2'), max=450.0, style=Prog…
[I 2021-07-16 23:13:35,365] Trial 413 pruned. Trial was pruned at epoch 50.
Trial 413 pruned. Trial was pruned at epoch 50.
Trial 413 pruned. Trial was pruned at epoch 50.
HBox(children=(FloatProgress(value=0.0, description='Training', layout=Layout(flex='2'), max=450.0, style=Prog…
[I 2021-07-16 23:13:53,836] Trial 414 pruned. Trial was pruned at epoch 50.
Trial 414 pruned. Trial was pruned at epoch 50.
Trial 414 pruned. Trial was pruned at epoch 50.
HBox(children=(FloatProgress(value=0.0, description='Training', layout=Layout(flex='2'), max=450.0, style=Prog…

Epoch 00138: ReduceLROnPlateau reducing learning rate to 0.0012499999720603228.

Epoch 00204: ReduceLROnPlateau reducing learning rate to 0.0006249999860301614.

Epoch 00275: ReduceLROnPlateau reducing learning rate to 0.0003124999930150807.

Epoch 00337: ReduceLROnPlateau reducing learning rate to 0.00015624999650754035.

Epoch 00365: ReduceLROnPlateau reducing learning rate to 7.812499825377017e-05.

Epoch 00407: ReduceLROnPlateau reducing learning rate to 3.9062499126885086e-05.

Calibration rmse=0.4675909176050883
Tuning rmse=0.5849248910028537
[I 2021-07-16 23:18:38,985] Trial 415 finished with value: 0.35421037644539277 and parameters: {'filter_size': 45, 'reg_beta': 0.007, 'batch_size': 64}. Best is trial 156 with value: 0.3480654454179174.
Trial 415 finished with value: 0.35421037644539277 and parameters: {'filter_size': 45, 'reg_beta': 0.007, 'batch_size': 64}. Best is trial 156 with value: 0.3480654454179174.
Trial 415 finished with value: 0.35421037644539277 and parameters: {'filter_size': 45, 'reg_beta': 0.007, 'batch_size': 64}. Best is trial 156 with value: 0.3480654454179174.
HBox(children=(FloatProgress(value=0.0, description='Training', layout=Layout(flex='2'), max=450.0, style=Prog…

Epoch 00114: ReduceLROnPlateau reducing learning rate to 0.0012499999720603228.

Epoch 00141: ReduceLROnPlateau reducing learning rate to 0.0006249999860301614.

Epoch 00169: ReduceLROnPlateau reducing learning rate to 0.0003124999930150807.

Epoch 00194: ReduceLROnPlateau reducing learning rate to 0.00015624999650754035.

Calibration rmse=0.1962798291971656
Tuning rmse=0.5484723876116113
[I 2021-07-16 23:20:33,103] Trial 416 finished with value: 0.4053842881171622 and parameters: {'filter_size': 33, 'reg_beta': 0.0, 'batch_size': 64}. Best is trial 156 with value: 0.3480654454179174.
Trial 416 finished with value: 0.4053842881171622 and parameters: {'filter_size': 33, 'reg_beta': 0.0, 'batch_size': 64}. Best is trial 156 with value: 0.3480654454179174.
Trial 416 finished with value: 0.4053842881171622 and parameters: {'filter_size': 33, 'reg_beta': 0.0, 'batch_size': 64}. Best is trial 156 with value: 0.3480654454179174.
HBox(children=(FloatProgress(value=0.0, description='Training', layout=Layout(flex='2'), max=450.0, style=Prog…

Epoch 00105: ReduceLROnPlateau reducing learning rate to 0.0012499999720603228.
[I 2021-07-16 23:22:41,403] Trial 417 pruned. Trial was pruned at epoch 200.
Trial 417 pruned. Trial was pruned at epoch 200.
Trial 417 pruned. Trial was pruned at epoch 200.
HBox(children=(FloatProgress(value=0.0, description='Training', layout=Layout(flex='2'), max=450.0, style=Prog…
[I 2021-07-16 23:23:14,136] Trial 418 pruned. Trial was pruned at epoch 50.
Trial 418 pruned. Trial was pruned at epoch 50.
Trial 418 pruned. Trial was pruned at epoch 50.
HBox(children=(FloatProgress(value=0.0, description='Training', layout=Layout(flex='2'), max=450.0, style=Prog…
[I 2021-07-16 23:23:46,828] Trial 419 pruned. Trial was pruned at epoch 50.
Trial 419 pruned. Trial was pruned at epoch 50.
Trial 419 pruned. Trial was pruned at epoch 50.
HBox(children=(FloatProgress(value=0.0, description='Training', layout=Layout(flex='2'), max=450.0, style=Prog…
[I 2021-07-16 23:23:58,465] Trial 420 pruned. Trial was pruned at epoch 50.
Trial 420 pruned. Trial was pruned at epoch 50.
Trial 420 pruned. Trial was pruned at epoch 50.
HBox(children=(FloatProgress(value=0.0, description='Training', layout=Layout(flex='2'), max=450.0, style=Prog…

Epoch 00114: ReduceLROnPlateau reducing learning rate to 0.0012499999720603228.

Epoch 00162: ReduceLROnPlateau reducing learning rate to 0.0006249999860301614.

Epoch 00240: ReduceLROnPlateau reducing learning rate to 0.0003124999930150807.

Epoch 00309: ReduceLROnPlateau reducing learning rate to 0.00015624999650754035.

Epoch 00336: ReduceLROnPlateau reducing learning rate to 7.812499825377017e-05.

Epoch 00361: ReduceLROnPlateau reducing learning rate to 3.9062499126885086e-05.

Calibration rmse=0.1541672536370556
Tuning rmse=0.5428211642788846
[I 2021-07-16 23:27:49,478] Trial 421 finished with value: 0.4068542192869881 and parameters: {'filter_size': 31, 'reg_beta': 0.0005, 'batch_size': 64}. Best is trial 156 with value: 0.3480654454179174.
Trial 421 finished with value: 0.4068542192869881 and parameters: {'filter_size': 31, 'reg_beta': 0.0005, 'batch_size': 64}. Best is trial 156 with value: 0.3480654454179174.
Trial 421 finished with value: 0.4068542192869881 and parameters: {'filter_size': 31, 'reg_beta': 0.0005, 'batch_size': 64}. Best is trial 156 with value: 0.3480654454179174.
HBox(children=(FloatProgress(value=0.0, description='Training', layout=Layout(flex='2'), max=450.0, style=Prog…
[I 2021-07-16 23:28:00,878] Trial 422 pruned. Trial was pruned at epoch 50.
Trial 422 pruned. Trial was pruned at epoch 50.
Trial 422 pruned. Trial was pruned at epoch 50.
HBox(children=(FloatProgress(value=0.0, description='Training', layout=Layout(flex='2'), max=450.0, style=Prog…

Epoch 00127: ReduceLROnPlateau reducing learning rate to 0.0012499999720603228.

Epoch 00158: ReduceLROnPlateau reducing learning rate to 0.0006249999860301614.
[I 2021-07-16 23:29:11,050] Trial 423 pruned. Trial was pruned at epoch 200.
Trial 423 pruned. Trial was pruned at epoch 200.
Trial 423 pruned. Trial was pruned at epoch 200.
HBox(children=(FloatProgress(value=0.0, description='Training', layout=Layout(flex='2'), max=450.0, style=Prog…

Epoch 00177: ReduceLROnPlateau reducing learning rate to 0.0012499999720603228.
[I 2021-07-16 23:31:18,582] Trial 424 pruned. Trial was pruned at epoch 200.
Trial 424 pruned. Trial was pruned at epoch 200.
