[I 2021-07-16 21:18:03,055] Trial 350 finished with value: 0.40151167832309714 and parameters: {'filter_size': 35, 'reg_beta': 0.0005, 'batch_size': 64}. Best is trial 156 with value: 0.3480654454179174.
Trial 350 finished with value: 0.40151167832309714 and parameters: {'filter_size': 35, 'reg_beta': 0.0005, 'batch_size': 64}. Best is trial 156 with value: 0.3480654454179174.
Trial 350 finished with value: 0.40151167832309714 and parameters: {'filter_size': 35, 'reg_beta': 0.0005, 'batch_size': 64}. Best is trial 156 with value: 0.3480654454179174.
HBox(children=(FloatProgress(value=0.0, description='Training', layout=Layout(flex='2'), max=450.0, style=Prog…
[I 2021-07-16 21:18:36,087] Trial 351 pruned. Trial was pruned at epoch 50.
Trial 351 pruned. Trial was pruned at epoch 50.
Trial 351 pruned. Trial was pruned at epoch 50.
HBox(children=(FloatProgress(value=0.0, description='Training', layout=Layout(flex='2'), max=450.0, style=Prog…

Epoch 00097: ReduceLROnPlateau reducing learning rate to 0.0012499999720603228.

Epoch 00175: ReduceLROnPlateau reducing learning rate to 0.0006249999860301614.
[I 2021-07-16 21:20:44,134] Trial 352 pruned. Trial was pruned at epoch 200.
Trial 352 pruned. Trial was pruned at epoch 200.
Trial 352 pruned. Trial was pruned at epoch 200.
HBox(children=(FloatProgress(value=0.0, description='Training', layout=Layout(flex='2'), max=450.0, style=Prog…

Epoch 00227: ReduceLROnPlateau reducing learning rate to 0.0012499999720603228.

Epoch 00276: ReduceLROnPlateau reducing learning rate to 0.0006249999860301614.

Epoch 00338: ReduceLROnPlateau reducing learning rate to 0.0003124999930150807.

Epoch 00374: ReduceLROnPlateau reducing learning rate to 0.00015624999650754035.

Epoch 00445: ReduceLROnPlateau reducing learning rate to 7.812499825377017e-05.

Calibration rmse=0.3904731073705007
Tuning rmse=0.573730390832774
[I 2021-07-16 21:23:27,283] Trial 353 finished with value: 0.3752138523091635 and parameters: {'filter_size': 51, 'reg_beta': 0.0055, 'batch_size': 128}. Best is trial 156 with value: 0.3480654454179174.
Trial 353 finished with value: 0.3752138523091635 and parameters: {'filter_size': 51, 'reg_beta': 0.0055, 'batch_size': 128}. Best is trial 156 with value: 0.3480654454179174.
Trial 353 finished with value: 0.3752138523091635 and parameters: {'filter_size': 51, 'reg_beta': 0.0055, 'batch_size': 128}. Best is trial 156 with value: 0.3480654454179174.
HBox(children=(FloatProgress(value=0.0, description='Training', layout=Layout(flex='2'), max=450.0, style=Prog…

Epoch 00162: ReduceLROnPlateau reducing learning rate to 0.0012499999720603228.

Epoch 00196: ReduceLROnPlateau reducing learning rate to 0.0006249999860301614.

Epoch 00232: ReduceLROnPlateau reducing learning rate to 0.0003124999930150807.

Epoch 00357: ReduceLROnPlateau reducing learning rate to 0.00015624999650754035.

Epoch 00387: ReduceLROnPlateau reducing learning rate to 7.812499825377017e-05.

Epoch 00412: ReduceLROnPlateau reducing learning rate to 3.9062499126885086e-05.

Calibration rmse=0.15706010856963365
Tuning rmse=0.5348549711770424
[I 2021-07-16 21:27:54,787] Trial 354 finished with value: 0.39812846683296604 and parameters: {'filter_size': 37, 'reg_beta': 0.0005, 'batch_size': 64}. Best is trial 156 with value: 0.3480654454179174.
Trial 354 finished with value: 0.39812846683296604 and parameters: {'filter_size': 37, 'reg_beta': 0.0005, 'batch_size': 64}. Best is trial 156 with value: 0.3480654454179174.
Trial 354 finished with value: 0.39812846683296604 and parameters: {'filter_size': 37, 'reg_beta': 0.0005, 'batch_size': 64}. Best is trial 156 with value: 0.3480654454179174.
HBox(children=(FloatProgress(value=0.0, description='Training', layout=Layout(flex='2'), max=450.0, style=Prog…

Epoch 00117: ReduceLROnPlateau reducing learning rate to 0.0012499999720603228.
[I 2021-07-16 21:29:05,359] Trial 355 pruned. Trial was pruned at epoch 200.
Trial 355 pruned. Trial was pruned at epoch 200.
Trial 355 pruned. Trial was pruned at epoch 200.
HBox(children=(FloatProgress(value=0.0, description='Training', layout=Layout(flex='2'), max=450.0, style=Prog…

Epoch 00137: ReduceLROnPlateau reducing learning rate to 0.0012499999720603228.

Epoch 00229: ReduceLROnPlateau reducing learning rate to 0.0006249999860301614.

Epoch 00321: ReduceLROnPlateau reducing learning rate to 0.0003124999930150807.

Epoch 00392: ReduceLROnPlateau reducing learning rate to 0.00015624999650754035.

Epoch 00424: ReduceLROnPlateau reducing learning rate to 7.812499825377017e-05.

Calibration rmse=0.46390623229487055
Tuning rmse=0.5859456888262417
[I 2021-07-16 21:34:02,627] Trial 356 finished with value: 0.35703452335913904 and parameters: {'filter_size': 39, 'reg_beta': 0.005, 'batch_size': 64}. Best is trial 156 with value: 0.3480654454179174.
Trial 356 finished with value: 0.35703452335913904 and parameters: {'filter_size': 39, 'reg_beta': 0.005, 'batch_size': 64}. Best is trial 156 with value: 0.3480654454179174.
Trial 356 finished with value: 0.35703452335913904 and parameters: {'filter_size': 39, 'reg_beta': 0.005, 'batch_size': 64}. Best is trial 156 with value: 0.3480654454179174.
HBox(children=(FloatProgress(value=0.0, description='Training', layout=Layout(flex='2'), max=450.0, style=Prog…

Epoch 00167: ReduceLROnPlateau reducing learning rate to 0.0012499999720603228.
[I 2021-07-16 21:35:13,939] Trial 357 pruned. Trial was pruned at epoch 200.
Trial 357 pruned. Trial was pruned at epoch 200.
Trial 357 pruned. Trial was pruned at epoch 200.
HBox(children=(FloatProgress(value=0.0, description='Training', layout=Layout(flex='2'), max=450.0, style=Prog…
[I 2021-07-16 21:35:46,719] Trial 358 pruned. Trial was pruned at epoch 50.
Trial 358 pruned. Trial was pruned at epoch 50.
Trial 358 pruned. Trial was pruned at epoch 50.
HBox(children=(FloatProgress(value=0.0, description='Training', layout=Layout(flex='2'), max=450.0, style=Prog…

Epoch 00197: ReduceLROnPlateau reducing learning rate to 0.0012499999720603228.

Epoch 00248: ReduceLROnPlateau reducing learning rate to 0.0006249999860301614.

Epoch 00340: ReduceLROnPlateau reducing learning rate to 0.0003124999930150807.

Epoch 00374: ReduceLROnPlateau reducing learning rate to 0.00015624999650754035.

Epoch 00407: ReduceLROnPlateau reducing learning rate to 7.812499825377017e-05.

Epoch 00443: ReduceLROnPlateau reducing learning rate to 3.9062499126885086e-05.

Calibration rmse=0.5273057146837389
Tuning rmse=0.6094167646132146
[I 2021-07-16 21:40:32,946] Trial 359 finished with value: 0.35137712043336206 and parameters: {'filter_size': 45, 'reg_beta': 0.0105, 'batch_size': 64}. Best is trial 156 with value: 0.3480654454179174.
Trial 359 finished with value: 0.35137712043336206 and parameters: {'filter_size': 45, 'reg_beta': 0.0105, 'batch_size': 64}. Best is trial 156 with value: 0.3480654454179174.
Trial 359 finished with value: 0.35137712043336206 and parameters: {'filter_size': 45, 'reg_beta': 0.0105, 'batch_size': 64}. Best is trial 156 with value: 0.3480654454179174.
HBox(children=(FloatProgress(value=0.0, description='Training', layout=Layout(flex='2'), max=450.0, style=Prog…
[I 2021-07-16 21:41:07,022] Trial 360 pruned. Trial was pruned at epoch 50.
Trial 360 pruned. Trial was pruned at epoch 50.
Trial 360 pruned. Trial was pruned at epoch 50.
HBox(children=(FloatProgress(value=0.0, description='Training', layout=Layout(flex='2'), max=450.0, style=Prog…

Epoch 00169: ReduceLROnPlateau reducing learning rate to 0.0012499999720603228.

Epoch 00195: ReduceLROnPlateau reducing learning rate to 0.0006249999860301614.

Epoch 00220: ReduceLROnPlateau reducing learning rate to 0.0003124999930150807.

Calibration rmse=0.20751294293884576
Tuning rmse=0.5519021714672536
[I 2021-07-16 21:43:17,870] Trial 361 finished with value: 0.40671827842519137 and parameters: {'filter_size': 33, 'reg_beta': 0.0, 'batch_size': 64}. Best is trial 156 with value: 0.3480654454179174.
Trial 361 finished with value: 0.40671827842519137 and parameters: {'filter_size': 33, 'reg_beta': 0.0, 'batch_size': 64}. Best is trial 156 with value: 0.3480654454179174.
Trial 361 finished with value: 0.40671827842519137 and parameters: {'filter_size': 33, 'reg_beta': 0.0, 'batch_size': 64}. Best is trial 156 with value: 0.3480654454179174.
HBox(children=(FloatProgress(value=0.0, description='Training', layout=Layout(flex='2'), max=450.0, style=Prog…
[I 2021-07-16 21:43:51,035] Trial 362 pruned. Trial was pruned at epoch 50.
Trial 362 pruned. Trial was pruned at epoch 50.
Trial 362 pruned. Trial was pruned at epoch 50.
HBox(children=(FloatProgress(value=0.0, description='Training', layout=Layout(flex='2'), max=450.0, style=Prog…

Epoch 00097: ReduceLROnPlateau reducing learning rate to 0.0012499999720603228.

Epoch 00175: ReduceLROnPlateau reducing learning rate to 0.0006249999860301614.
[I 2021-07-16 21:46:00,329] Trial 363 pruned. Trial was pruned at epoch 200.
Trial 363 pruned. Trial was pruned at epoch 200.
Trial 363 pruned. Trial was pruned at epoch 200.
HBox(children=(FloatProgress(value=0.0, description='Training', layout=Layout(flex='2'), max=450.0, style=Prog…

Epoch 00117: ReduceLROnPlateau reducing learning rate to 0.0012499999720603228.
[I 2021-07-16 21:48:09,455] Trial 364 pruned. Trial was pruned at epoch 200.
Trial 364 pruned. Trial was pruned at epoch 200.
Trial 364 pruned. Trial was pruned at epoch 200.
HBox(children=(FloatProgress(value=0.0, description='Training', layout=Layout(flex='2'), max=450.0, style=Prog…

Epoch 00128: ReduceLROnPlateau reducing learning rate to 0.0012499999720603228.

Epoch 00170: ReduceLROnPlateau reducing learning rate to 0.0006249999860301614.

Epoch 00249: ReduceLROnPlateau reducing learning rate to 0.0003124999930150807.

Epoch 00354: ReduceLROnPlateau reducing learning rate to 0.00015624999650754035.

Epoch 00405: ReduceLROnPlateau reducing learning rate to 7.812499825377017e-05.

Calibration rmse=0.4930849219547993
Tuning rmse=0.5927437487336552
[I 2021-07-16 21:52:59,904] Trial 365 finished with value: 0.3504780800686556 and parameters: {'filter_size': 41, 'reg_beta': 0.0095, 'batch_size': 64}. Best is trial 156 with value: 0.3480654454179174.
Trial 365 finished with value: 0.3504780800686556 and parameters: {'filter_size': 41, 'reg_beta': 0.0095, 'batch_size': 64}. Best is trial 156 with value: 0.3480654454179174.
Trial 365 finished with value: 0.3504780800686556 and parameters: {'filter_size': 41, 'reg_beta': 0.0095, 'batch_size': 64}. Best is trial 156 with value: 0.3480654454179174.
HBox(children=(FloatProgress(value=0.0, description='Training', layout=Layout(flex='2'), max=450.0, style=Prog…

Epoch 00097: ReduceLROnPlateau reducing learning rate to 0.0012499999720603228.

Epoch 00167: ReduceLROnPlateau reducing learning rate to 0.0006249999860301614.

Epoch 00248: ReduceLROnPlateau reducing learning rate to 0.0003124999930150807.

Epoch 00281: ReduceLROnPlateau reducing learning rate to 0.00015624999650754035.

Epoch 00366: ReduceLROnPlateau reducing learning rate to 7.812499825377017e-05.

Epoch 00424: ReduceLROnPlateau reducing learning rate to 3.9062499126885086e-05.

Calibration rmse=0.4772964360439937
Tuning rmse=0.5914574584560321
[I 2021-07-16 21:58:01,956] Trial 366 finished with value: 0.3567337478795015 and parameters: {'filter_size': 39, 'reg_beta': 0.008, 'batch_size': 64}. Best is trial 156 with value: 0.3480654454179174.
Trial 366 finished with value: 0.3567337478795015 and parameters: {'filter_size': 39, 'reg_beta': 0.008, 'batch_size': 64}. Best is trial 156 with value: 0.3480654454179174.
Trial 366 finished with value: 0.3567337478795015 and parameters: {'filter_size': 39, 'reg_beta': 0.008, 'batch_size': 64}. Best is trial 156 with value: 0.3480654454179174.
HBox(children=(FloatProgress(value=0.0, description='Training', layout=Layout(flex='2'), max=450.0, style=Prog…

Epoch 00126: ReduceLROnPlateau reducing learning rate to 0.0012499999720603228.
[I 2021-07-16 22:00:08,670] Trial 367 pruned. Trial was pruned at epoch 200.
Trial 367 pruned. Trial was pruned at epoch 200.
Trial 367 pruned. Trial was pruned at epoch 200.
HBox(children=(FloatProgress(value=0.0, description='Training', layout=Layout(flex='2'), max=450.0, style=Prog…
[I 2021-07-16 22:00:41,178] Trial 368 pruned. Trial was pruned at epoch 50.
Trial 368 pruned. Trial was pruned at epoch 50.
Trial 368 pruned. Trial was pruned at epoch 50.
HBox(children=(FloatProgress(value=0.0, description='Training', layout=Layout(flex='2'), max=450.0, style=Prog…

Epoch 00170: ReduceLROnPlateau reducing learning rate to 0.0012499999720603228.
[I 2021-07-16 22:02:48,786] Trial 369 pruned. Trial was pruned at epoch 200.
Trial 369 pruned. Trial was pruned at epoch 200.
Trial 369 pruned. Trial was pruned at epoch 200.
HBox(children=(FloatProgress(value=0.0, description='Training', layout=Layout(flex='2'), max=450.0, style=Prog…

Epoch 00185: ReduceLROnPlateau reducing learning rate to 0.0012499999720603228.
[I 2021-07-16 22:04:52,844] Trial 370 pruned. Trial was pruned at epoch 200.
Trial 370 pruned. Trial was pruned at epoch 200.
Trial 370 pruned. Trial was pruned at epoch 200.
HBox(children=(FloatProgress(value=0.0, description='Training', layout=Layout(flex='2'), max=450.0, style=Prog…

Epoch 00097: ReduceLROnPlateau reducing learning rate to 0.0012499999720603228.

Epoch 00130: ReduceLROnPlateau reducing learning rate to 0.0006249999860301614.

Epoch 00157: ReduceLROnPlateau reducing learning rate to 0.0003124999930150807.

Epoch 00182: ReduceLROnPlateau reducing learning rate to 0.00015624999650754035.

Calibration rmse=0.21002130749438314
Tuning rmse=0.5541670331977645
[I 2021-07-16 22:06:40,743] Trial 371 finished with value: 0.4085795921396633 and parameters: {'filter_size': 33, 'reg_beta': 0.0, 'batch_size': 64}. Best is trial 156 with value: 0.3480654454179174.
Trial 371 finished with value: 0.4085795921396633 and parameters: {'filter_size': 33, 'reg_beta': 0.0, 'batch_size': 64}. Best is trial 156 with value: 0.3480654454179174.
Trial 371 finished with value: 0.4085795921396633 and parameters: {'filter_size': 33, 'reg_beta': 0.0, 'batch_size': 64}. Best is trial 156 with value: 0.3480654454179174.
HBox(children=(FloatProgress(value=0.0, description='Training', layout=Layout(flex='2'), max=450.0, style=Prog…

Epoch 00102: ReduceLROnPlateau reducing learning rate to 0.0012499999720603228.

Epoch 00238: ReduceLROnPlateau reducing learning rate to 0.0006249999860301614.

Epoch 00294: ReduceLROnPlateau reducing learning rate to 0.0003124999930150807.

Epoch 00337: ReduceLROnPlateau reducing learning rate to 0.00015624999650754035.

Epoch 00392: ReduceLROnPlateau reducing learning rate to 7.812499825377017e-05.

Calibration rmse=0.44656725670728387
Tuning rmse=0.5866159199130402
[I 2021-07-16 22:11:26,533] Trial 372 finished with value: 0.3656559213226967 and parameters: {'filter_size': 37, 'reg_beta': 0.0075, 'batch_size': 64}. Best is trial 156 with value: 0.3480654454179174.
Trial 372 finished with value: 0.3656559213226967 and parameters: {'filter_size': 37, 'reg_beta': 0.0075, 'batch_size': 64}. Best is trial 156 with value: 0.3480654454179174.
Trial 372 finished with value: 0.3656559213226967 and parameters: {'filter_size': 37, 'reg_beta': 0.0075, 'batch_size': 64}. Best is trial 156 with value: 0.3480654454179174.
HBox(children=(FloatProgress(value=0.0, description='Training', layout=Layout(flex='2'), max=450.0, style=Prog…

Epoch 00117: ReduceLROnPlateau reducing learning rate to 0.0012499999720603228.

Epoch 00170: ReduceLROnPlateau reducing learning rate to 0.0006249999860301614.
[I 2021-07-16 22:13:32,391] Trial 373 pruned. Trial was pruned at epoch 200.
Trial 373 pruned. Trial was pruned at epoch 200.
Trial 373 pruned. Trial was pruned at epoch 200.
HBox(children=(FloatProgress(value=0.0, description='Training', layout=Layout(flex='2'), max=450.0, style=Prog…

Epoch 00166: ReduceLROnPlateau reducing learning rate to 0.0012499999720603228.
[I 2021-07-16 22:14:43,112] Trial 374 pruned. Trial was pruned at epoch 200.
Trial 374 pruned. Trial was pruned at epoch 200.
Trial 374 pruned. Trial was pruned at epoch 200.
HBox(children=(FloatProgress(value=0.0, description='Training', layout=Layout(flex='2'), max=450.0, style=Prog…
[I 2021-07-16 22:15:16,007] Trial 375 pruned. Trial was pruned at epoch 50.
Trial 375 pruned. Trial was pruned at epoch 50.
Trial 375 pruned. Trial was pruned at epoch 50.
HBox(children=(FloatProgress(value=0.0, description='Training', layout=Layout(flex='2'), max=450.0, style=Prog…
[I 2021-07-16 22:15:48,556] Trial 376 pruned. Trial was pruned at epoch 50.
Trial 376 pruned. Trial was pruned at epoch 50.
Trial 376 pruned. Trial was pruned at epoch 50.
HBox(children=(FloatProgress(value=0.0, description='Training', layout=Layout(flex='2'), max=450.0, style=Prog…

Epoch 00182: ReduceLROnPlateau reducing learning rate to 0.0012499999720603228.
[I 2021-07-16 22:17:55,492] Trial 377 pruned. Trial was pruned at epoch 200.
Trial 377 pruned. Trial was pruned at epoch 200.
Trial 377 pruned. Trial was pruned at epoch 200.
HBox(children=(FloatProgress(value=0.0, description='Training', layout=Layout(flex='2'), max=450.0, style=Prog…
[I 2021-07-16 22:18:28,563] Trial 378 pruned. Trial was pruned at epoch 50.
Trial 378 pruned. Trial was pruned at epoch 50.
Trial 378 pruned. Trial was pruned at epoch 50.
HBox(children=(FloatProgress(value=0.0, description='Training', layout=Layout(flex='2'), max=450.0, style=Prog…
[I 2021-07-16 22:19:02,006] Trial 379 pruned. Trial was pruned at epoch 50.
Trial 379 pruned. Trial was pruned at epoch 50.
Trial 379 pruned. Trial was pruned at epoch 50.
HBox(children=(FloatProgress(value=0.0, description='Training', layout=Layout(flex='2'), max=450.0, style=Prog…
[I 2021-07-16 22:19:35,524] Trial 380 pruned. Trial was pruned at epoch 50.
Trial 380 pruned. Trial was pruned at epoch 50.
Trial 380 pruned. Trial was pruned at epoch 50.
HBox(children=(FloatProgress(value=0.0, description='Training', layout=Layout(flex='2'), max=450.0, style=Prog…
[I 2021-07-16 22:19:53,676] Trial 381 pruned. Trial was pruned at epoch 50.
Trial 381 pruned. Trial was pruned at epoch 50.
Trial 381 pruned. Trial was pruned at epoch 50.
HBox(children=(FloatProgress(value=0.0, description='Training', layout=Layout(flex='2'), max=450.0, style=Prog…
[I 2021-07-16 22:20:25,985] Trial 382 pruned. Trial was pruned at epoch 50.
Trial 382 pruned. Trial was pruned at epoch 50.
Trial 382 pruned. Trial was pruned at epoch 50.
HBox(children=(FloatProgress(value=0.0, description='Training', layout=Layout(flex='2'), max=450.0, style=Prog…

Epoch 00117: ReduceLROnPlateau reducing learning rate to 0.0012499999720603228.
[I 2021-07-16 22:22:33,237] Trial 383 pruned. Trial was pruned at epoch 200.
Trial 383 pruned. Trial was pruned at epoch 200.
Trial 383 pruned. Trial was pruned at epoch 200.
HBox(children=(FloatProgress(value=0.0, description='Training', layout=Layout(flex='2'), max=450.0, style=Prog…

Epoch 00127: ReduceLROnPlateau reducing learning rate to 0.0012499999720603228.

Epoch 00166: ReduceLROnPlateau reducing learning rate to 0.0006249999860301614.

Epoch 00262: ReduceLROnPlateau reducing learning rate to 0.0003124999930150807.

Epoch 00290: ReduceLROnPlateau reducing learning rate to 0.00015624999650754035.

Epoch 00315: ReduceLROnPlateau reducing learning rate to 7.812499825377017e-05.

Calibration rmse=0.18997536284616254
Tuning rmse=0.5321050382691408
[I 2021-07-16 22:25:54,663] Trial 384 finished with value: 0.38957508576600675 and parameters: {'filter_size': 35, 'reg_beta': 0.0005, 'batch_size': 64}. Best is trial 156 with value: 0.3480654454179174.
Trial 384 finished with value: 0.38957508576600675 and parameters: {'filter_size': 35, 'reg_beta': 0.0005, 'batch_size': 64}. Best is trial 156 with value: 0.3480654454179174.
Trial 384 finished with value: 0.38957508576600675 and parameters: {'filter_size': 35, 'reg_beta': 0.0005, 'batch_size': 64}. Best is trial 156 with value: 0.3480654454179174.
HBox(children=(FloatProgress(value=0.0, description='Training', layout=Layout(flex='2'), max=450.0, style=Prog…
[I 2021-07-16 22:26:37,159] Trial 385 pruned. Trial was pruned at epoch 200.
Trial 385 pruned. Trial was pruned at epoch 200.
Trial 385 pruned. Trial was pruned at epoch 200.
HBox(children=(FloatProgress(value=0.0, description='Training', layout=Layout(flex='2'), max=450.0, style=Prog…

Epoch 00166: ReduceLROnPlateau reducing learning rate to 0.0012499999720603228.

Epoch 00196: ReduceLROnPlateau reducing learning rate to 0.0006249999860301614.

Epoch 00221: ReduceLROnPlateau reducing learning rate to 0.0003124999930150807.

Calibration rmse=0.1782288328171737
Tuning rmse=0.5611929277403336
[I 2021-07-16 22:28:45,910] Trial 386 finished with value: 0.42218245651936437 and parameters: {'filter_size': 37, 'reg_beta': 0.0, 'batch_size': 64}. Best is trial 156 with value: 0.3480654454179174.
Trial 386 finished with value: 0.42218245651936437 and parameters: {'filter_size': 37, 'reg_beta': 0.0, 'batch_size': 64}. Best is trial 156 with value: 0.3480654454179174.
Trial 386 finished with value: 0.42218245651936437 and parameters: {'filter_size': 37, 'reg_beta': 0.0, 'batch_size': 64}. Best is trial 156 with value: 0.3480654454179174.
HBox(children=(FloatProgress(value=0.0, description='Training', layout=Layout(flex='2'), max=450.0, style=Prog…
[I 2021-07-16 22:29:18,228] Trial 387 pruned. Trial was pruned at epoch 50.
Trial 387 pruned. Trial was pruned at epoch 50.
Trial 387 pruned. Trial was pruned at epoch 50.
HBox(children=(FloatProgress(value=0.0, description='Training', layout=Layout(flex='2'), max=450.0, style=Prog…
[I 2021-07-16 22:29:51,825] Trial 388 pruned. Trial was pruned at epoch 50.
Trial 388 pruned. Trial was pruned at epoch 50.
Trial 388 pruned. Trial was pruned at epoch 50.
HBox(children=(FloatProgress(value=0.0, description='Training', layout=Layout(flex='2'), max=450.0, style=Prog…
