Trial 270 pruned. Trial was pruned at epoch 200.
HBox(children=(FloatProgress(value=0.0, description='Training', layout=Layout(flex='2'), max=450.0, style=Prog…

Epoch 00161: ReduceLROnPlateau reducing learning rate to 0.0012499999720603228.

Epoch 00189: ReduceLROnPlateau reducing learning rate to 0.0006249999860301614.

Epoch 00214: ReduceLROnPlateau reducing learning rate to 0.0003124999930150807.

Calibration rmse=0.18672058910597386
Tuning rmse=0.5584672637931631
[I 2021-07-16 19:23:23,683] Trial 271 finished with value: 0.4177441850628518 and parameters: {'filter_size': 27, 'reg_beta': 0.0, 'batch_size': 64}. Best is trial 156 with value: 0.3480654454179174.
Trial 271 finished with value: 0.4177441850628518 and parameters: {'filter_size': 27, 'reg_beta': 0.0, 'batch_size': 64}. Best is trial 156 with value: 0.3480654454179174.
Trial 271 finished with value: 0.4177441850628518 and parameters: {'filter_size': 27, 'reg_beta': 0.0, 'batch_size': 64}. Best is trial 156 with value: 0.3480654454179174.
HBox(children=(FloatProgress(value=0.0, description='Training', layout=Layout(flex='2'), max=450.0, style=Prog…
[I 2021-07-16 19:24:17,174] Trial 272 pruned. Trial was pruned at epoch 200.
Trial 272 pruned. Trial was pruned at epoch 200.
Trial 272 pruned. Trial was pruned at epoch 200.
HBox(children=(FloatProgress(value=0.0, description='Training', layout=Layout(flex='2'), max=450.0, style=Prog…

Epoch 00100: ReduceLROnPlateau reducing learning rate to 0.0012499999720603228.

Epoch 00129: ReduceLROnPlateau reducing learning rate to 0.0006249999860301614.

Epoch 00154: ReduceLROnPlateau reducing learning rate to 0.0003124999930150807.

Calibration rmse=0.27277944945782223
Tuning rmse=0.5668182716037924
[I 2021-07-16 19:25:47,430] Trial 273 finished with value: 0.40684629829059515 and parameters: {'filter_size': 25, 'reg_beta': 0.0, 'batch_size': 64}. Best is trial 156 with value: 0.3480654454179174.
Trial 273 finished with value: 0.40684629829059515 and parameters: {'filter_size': 25, 'reg_beta': 0.0, 'batch_size': 64}. Best is trial 156 with value: 0.3480654454179174.
Trial 273 finished with value: 0.40684629829059515 and parameters: {'filter_size': 25, 'reg_beta': 0.0, 'batch_size': 64}. Best is trial 156 with value: 0.3480654454179174.
HBox(children=(FloatProgress(value=0.0, description='Training', layout=Layout(flex='2'), max=450.0, style=Prog…
[I 2021-07-16 19:26:20,191] Trial 274 pruned. Trial was pruned at epoch 50.
Trial 274 pruned. Trial was pruned at epoch 50.
Trial 274 pruned. Trial was pruned at epoch 50.
HBox(children=(FloatProgress(value=0.0, description='Training', layout=Layout(flex='2'), max=450.0, style=Prog…

Epoch 00168: ReduceLROnPlateau reducing learning rate to 0.0012499999720603228.

Epoch 00281: ReduceLROnPlateau reducing learning rate to 0.0006249999860301614.

Epoch 00351: ReduceLROnPlateau reducing learning rate to 0.0003124999930150807.

Epoch 00427: ReduceLROnPlateau reducing learning rate to 0.00015624999650754035.

Calibration rmse=0.4444576222565531
Tuning rmse=0.5822366185745096
[I 2021-07-16 19:29:04,056] Trial 275 finished with value: 0.36184676030081986 and parameters: {'filter_size': 45, 'reg_beta': 0.0095, 'batch_size': 128}. Best is trial 156 with value: 0.3480654454179174.
Trial 275 finished with value: 0.36184676030081986 and parameters: {'filter_size': 45, 'reg_beta': 0.0095, 'batch_size': 128}. Best is trial 156 with value: 0.3480654454179174.
Trial 275 finished with value: 0.36184676030081986 and parameters: {'filter_size': 45, 'reg_beta': 0.0095, 'batch_size': 128}. Best is trial 156 with value: 0.3480654454179174.
HBox(children=(FloatProgress(value=0.0, description='Training', layout=Layout(flex='2'), max=450.0, style=Prog…

Epoch 00227: ReduceLROnPlateau reducing learning rate to 0.0012499999720603228.

Epoch 00263: ReduceLROnPlateau reducing learning rate to 0.0006249999860301614.

Epoch 00337: ReduceLROnPlateau reducing learning rate to 0.0003124999930150807.

Epoch 00392: ReduceLROnPlateau reducing learning rate to 0.00015624999650754035.

Calibration rmse=0.44997900609212055
Tuning rmse=0.5864905735276241
[I 2021-07-16 19:31:48,732] Trial 276 finished with value: 0.3639903302203665 and parameters: {'filter_size': 39, 'reg_beta': 0.0075, 'batch_size': 128}. Best is trial 156 with value: 0.3480654454179174.
Trial 276 finished with value: 0.3639903302203665 and parameters: {'filter_size': 39, 'reg_beta': 0.0075, 'batch_size': 128}. Best is trial 156 with value: 0.3480654454179174.
Trial 276 finished with value: 0.3639903302203665 and parameters: {'filter_size': 39, 'reg_beta': 0.0075, 'batch_size': 128}. Best is trial 156 with value: 0.3480654454179174.
HBox(children=(FloatProgress(value=0.0, description='Training', layout=Layout(flex='2'), max=450.0, style=Prog…
[I 2021-07-16 19:32:02,601] Trial 277 pruned. Trial was pruned at epoch 50.
Trial 277 pruned. Trial was pruned at epoch 50.
Trial 277 pruned. Trial was pruned at epoch 50.
HBox(children=(FloatProgress(value=0.0, description='Training', layout=Layout(flex='2'), max=450.0, style=Prog…
[I 2021-07-16 19:32:35,495] Trial 278 pruned. Trial was pruned at epoch 50.
Trial 278 pruned. Trial was pruned at epoch 50.
Trial 278 pruned. Trial was pruned at epoch 50.
HBox(children=(FloatProgress(value=0.0, description='Training', layout=Layout(flex='2'), max=450.0, style=Prog…

Epoch 00100: ReduceLROnPlateau reducing learning rate to 0.0012499999720603228.

Epoch 00129: ReduceLROnPlateau reducing learning rate to 0.0006249999860301614.

Epoch 00154: ReduceLROnPlateau reducing learning rate to 0.0003124999930150807.

Calibration rmse=0.2757239387548854
Tuning rmse=0.5667426853052855
[I 2021-07-16 19:34:06,271] Trial 279 finished with value: 0.4059581331249118 and parameters: {'filter_size': 25, 'reg_beta': 0.0, 'batch_size': 64}. Best is trial 156 with value: 0.3480654454179174.
Trial 279 finished with value: 0.4059581331249118 and parameters: {'filter_size': 25, 'reg_beta': 0.0, 'batch_size': 64}. Best is trial 156 with value: 0.3480654454179174.
Trial 279 finished with value: 0.4059581331249118 and parameters: {'filter_size': 25, 'reg_beta': 0.0, 'batch_size': 64}. Best is trial 156 with value: 0.3480654454179174.
HBox(children=(FloatProgress(value=0.0, description='Training', layout=Layout(flex='2'), max=450.0, style=Prog…

Epoch 00166: ReduceLROnPlateau reducing learning rate to 0.0012499999720603228.
[I 2021-07-16 19:35:19,338] Trial 280 pruned. Trial was pruned at epoch 200.
Trial 280 pruned. Trial was pruned at epoch 200.
Trial 280 pruned. Trial was pruned at epoch 200.
HBox(children=(FloatProgress(value=0.0, description='Training', layout=Layout(flex='2'), max=450.0, style=Prog…
[I 2021-07-16 19:35:38,779] Trial 281 pruned. Trial was pruned at epoch 50.
Trial 281 pruned. Trial was pruned at epoch 50.
Trial 281 pruned. Trial was pruned at epoch 50.
HBox(children=(FloatProgress(value=0.0, description='Training', layout=Layout(flex='2'), max=450.0, style=Prog…
[I 2021-07-16 19:36:11,861] Trial 282 pruned. Trial was pruned at epoch 50.
Trial 282 pruned. Trial was pruned at epoch 50.
Trial 282 pruned. Trial was pruned at epoch 50.
HBox(children=(FloatProgress(value=0.0, description='Training', layout=Layout(flex='2'), max=450.0, style=Prog…
[I 2021-07-16 19:36:30,580] Trial 283 pruned. Trial was pruned at epoch 50.
Trial 283 pruned. Trial was pruned at epoch 50.
Trial 283 pruned. Trial was pruned at epoch 50.
HBox(children=(FloatProgress(value=0.0, description='Training', layout=Layout(flex='2'), max=450.0, style=Prog…
[I 2021-07-16 19:37:03,747] Trial 284 pruned. Trial was pruned at epoch 50.
Trial 284 pruned. Trial was pruned at epoch 50.
Trial 284 pruned. Trial was pruned at epoch 50.
HBox(children=(FloatProgress(value=0.0, description='Training', layout=Layout(flex='2'), max=450.0, style=Prog…

Epoch 00181: ReduceLROnPlateau reducing learning rate to 0.0012499999720603228.

Epoch 00244: ReduceLROnPlateau reducing learning rate to 0.0006249999860301614.

Epoch 00306: ReduceLROnPlateau reducing learning rate to 0.0003124999930150807.

Epoch 00392: ReduceLROnPlateau reducing learning rate to 0.00015624999650754035.

Epoch 00424: ReduceLROnPlateau reducing learning rate to 7.812499825377017e-05.

Calibration rmse=0.49178240014697006
Tuning rmse=0.6013739649609714
[I 2021-07-16 19:39:44,503] Trial 285 finished with value: 0.36058734079976823 and parameters: {'filter_size': 51, 'reg_beta': 0.012, 'batch_size': 128}. Best is trial 156 with value: 0.3480654454179174.
Trial 285 finished with value: 0.36058734079976823 and parameters: {'filter_size': 51, 'reg_beta': 0.012, 'batch_size': 128}. Best is trial 156 with value: 0.3480654454179174.
Trial 285 finished with value: 0.36058734079976823 and parameters: {'filter_size': 51, 'reg_beta': 0.012, 'batch_size': 128}. Best is trial 156 with value: 0.3480654454179174.
HBox(children=(FloatProgress(value=0.0, description='Training', layout=Layout(flex='2'), max=450.0, style=Prog…

Epoch 00163: ReduceLROnPlateau reducing learning rate to 0.0012499999720603228.
[I 2021-07-16 19:40:55,145] Trial 286 pruned. Trial was pruned at epoch 200.
Trial 286 pruned. Trial was pruned at epoch 200.
Trial 286 pruned. Trial was pruned at epoch 200.
HBox(children=(FloatProgress(value=0.0, description='Training', layout=Layout(flex='2'), max=450.0, style=Prog…
[I 2021-07-16 19:41:27,639] Trial 287 pruned. Trial was pruned at epoch 50.
Trial 287 pruned. Trial was pruned at epoch 50.
Trial 287 pruned. Trial was pruned at epoch 50.
HBox(children=(FloatProgress(value=0.0, description='Training', layout=Layout(flex='2'), max=450.0, style=Prog…
[I 2021-07-16 19:41:46,560] Trial 288 pruned. Trial was pruned at epoch 50.
Trial 288 pruned. Trial was pruned at epoch 50.
Trial 288 pruned. Trial was pruned at epoch 50.
HBox(children=(FloatProgress(value=0.0, description='Training', layout=Layout(flex='2'), max=450.0, style=Prog…

Epoch 00158: ReduceLROnPlateau reducing learning rate to 0.0012499999720603228.
[I 2021-07-16 19:43:54,597] Trial 289 pruned. Trial was pruned at epoch 200.
Trial 289 pruned. Trial was pruned at epoch 200.
Trial 289 pruned. Trial was pruned at epoch 200.
HBox(children=(FloatProgress(value=0.0, description='Training', layout=Layout(flex='2'), max=450.0, style=Prog…

Epoch 00167: ReduceLROnPlateau reducing learning rate to 0.0012499999720603228.
[I 2021-07-16 19:45:07,243] Trial 290 pruned. Trial was pruned at epoch 200.
Trial 290 pruned. Trial was pruned at epoch 200.
Trial 290 pruned. Trial was pruned at epoch 200.
HBox(children=(FloatProgress(value=0.0, description='Training', layout=Layout(flex='2'), max=450.0, style=Prog…
[I 2021-07-16 19:47:17,460] Trial 291 pruned. Trial was pruned at epoch 200.
Trial 291 pruned. Trial was pruned at epoch 200.
Trial 291 pruned. Trial was pruned at epoch 200.
HBox(children=(FloatProgress(value=0.0, description='Training', layout=Layout(flex='2'), max=450.0, style=Prog…

Epoch 00126: ReduceLROnPlateau reducing learning rate to 0.0012499999720603228.

Epoch 00173: ReduceLROnPlateau reducing learning rate to 0.0006249999860301614.

Epoch 00217: ReduceLROnPlateau reducing learning rate to 0.0003124999930150807.

Epoch 00248: ReduceLROnPlateau reducing learning rate to 0.00015624999650754035.

Epoch 00273: ReduceLROnPlateau reducing learning rate to 7.812499825377017e-05.

Calibration rmse=0.21045494514339277
Tuning rmse=0.5279755375209347
[I 2021-07-16 19:50:15,515] Trial 292 finished with value: 0.38122121090307315 and parameters: {'filter_size': 37, 'reg_beta': 0.0005, 'batch_size': 64}. Best is trial 156 with value: 0.3480654454179174.
Trial 292 finished with value: 0.38122121090307315 and parameters: {'filter_size': 37, 'reg_beta': 0.0005, 'batch_size': 64}. Best is trial 156 with value: 0.3480654454179174.
Trial 292 finished with value: 0.38122121090307315 and parameters: {'filter_size': 37, 'reg_beta': 0.0005, 'batch_size': 64}. Best is trial 156 with value: 0.3480654454179174.
HBox(children=(FloatProgress(value=0.0, description='Training', layout=Layout(flex='2'), max=450.0, style=Prog…
[I 2021-07-16 19:51:26,836] Trial 293 pruned. Trial was pruned at epoch 200.
Trial 293 pruned. Trial was pruned at epoch 200.
Trial 293 pruned. Trial was pruned at epoch 200.
HBox(children=(FloatProgress(value=0.0, description='Training', layout=Layout(flex='2'), max=450.0, style=Prog…

Epoch 00117: ReduceLROnPlateau reducing learning rate to 0.0012499999720603228.

Epoch 00152: ReduceLROnPlateau reducing learning rate to 0.0006249999860301614.
[I 2021-07-16 19:53:33,161] Trial 294 pruned. Trial was pruned at epoch 200.
Trial 294 pruned. Trial was pruned at epoch 200.
Trial 294 pruned. Trial was pruned at epoch 200.
HBox(children=(FloatProgress(value=0.0, description='Training', layout=Layout(flex='2'), max=450.0, style=Prog…
[I 2021-07-16 19:54:43,106] Trial 295 pruned. Trial was pruned at epoch 200.
Trial 295 pruned. Trial was pruned at epoch 200.
Trial 295 pruned. Trial was pruned at epoch 200.
HBox(children=(FloatProgress(value=0.0, description='Training', layout=Layout(flex='2'), max=450.0, style=Prog…

Epoch 00137: ReduceLROnPlateau reducing learning rate to 0.0012499999720603228.

Epoch 00178: ReduceLROnPlateau reducing learning rate to 0.0006249999860301614.
[I 2021-07-16 19:55:53,550] Trial 296 pruned. Trial was pruned at epoch 200.
Trial 296 pruned. Trial was pruned at epoch 200.
Trial 296 pruned. Trial was pruned at epoch 200.
HBox(children=(FloatProgress(value=0.0, description='Training', layout=Layout(flex='2'), max=450.0, style=Prog…

Epoch 00148: ReduceLROnPlateau reducing learning rate to 0.0012499999720603228.

Epoch 00175: ReduceLROnPlateau reducing learning rate to 0.0006249999860301614.

Epoch 00200: ReduceLROnPlateau reducing learning rate to 0.0003124999930150807.

Calibration rmse=0.17299818835143685
Tuning rmse=0.574333179516291
[I 2021-07-16 19:57:49,384] Trial 297 finished with value: 0.437131703718352 and parameters: {'filter_size': 13, 'reg_beta': 0.0, 'batch_size': 64}. Best is trial 156 with value: 0.3480654454179174.
Trial 297 finished with value: 0.437131703718352 and parameters: {'filter_size': 13, 'reg_beta': 0.0, 'batch_size': 64}. Best is trial 156 with value: 0.3480654454179174.
Trial 297 finished with value: 0.437131703718352 and parameters: {'filter_size': 13, 'reg_beta': 0.0, 'batch_size': 64}. Best is trial 156 with value: 0.3480654454179174.
HBox(children=(FloatProgress(value=0.0, description='Training', layout=Layout(flex='2'), max=450.0, style=Prog…
[I 2021-07-16 19:58:21,930] Trial 298 pruned. Trial was pruned at epoch 50.
Trial 298 pruned. Trial was pruned at epoch 50.
Trial 298 pruned. Trial was pruned at epoch 50.
HBox(children=(FloatProgress(value=0.0, description='Training', layout=Layout(flex='2'), max=450.0, style=Prog…

Epoch 00170: ReduceLROnPlateau reducing learning rate to 0.0012499999720603228.
[I 2021-07-16 20:00:28,965] Trial 299 pruned. Trial was pruned at epoch 200.
Trial 299 pruned. Trial was pruned at epoch 200.
Trial 299 pruned. Trial was pruned at epoch 200.
HBox(children=(FloatProgress(value=0.0, description='Training', layout=Layout(flex='2'), max=450.0, style=Prog…
[I 2021-07-16 20:01:01,128] Trial 300 pruned. Trial was pruned at epoch 50.
Trial 300 pruned. Trial was pruned at epoch 50.
Trial 300 pruned. Trial was pruned at epoch 50.
HBox(children=(FloatProgress(value=0.0, description='Training', layout=Layout(flex='2'), max=450.0, style=Prog…

Epoch 00166: ReduceLROnPlateau reducing learning rate to 0.0012499999720603228.
[I 2021-07-16 20:02:11,671] Trial 301 pruned. Trial was pruned at epoch 200.
Trial 301 pruned. Trial was pruned at epoch 200.
Trial 301 pruned. Trial was pruned at epoch 200.
HBox(children=(FloatProgress(value=0.0, description='Training', layout=Layout(flex='2'), max=450.0, style=Prog…

Epoch 00128: ReduceLROnPlateau reducing learning rate to 0.0012499999720603228.
[I 2021-07-16 20:04:18,653] Trial 302 pruned. Trial was pruned at epoch 200.
Trial 302 pruned. Trial was pruned at epoch 200.
Trial 302 pruned. Trial was pruned at epoch 200.
HBox(children=(FloatProgress(value=0.0, description='Training', layout=Layout(flex='2'), max=450.0, style=Prog…

Epoch 00117: ReduceLROnPlateau reducing learning rate to 0.0012499999720603228.

Epoch 00158: ReduceLROnPlateau reducing learning rate to 0.0006249999860301614.
[I 2021-07-16 20:06:25,364] Trial 303 pruned. Trial was pruned at epoch 200.
Trial 303 pruned. Trial was pruned at epoch 200.
Trial 303 pruned. Trial was pruned at epoch 200.
HBox(children=(FloatProgress(value=0.0, description='Training', layout=Layout(flex='2'), max=450.0, style=Prog…

Epoch 00097: ReduceLROnPlateau reducing learning rate to 0.0012499999720603228.

Epoch 00127: ReduceLROnPlateau reducing learning rate to 0.0006249999860301614.

Epoch 00154: ReduceLROnPlateau reducing learning rate to 0.0003124999930150807.

Epoch 00179: ReduceLROnPlateau reducing learning rate to 0.00015624999650754035.

Calibration rmse=0.2179370487909703
Tuning rmse=0.552930709422901
[I 2021-07-16 20:08:11,168] Trial 304 finished with value: 0.4055832608050479 and parameters: {'filter_size': 33, 'reg_beta': 0.0, 'batch_size': 64}. Best is trial 156 with value: 0.3480654454179174.
Trial 304 finished with value: 0.4055832608050479 and parameters: {'filter_size': 33, 'reg_beta': 0.0, 'batch_size': 64}. Best is trial 156 with value: 0.3480654454179174.
Trial 304 finished with value: 0.4055832608050479 and parameters: {'filter_size': 33, 'reg_beta': 0.0, 'batch_size': 64}. Best is trial 156 with value: 0.3480654454179174.
HBox(children=(FloatProgress(value=0.0, description='Training', layout=Layout(flex='2'), max=450.0, style=Prog…

Epoch 00129: ReduceLROnPlateau reducing learning rate to 0.0012499999720603228.

Epoch 00196: ReduceLROnPlateau reducing learning rate to 0.0006249999860301614.

Epoch 00297: ReduceLROnPlateau reducing learning rate to 0.0003124999930150807.

Epoch 00361: ReduceLROnPlateau reducing learning rate to 0.00015624999650754035.

Epoch 00407: ReduceLROnPlateau reducing learning rate to 7.812499825377017e-05.

Calibration rmse=0.5451212419162976
Tuning rmse=0.6254944037942568
[I 2021-07-16 20:13:08,179] Trial 305 finished with value: 0.3597902422919114 and parameters: {'filter_size': 39, 'reg_beta': 0.014, 'batch_size': 64}. Best is trial 156 with value: 0.3480654454179174.
Trial 305 finished with value: 0.3597902422919114 and parameters: {'filter_size': 39, 'reg_beta': 0.014, 'batch_size': 64}. Best is trial 156 with value: 0.3480654454179174.
Trial 305 finished with value: 0.3597902422919114 and parameters: {'filter_size': 39, 'reg_beta': 0.014, 'batch_size': 64}. Best is trial 156 with value: 0.3480654454179174.
HBox(children=(FloatProgress(value=0.0, description='Training', layout=Layout(flex='2'), max=450.0, style=Prog…

Epoch 00196: ReduceLROnPlateau reducing learning rate to 0.0012499999720603228.

Epoch 00275: ReduceLROnPlateau reducing learning rate to 0.0006249999860301614.

Epoch 00302: ReduceLROnPlateau reducing learning rate to 0.0003124999930150807.

Epoch 00353: ReduceLROnPlateau reducing learning rate to 0.00015624999650754035.

Epoch 00378: ReduceLROnPlateau reducing learning rate to 7.812499825377017e-05.

Calibration rmse=0.17644635047125917
Tuning rmse=0.5508765009770245
[I 2021-07-16 20:17:09,490] Trial 306 finished with value: 0.4116040528555438 and parameters: {'filter_size': 51, 'reg_beta': 0.0005, 'batch_size': 64}. Best is trial 156 with value: 0.3480654454179174.
Trial 306 finished with value: 0.4116040528555438 and parameters: {'filter_size': 51, 'reg_beta': 0.0005, 'batch_size': 64}. Best is trial 156 with value: 0.3480654454179174.
Trial 306 finished with value: 0.4116040528555438 and parameters: {'filter_size': 51, 'reg_beta': 0.0005, 'batch_size': 64}. Best is trial 156 with value: 0.3480654454179174.
HBox(children=(FloatProgress(value=0.0, description='Training', layout=Layout(flex='2'), max=450.0, style=Prog…

Epoch 00126: ReduceLROnPlateau reducing learning rate to 0.0012499999720603228.

Epoch 00209: ReduceLROnPlateau reducing learning rate to 0.0006249999860301614.

Epoch 00248: ReduceLROnPlateau reducing learning rate to 0.0003124999930150807.

Epoch 00289: ReduceLROnPlateau reducing learning rate to 0.00015624999650754035.

Epoch 00324: ReduceLROnPlateau reducing learning rate to 7.812499825377017e-05.

Epoch 00349: ReduceLROnPlateau reducing learning rate to 3.9062499126885086e-05.

Calibration rmse=0.16410564241374914
Tuning rmse=0.5263634223307909
[I 2021-07-16 20:20:46,531] Trial 307 finished with value: 0.3882456064132721 and parameters: {'filter_size': 37, 'reg_beta': 0.0005, 'batch_size': 64}. Best is trial 156 with value: 0.3480654454179174.
Trial 307 finished with value: 0.3882456064132721 and parameters: {'filter_size': 37, 'reg_beta': 0.0005, 'batch_size': 64}. Best is trial 156 with value: 0.3480654454179174.
Trial 307 finished with value: 0.3882456064132721 and parameters: {'filter_size': 37, 'reg_beta': 0.0005, 'batch_size': 64}. Best is trial 156 with value: 0.3480654454179174.
HBox(children=(FloatProgress(value=0.0, description='Training', layout=Layout(flex='2'), max=450.0, style=Prog…

Epoch 00240: ReduceLROnPlateau reducing learning rate to 0.0012499999720603228.

Epoch 00299: ReduceLROnPlateau reducing learning rate to 0.0006249999860301614.

Epoch 00364: ReduceLROnPlateau reducing learning rate to 0.0003124999930150807.

Epoch 00407: ReduceLROnPlateau reducing learning rate to 0.00015624999650754035.

Calibration rmse=0.37559299472282526
Tuning rmse=0.5770298663364724
[I 2021-07-16 20:23:25,981] Trial 308 finished with value: 0.3844616176479496 and parameters: {'filter_size': 41, 'reg_beta': 0.0045000000000000005, 'batch_size': 128}. Best is trial 156 with value: 0.3480654454179174.
Trial 308 finished with value: 0.3844616176479496 and parameters: {'filter_size': 41, 'reg_beta': 0.0045000000000000005, 'batch_size': 128}. Best is trial 156 with value: 0.3480654454179174.
