Trial 236 pruned. Trial was pruned at epoch 50.
HBox(children=(FloatProgress(value=0.0, description='Training', layout=Layout(flex='2'), max=450.0, style=Prog…

Epoch 00173: ReduceLROnPlateau reducing learning rate to 0.0012499999720603228.

Epoch 00248: ReduceLROnPlateau reducing learning rate to 0.0006249999860301614.

Epoch 00281: ReduceLROnPlateau reducing learning rate to 0.0003124999930150807.

Epoch 00398: ReduceLROnPlateau reducing learning rate to 0.00015624999650754035.

Calibration rmse=0.5508171232188126
Tuning rmse=0.6268574056314644
[I 2021-07-16 18:31:00,120] Trial 237 finished with value: 0.3582040546977131 and parameters: {'filter_size': 43, 'reg_beta': 0.012, 'batch_size': 64}. Best is trial 156 with value: 0.3480654454179174.
Trial 237 finished with value: 0.3582040546977131 and parameters: {'filter_size': 43, 'reg_beta': 0.012, 'batch_size': 64}. Best is trial 156 with value: 0.3480654454179174.
Trial 237 finished with value: 0.3582040546977131 and parameters: {'filter_size': 43, 'reg_beta': 0.012, 'batch_size': 64}. Best is trial 156 with value: 0.3480654454179174.
HBox(children=(FloatProgress(value=0.0, description='Training', layout=Layout(flex='2'), max=450.0, style=Prog…

Epoch 00166: ReduceLROnPlateau reducing learning rate to 0.0012499999720603228.

Epoch 00213: ReduceLROnPlateau reducing learning rate to 0.0006249999860301614.

Epoch 00297: ReduceLROnPlateau reducing learning rate to 0.0003124999930150807.

Epoch 00358: ReduceLROnPlateau reducing learning rate to 0.00015624999650754035.

Epoch 00389: ReduceLROnPlateau reducing learning rate to 7.812499825377017e-05.

Epoch 00429: ReduceLROnPlateau reducing learning rate to 3.9062499126885086e-05.

Calibration rmse=0.4628280082231914
Tuning rmse=0.5876102729547259
[I 2021-07-16 18:33:45,757] Trial 238 finished with value: 0.3593431703204034 and parameters: {'filter_size': 41, 'reg_beta': 0.0105, 'batch_size': 128}. Best is trial 156 with value: 0.3480654454179174.
Trial 238 finished with value: 0.3593431703204034 and parameters: {'filter_size': 41, 'reg_beta': 0.0105, 'batch_size': 128}. Best is trial 156 with value: 0.3480654454179174.
Trial 238 finished with value: 0.3593431703204034 and parameters: {'filter_size': 41, 'reg_beta': 0.0105, 'batch_size': 128}. Best is trial 156 with value: 0.3480654454179174.
HBox(children=(FloatProgress(value=0.0, description='Training', layout=Layout(flex='2'), max=450.0, style=Prog…

Epoch 00137: ReduceLROnPlateau reducing learning rate to 0.0012499999720603228.

Epoch 00193: ReduceLROnPlateau reducing learning rate to 0.0006249999860301614.
[I 2021-07-16 18:34:59,335] Trial 239 pruned. Trial was pruned at epoch 200.
Trial 239 pruned. Trial was pruned at epoch 200.
Trial 239 pruned. Trial was pruned at epoch 200.
HBox(children=(FloatProgress(value=0.0, description='Training', layout=Layout(flex='2'), max=450.0, style=Prog…
[I 2021-07-16 18:35:32,924] Trial 240 pruned. Trial was pruned at epoch 50.
Trial 240 pruned. Trial was pruned at epoch 50.
Trial 240 pruned. Trial was pruned at epoch 50.
HBox(children=(FloatProgress(value=0.0, description='Training', layout=Layout(flex='2'), max=450.0, style=Prog…

Epoch 00145: ReduceLROnPlateau reducing learning rate to 0.0012499999720603228.

Epoch 00177: ReduceLROnPlateau reducing learning rate to 0.0006249999860301614.

Epoch 00205: ReduceLROnPlateau reducing learning rate to 0.0003124999930150807.

Epoch 00230: ReduceLROnPlateau reducing learning rate to 0.00015624999650754035.

Calibration rmse=0.13686712932601763
Tuning rmse=0.556851557870792
[I 2021-07-16 18:37:49,458] Trial 241 finished with value: 0.4241013021419876 and parameters: {'filter_size': 19, 'reg_beta': 0.0, 'batch_size': 64}. Best is trial 156 with value: 0.3480654454179174.
Trial 241 finished with value: 0.4241013021419876 and parameters: {'filter_size': 19, 'reg_beta': 0.0, 'batch_size': 64}. Best is trial 156 with value: 0.3480654454179174.
Trial 241 finished with value: 0.4241013021419876 and parameters: {'filter_size': 19, 'reg_beta': 0.0, 'batch_size': 64}. Best is trial 156 with value: 0.3480654454179174.
HBox(children=(FloatProgress(value=0.0, description='Training', layout=Layout(flex='2'), max=450.0, style=Prog…

Epoch 00167: ReduceLROnPlateau reducing learning rate to 0.0012499999720603228.

Epoch 00227: ReduceLROnPlateau reducing learning rate to 0.0006249999860301614.

Epoch 00263: ReduceLROnPlateau reducing learning rate to 0.0003124999930150807.

Epoch 00305: ReduceLROnPlateau reducing learning rate to 0.00015624999650754035.

Epoch 00358: ReduceLROnPlateau reducing learning rate to 7.812499825377017e-05.

Epoch 00443: ReduceLROnPlateau reducing learning rate to 3.9062499126885086e-05.

Calibration rmse=0.4646567601680809
Tuning rmse=0.5849247891014799
[I 2021-07-16 18:40:32,072] Trial 242 finished with value: 0.3555779466184966 and parameters: {'filter_size': 49, 'reg_beta': 0.01, 'batch_size': 128}. Best is trial 156 with value: 0.3480654454179174.
Trial 242 finished with value: 0.3555779466184966 and parameters: {'filter_size': 49, 'reg_beta': 0.01, 'batch_size': 128}. Best is trial 156 with value: 0.3480654454179174.
Trial 242 finished with value: 0.3555779466184966 and parameters: {'filter_size': 49, 'reg_beta': 0.01, 'batch_size': 128}. Best is trial 156 with value: 0.3480654454179174.
HBox(children=(FloatProgress(value=0.0, description='Training', layout=Layout(flex='2'), max=450.0, style=Prog…

Epoch 00134: ReduceLROnPlateau reducing learning rate to 0.0012499999720603228.
[I 2021-07-16 18:42:41,688] Trial 243 pruned. Trial was pruned at epoch 200.
Trial 243 pruned. Trial was pruned at epoch 200.
Trial 243 pruned. Trial was pruned at epoch 200.
HBox(children=(FloatProgress(value=0.0, description='Training', layout=Layout(flex='2'), max=450.0, style=Prog…

Epoch 00138: ReduceLROnPlateau reducing learning rate to 0.0012499999720603228.

Epoch 00286: ReduceLROnPlateau reducing learning rate to 0.0006249999860301614.

Epoch 00314: ReduceLROnPlateau reducing learning rate to 0.0003124999930150807.

Epoch 00342: ReduceLROnPlateau reducing learning rate to 0.00015624999650754035.

Epoch 00376: ReduceLROnPlateau reducing learning rate to 7.812499825377017e-05.

Calibration rmse=0.13390559669255137
Tuning rmse=0.5500268301055022
[I 2021-07-16 18:45:27,278] Trial 244 finished with value: 0.4173128175579105 and parameters: {'filter_size': 51, 'reg_beta': 0.0005, 'batch_size': 128}. Best is trial 156 with value: 0.3480654454179174.
Trial 244 finished with value: 0.4173128175579105 and parameters: {'filter_size': 51, 'reg_beta': 0.0005, 'batch_size': 128}. Best is trial 156 with value: 0.3480654454179174.
Trial 244 finished with value: 0.4173128175579105 and parameters: {'filter_size': 51, 'reg_beta': 0.0005, 'batch_size': 128}. Best is trial 156 with value: 0.3480654454179174.
HBox(children=(FloatProgress(value=0.0, description='Training', layout=Layout(flex='2'), max=450.0, style=Prog…
[I 2021-07-16 18:46:00,493] Trial 245 pruned. Trial was pruned at epoch 50.
Trial 245 pruned. Trial was pruned at epoch 50.
Trial 245 pruned. Trial was pruned at epoch 50.
HBox(children=(FloatProgress(value=0.0, description='Training', layout=Layout(flex='2'), max=450.0, style=Prog…
[I 2021-07-16 18:46:18,954] Trial 246 pruned. Trial was pruned at epoch 50.
Trial 246 pruned. Trial was pruned at epoch 50.
Trial 246 pruned. Trial was pruned at epoch 50.
HBox(children=(FloatProgress(value=0.0, description='Training', layout=Layout(flex='2'), max=450.0, style=Prog…
[I 2021-07-16 18:46:51,617] Trial 247 pruned. Trial was pruned at epoch 50.
Trial 247 pruned. Trial was pruned at epoch 50.
Trial 247 pruned. Trial was pruned at epoch 50.
HBox(children=(FloatProgress(value=0.0, description='Training', layout=Layout(flex='2'), max=450.0, style=Prog…

Epoch 00102: ReduceLROnPlateau reducing learning rate to 0.0012499999720603228.

Epoch 00166: ReduceLROnPlateau reducing learning rate to 0.0006249999860301614.

Epoch 00198: ReduceLROnPlateau reducing learning rate to 0.0003124999930150807.
[I 2021-07-16 18:48:59,785] Trial 248 pruned. Trial was pruned at epoch 200.
Trial 248 pruned. Trial was pruned at epoch 200.
Trial 248 pruned. Trial was pruned at epoch 200.
HBox(children=(FloatProgress(value=0.0, description='Training', layout=Layout(flex='2'), max=450.0, style=Prog…

Epoch 00166: ReduceLROnPlateau reducing learning rate to 0.0012499999720603228.
[I 2021-07-16 18:50:13,068] Trial 249 pruned. Trial was pruned at epoch 200.
Trial 249 pruned. Trial was pruned at epoch 200.
Trial 249 pruned. Trial was pruned at epoch 200.
HBox(children=(FloatProgress(value=0.0, description='Training', layout=Layout(flex='2'), max=450.0, style=Prog…
[I 2021-07-16 18:50:27,246] Trial 250 pruned. Trial was pruned at epoch 50.
Trial 250 pruned. Trial was pruned at epoch 50.
Trial 250 pruned. Trial was pruned at epoch 50.
HBox(children=(FloatProgress(value=0.0, description='Training', layout=Layout(flex='2'), max=450.0, style=Prog…
[I 2021-07-16 18:51:00,610] Trial 251 pruned. Trial was pruned at epoch 50.
Trial 251 pruned. Trial was pruned at epoch 50.
Trial 251 pruned. Trial was pruned at epoch 50.
HBox(children=(FloatProgress(value=0.0, description='Training', layout=Layout(flex='2'), max=450.0, style=Prog…
[I 2021-07-16 18:51:12,206] Trial 252 pruned. Trial was pruned at epoch 50.
Trial 252 pruned. Trial was pruned at epoch 50.
Trial 252 pruned. Trial was pruned at epoch 50.
HBox(children=(FloatProgress(value=0.0, description='Training', layout=Layout(flex='2'), max=450.0, style=Prog…
[I 2021-07-16 18:51:45,329] Trial 253 pruned. Trial was pruned at epoch 50.
Trial 253 pruned. Trial was pruned at epoch 50.
Trial 253 pruned. Trial was pruned at epoch 50.
HBox(children=(FloatProgress(value=0.0, description='Training', layout=Layout(flex='2'), max=450.0, style=Prog…
[I 2021-07-16 18:52:03,880] Trial 254 pruned. Trial was pruned at epoch 50.
Trial 254 pruned. Trial was pruned at epoch 50.
Trial 254 pruned. Trial was pruned at epoch 50.
HBox(children=(FloatProgress(value=0.0, description='Training', layout=Layout(flex='2'), max=450.0, style=Prog…

Epoch 00126: ReduceLROnPlateau reducing learning rate to 0.0012499999720603228.

Epoch 00161: ReduceLROnPlateau reducing learning rate to 0.0006249999860301614.

Epoch 00186: ReduceLROnPlateau reducing learning rate to 0.0003124999930150807.

Calibration rmse=0.23221470711928147
Tuning rmse=0.559473798327513
[I 2021-07-16 18:53:51,420] Trial 255 finished with value: 0.409280529570017 and parameters: {'filter_size': 23, 'reg_beta': 0.0, 'batch_size': 64}. Best is trial 156 with value: 0.3480654454179174.
Trial 255 finished with value: 0.409280529570017 and parameters: {'filter_size': 23, 'reg_beta': 0.0, 'batch_size': 64}. Best is trial 156 with value: 0.3480654454179174.
Trial 255 finished with value: 0.409280529570017 and parameters: {'filter_size': 23, 'reg_beta': 0.0, 'batch_size': 64}. Best is trial 156 with value: 0.3480654454179174.
HBox(children=(FloatProgress(value=0.0, description='Training', layout=Layout(flex='2'), max=450.0, style=Prog…
[I 2021-07-16 18:54:24,386] Trial 256 pruned. Trial was pruned at epoch 50.
Trial 256 pruned. Trial was pruned at epoch 50.
Trial 256 pruned. Trial was pruned at epoch 50.
HBox(children=(FloatProgress(value=0.0, description='Training', layout=Layout(flex='2'), max=450.0, style=Prog…

Epoch 00185: ReduceLROnPlateau reducing learning rate to 0.0012499999720603228.
[I 2021-07-16 18:55:19,443] Trial 257 pruned. Trial was pruned at epoch 200.
Trial 257 pruned. Trial was pruned at epoch 200.
Trial 257 pruned. Trial was pruned at epoch 200.
HBox(children=(FloatProgress(value=0.0, description='Training', layout=Layout(flex='2'), max=450.0, style=Prog…

Epoch 00158: ReduceLROnPlateau reducing learning rate to 0.0012499999720603228.

Epoch 00222: ReduceLROnPlateau reducing learning rate to 0.0006249999860301614.

Epoch 00289: ReduceLROnPlateau reducing learning rate to 0.0003124999930150807.

Epoch 00337: ReduceLROnPlateau reducing learning rate to 0.00015624999650754035.

Epoch 00399: ReduceLROnPlateau reducing learning rate to 7.812499825377017e-05.

Calibration rmse=0.42824485660365963
Tuning rmse=0.5770719835792597
[I 2021-07-16 19:00:04,089] Trial 258 finished with value: 0.36334520030193607 and parameters: {'filter_size': 45, 'reg_beta': 0.005, 'batch_size': 64}. Best is trial 156 with value: 0.3480654454179174.
Trial 258 finished with value: 0.36334520030193607 and parameters: {'filter_size': 45, 'reg_beta': 0.005, 'batch_size': 64}. Best is trial 156 with value: 0.3480654454179174.
Trial 258 finished with value: 0.36334520030193607 and parameters: {'filter_size': 45, 'reg_beta': 0.005, 'batch_size': 64}. Best is trial 156 with value: 0.3480654454179174.
HBox(children=(FloatProgress(value=0.0, description='Training', layout=Layout(flex='2'), max=450.0, style=Prog…

Epoch 00131: ReduceLROnPlateau reducing learning rate to 0.0012499999720603228.

Epoch 00158: ReduceLROnPlateau reducing learning rate to 0.0006249999860301614.

Epoch 00183: ReduceLROnPlateau reducing learning rate to 0.0003124999930150807.

Calibration rmse=0.23025739806453777
Tuning rmse=0.5529333504596251
[I 2021-07-16 19:01:51,535] Trial 259 finished with value: 0.40282508557334035 and parameters: {'filter_size': 29, 'reg_beta': 0.0, 'batch_size': 64}. Best is trial 156 with value: 0.3480654454179174.
Trial 259 finished with value: 0.40282508557334035 and parameters: {'filter_size': 29, 'reg_beta': 0.0, 'batch_size': 64}. Best is trial 156 with value: 0.3480654454179174.
Trial 259 finished with value: 0.40282508557334035 and parameters: {'filter_size': 29, 'reg_beta': 0.0, 'batch_size': 64}. Best is trial 156 with value: 0.3480654454179174.
HBox(children=(FloatProgress(value=0.0, description='Training', layout=Layout(flex='2'), max=450.0, style=Prog…
[I 2021-07-16 19:02:24,818] Trial 260 pruned. Trial was pruned at epoch 50.
Trial 260 pruned. Trial was pruned at epoch 50.
Trial 260 pruned. Trial was pruned at epoch 50.
HBox(children=(FloatProgress(value=0.0, description='Training', layout=Layout(flex='2'), max=450.0, style=Prog…

Epoch 00167: ReduceLROnPlateau reducing learning rate to 0.0012499999720603228.

Epoch 00213: ReduceLROnPlateau reducing learning rate to 0.0006249999860301614.

Epoch 00263: ReduceLROnPlateau reducing learning rate to 0.0003124999930150807.

Epoch 00289: ReduceLROnPlateau reducing learning rate to 0.00015624999650754035.

Epoch 00329: ReduceLROnPlateau reducing learning rate to 7.812499825377017e-05.

Epoch 00372: ReduceLROnPlateau reducing learning rate to 3.9062499126885086e-05.

Epoch 00417: ReduceLROnPlateau reducing learning rate to 1.9531249563442543e-05.

Epoch 00443: ReduceLROnPlateau reducing learning rate to 9.765624781721272e-06.

Calibration rmse=0.47550998214368345
Tuning rmse=0.5859454853785289
[I 2021-07-16 19:05:06,413] Trial 261 finished with value: 0.35158392704786123 and parameters: {'filter_size': 45, 'reg_beta': 0.013000000000000001, 'batch_size': 128}. Best is trial 156 with value: 0.3480654454179174.
Trial 261 finished with value: 0.35158392704786123 and parameters: {'filter_size': 45, 'reg_beta': 0.013000000000000001, 'batch_size': 128}. Best is trial 156 with value: 0.3480654454179174.
Trial 261 finished with value: 0.35158392704786123 and parameters: {'filter_size': 45, 'reg_beta': 0.013000000000000001, 'batch_size': 128}. Best is trial 156 with value: 0.3480654454179174.
HBox(children=(FloatProgress(value=0.0, description='Training', layout=Layout(flex='2'), max=450.0, style=Prog…

Epoch 00159: ReduceLROnPlateau reducing learning rate to 0.0012499999720603228.

Epoch 00213: ReduceLROnPlateau reducing learning rate to 0.0006249999860301614.

Epoch 00263: ReduceLROnPlateau reducing learning rate to 0.0003124999930150807.

Epoch 00315: ReduceLROnPlateau reducing learning rate to 0.00015624999650754035.

Epoch 00361: ReduceLROnPlateau reducing learning rate to 7.812499825377017e-05.

Calibration rmse=0.49007650318239226
Tuning rmse=0.5905990816918509
[I 2021-07-16 19:07:47,972] Trial 262 finished with value: 0.3496156890078136 and parameters: {'filter_size': 43, 'reg_beta': 0.0125, 'batch_size': 128}. Best is trial 156 with value: 0.3480654454179174.
Trial 262 finished with value: 0.3496156890078136 and parameters: {'filter_size': 43, 'reg_beta': 0.0125, 'batch_size': 128}. Best is trial 156 with value: 0.3480654454179174.
Trial 262 finished with value: 0.3496156890078136 and parameters: {'filter_size': 43, 'reg_beta': 0.0125, 'batch_size': 128}. Best is trial 156 with value: 0.3480654454179174.
HBox(children=(FloatProgress(value=0.0, description='Training', layout=Layout(flex='2'), max=450.0, style=Prog…

Epoch 00166: ReduceLROnPlateau reducing learning rate to 0.0012499999720603228.
[I 2021-07-16 19:08:57,234] Trial 263 pruned. Trial was pruned at epoch 200.
Trial 263 pruned. Trial was pruned at epoch 200.
Trial 263 pruned. Trial was pruned at epoch 200.
HBox(children=(FloatProgress(value=0.0, description='Training', layout=Layout(flex='2'), max=450.0, style=Prog…

Epoch 00131: ReduceLROnPlateau reducing learning rate to 0.0012499999720603228.

Epoch 00158: ReduceLROnPlateau reducing learning rate to 0.0006249999860301614.

Epoch 00183: ReduceLROnPlateau reducing learning rate to 0.0003124999930150807.

Calibration rmse=0.2225115037874896
Tuning rmse=0.5540196602617345
[I 2021-07-16 19:10:42,425] Trial 264 finished with value: 0.4057230374502461 and parameters: {'filter_size': 27, 'reg_beta': 0.0, 'batch_size': 64}. Best is trial 156 with value: 0.3480654454179174.
Trial 264 finished with value: 0.4057230374502461 and parameters: {'filter_size': 27, 'reg_beta': 0.0, 'batch_size': 64}. Best is trial 156 with value: 0.3480654454179174.
Trial 264 finished with value: 0.4057230374502461 and parameters: {'filter_size': 27, 'reg_beta': 0.0, 'batch_size': 64}. Best is trial 156 with value: 0.3480654454179174.
HBox(children=(FloatProgress(value=0.0, description='Training', layout=Layout(flex='2'), max=450.0, style=Prog…

Epoch 00127: ReduceLROnPlateau reducing learning rate to 0.0012499999720603228.

Epoch 00158: ReduceLROnPlateau reducing learning rate to 0.0006249999860301614.

Epoch 00184: ReduceLROnPlateau reducing learning rate to 0.0003124999930150807.

Epoch 00209: ReduceLROnPlateau reducing learning rate to 0.00015624999650754035.

Calibration rmse=0.17384388670023648
Tuning rmse=0.5652717013843482
[I 2021-07-16 19:12:47,783] Trial 265 finished with value: 0.4272910504136297 and parameters: {'filter_size': 39, 'reg_beta': 0.0, 'batch_size': 64}. Best is trial 156 with value: 0.3480654454179174.
Trial 265 finished with value: 0.4272910504136297 and parameters: {'filter_size': 39, 'reg_beta': 0.0, 'batch_size': 64}. Best is trial 156 with value: 0.3480654454179174.
Trial 265 finished with value: 0.4272910504136297 and parameters: {'filter_size': 39, 'reg_beta': 0.0, 'batch_size': 64}. Best is trial 156 with value: 0.3480654454179174.
HBox(children=(FloatProgress(value=0.0, description='Training', layout=Layout(flex='2'), max=450.0, style=Prog…

Epoch 00166: ReduceLROnPlateau reducing learning rate to 0.0012499999720603228.
[I 2021-07-16 19:13:58,399] Trial 266 pruned. Trial was pruned at epoch 200.
Trial 266 pruned. Trial was pruned at epoch 200.
Trial 266 pruned. Trial was pruned at epoch 200.
HBox(children=(FloatProgress(value=0.0, description='Training', layout=Layout(flex='2'), max=450.0, style=Prog…

Epoch 00114: ReduceLROnPlateau reducing learning rate to 0.0012499999720603228.

Epoch 00162: ReduceLROnPlateau reducing learning rate to 0.0006249999860301614.

Epoch 00229: ReduceLROnPlateau reducing learning rate to 0.0003124999930150807.

Epoch 00312: ReduceLROnPlateau reducing learning rate to 0.00015624999650754035.

Epoch 00338: ReduceLROnPlateau reducing learning rate to 7.812499825377017e-05.

Epoch 00364: ReduceLROnPlateau reducing learning rate to 3.9062499126885086e-05.

Epoch 00389: ReduceLROnPlateau reducing learning rate to 1.9531249563442543e-05.

Calibration rmse=0.13906271350501312
Tuning rmse=0.5457988231853828
[I 2021-07-16 19:18:03,470] Trial 267 finished with value: 0.41217837014427705 and parameters: {'filter_size': 31, 'reg_beta': 0.0005, 'batch_size': 64}. Best is trial 156 with value: 0.3480654454179174.
Trial 267 finished with value: 0.41217837014427705 and parameters: {'filter_size': 31, 'reg_beta': 0.0005, 'batch_size': 64}. Best is trial 156 with value: 0.3480654454179174.
Trial 267 finished with value: 0.41217837014427705 and parameters: {'filter_size': 31, 'reg_beta': 0.0005, 'batch_size': 64}. Best is trial 156 with value: 0.3480654454179174.
HBox(children=(FloatProgress(value=0.0, description='Training', layout=Layout(flex='2'), max=450.0, style=Prog…
[I 2021-07-16 19:18:36,130] Trial 268 pruned. Trial was pruned at epoch 50.
Trial 268 pruned. Trial was pruned at epoch 50.
Trial 268 pruned. Trial was pruned at epoch 50.
HBox(children=(FloatProgress(value=0.0, description='Training', layout=Layout(flex='2'), max=450.0, style=Prog…
[I 2021-07-16 19:19:08,815] Trial 269 pruned. Trial was pruned at epoch 50.
Trial 269 pruned. Trial was pruned at epoch 50.
Trial 269 pruned. Trial was pruned at epoch 50.
HBox(children=(FloatProgress(value=0.0, description='Training', layout=Layout(flex='2'), max=450.0, style=Prog…

Epoch 00197: ReduceLROnPlateau reducing learning rate to 0.0012499999720603228.
[I 2021-07-16 19:21:15,994] Trial 270 pruned. Trial was pruned at epoch 200.
Trial 270 pruned. Trial was pruned at epoch 200.
