Trial 53 pruned. Trial was pruned at epoch 200.
HBox(children=(FloatProgress(value=0.0, description='Training', layout=Layout(flex='2'), max=450.0, style=Prog…
[I 2021-07-16 12:34:25,725] Trial 54 pruned. Trial was pruned at epoch 50.
Trial 54 pruned. Trial was pruned at epoch 50.
Trial 54 pruned. Trial was pruned at epoch 50.
HBox(children=(FloatProgress(value=0.0, description='Training', layout=Layout(flex='2'), max=450.0, style=Prog…
[I 2021-07-16 12:34:40,531] Trial 55 pruned. Trial was pruned at epoch 50.
Trial 55 pruned. Trial was pruned at epoch 50.
Trial 55 pruned. Trial was pruned at epoch 50.
HBox(children=(FloatProgress(value=0.0, description='Training', layout=Layout(flex='2'), max=450.0, style=Prog…
[I 2021-07-16 12:34:52,793] Trial 56 pruned. Trial was pruned at epoch 50.
Trial 56 pruned. Trial was pruned at epoch 50.
Trial 56 pruned. Trial was pruned at epoch 50.
HBox(children=(FloatProgress(value=0.0, description='Training', layout=Layout(flex='2'), max=450.0, style=Prog…
[I 2021-07-16 12:35:05,649] Trial 57 pruned. Trial was pruned at epoch 50.
Trial 57 pruned. Trial was pruned at epoch 50.
Trial 57 pruned. Trial was pruned at epoch 50.
HBox(children=(FloatProgress(value=0.0, description='Training', layout=Layout(flex='2'), max=450.0, style=Prog…
[I 2021-07-16 12:35:20,584] Trial 58 pruned. Trial was pruned at epoch 50.
Trial 58 pruned. Trial was pruned at epoch 50.
Trial 58 pruned. Trial was pruned at epoch 50.
HBox(children=(FloatProgress(value=0.0, description='Training', layout=Layout(flex='2'), max=450.0, style=Prog…

Epoch 00097: ReduceLROnPlateau reducing learning rate to 0.0012499999720603228.

Epoch 00177: ReduceLROnPlateau reducing learning rate to 0.0006249999860301614.

Epoch 00296: ReduceLROnPlateau reducing learning rate to 0.0003124999930150807.

Epoch 00337: ReduceLROnPlateau reducing learning rate to 0.00015624999650754035.

Epoch 00408: ReduceLROnPlateau reducing learning rate to 7.812499825377017e-05.

Calibration rmse=0.441090023229073
Tuning rmse=0.575535723693531
[I 2021-07-16 12:40:46,251] Trial 59 finished with value: 0.3561083421743717 and parameters: {'filter_size': 47, 'reg_beta': 0.006, 'batch_size': 64}. Best is trial 23 with value: 0.35000284473203197.
Trial 59 finished with value: 0.3561083421743717 and parameters: {'filter_size': 47, 'reg_beta': 0.006, 'batch_size': 64}. Best is trial 23 with value: 0.35000284473203197.
Trial 59 finished with value: 0.3561083421743717 and parameters: {'filter_size': 47, 'reg_beta': 0.006, 'batch_size': 64}. Best is trial 23 with value: 0.35000284473203197.
HBox(children=(FloatProgress(value=0.0, description='Training', layout=Layout(flex='2'), max=450.0, style=Prog…

Epoch 00161: ReduceLROnPlateau reducing learning rate to 0.0012499999720603228.
[I 2021-07-16 12:42:10,551] Trial 60 pruned. Trial was pruned at epoch 200.
Trial 60 pruned. Trial was pruned at epoch 200.
Trial 60 pruned. Trial was pruned at epoch 200.
HBox(children=(FloatProgress(value=0.0, description='Training', layout=Layout(flex='2'), max=450.0, style=Prog…

Epoch 00102: ReduceLROnPlateau reducing learning rate to 0.0012499999720603228.

Epoch 00138: ReduceLROnPlateau reducing learning rate to 0.0006249999860301614.

Epoch 00199: ReduceLROnPlateau reducing learning rate to 0.0003124999930150807.

Epoch 00244: ReduceLROnPlateau reducing learning rate to 0.00015624999650754035.

Epoch 00337: ReduceLROnPlateau reducing learning rate to 7.812499825377017e-05.

Epoch 00362: ReduceLROnPlateau reducing learning rate to 3.9062499126885086e-05.

Calibration rmse=0.46129991540409804
Tuning rmse=0.5889241458302206
[I 2021-07-16 12:46:29,463] Trial 61 finished with value: 0.3614790917101237 and parameters: {'filter_size': 31, 'reg_beta': 0.006, 'batch_size': 64}. Best is trial 23 with value: 0.35000284473203197.
Trial 61 finished with value: 0.3614790917101237 and parameters: {'filter_size': 31, 'reg_beta': 0.006, 'batch_size': 64}. Best is trial 23 with value: 0.35000284473203197.
Trial 61 finished with value: 0.3614790917101237 and parameters: {'filter_size': 31, 'reg_beta': 0.006, 'batch_size': 64}. Best is trial 23 with value: 0.35000284473203197.
HBox(children=(FloatProgress(value=0.0, description='Training', layout=Layout(flex='2'), max=450.0, style=Prog…
[I 2021-07-16 12:46:43,716] Trial 62 pruned. Trial was pruned at epoch 50.
Trial 62 pruned. Trial was pruned at epoch 50.
Trial 62 pruned. Trial was pruned at epoch 50.
HBox(children=(FloatProgress(value=0.0, description='Training', layout=Layout(flex='2'), max=450.0, style=Prog…
[I 2021-07-16 12:47:36,235] Trial 63 pruned. Trial was pruned at epoch 200.
Trial 63 pruned. Trial was pruned at epoch 200.
Trial 63 pruned. Trial was pruned at epoch 200.
HBox(children=(FloatProgress(value=0.0, description='Training', layout=Layout(flex='2'), max=450.0, style=Prog…
[I 2021-07-16 12:47:50,827] Trial 64 pruned. Trial was pruned at epoch 50.
Trial 64 pruned. Trial was pruned at epoch 50.
Trial 64 pruned. Trial was pruned at epoch 50.
HBox(children=(FloatProgress(value=0.0, description='Training', layout=Layout(flex='2'), max=450.0, style=Prog…

Epoch 00166: ReduceLROnPlateau reducing learning rate to 0.0012499999720603228.

Epoch 00248: ReduceLROnPlateau reducing learning rate to 0.0006249999860301614.

Epoch 00345: ReduceLROnPlateau reducing learning rate to 0.0003124999930150807.

Epoch 00447: ReduceLROnPlateau reducing learning rate to 0.00015624999650754035.

Calibration rmse=0.4274129661561756
Tuning rmse=0.5798519734051606
[I 2021-07-16 12:53:30,816] Trial 65 finished with value: 0.3666992204142998 and parameters: {'filter_size': 29, 'reg_beta': 0.005, 'batch_size': 64}. Best is trial 23 with value: 0.35000284473203197.
Trial 65 finished with value: 0.3666992204142998 and parameters: {'filter_size': 29, 'reg_beta': 0.005, 'batch_size': 64}. Best is trial 23 with value: 0.35000284473203197.
Trial 65 finished with value: 0.3666992204142998 and parameters: {'filter_size': 29, 'reg_beta': 0.005, 'batch_size': 64}. Best is trial 23 with value: 0.35000284473203197.
HBox(children=(FloatProgress(value=0.0, description='Training', layout=Layout(flex='2'), max=450.0, style=Prog…

Epoch 00117: ReduceLROnPlateau reducing learning rate to 0.0012499999720603228.
[I 2021-07-16 12:55:54,473] Trial 66 pruned. Trial was pruned at epoch 200.
Trial 66 pruned. Trial was pruned at epoch 200.
Trial 66 pruned. Trial was pruned at epoch 200.
HBox(children=(FloatProgress(value=0.0, description='Training', layout=Layout(flex='2'), max=450.0, style=Prog…
[I 2021-07-16 12:56:52,205] Trial 67 pruned. Trial was pruned at epoch 200.
Trial 67 pruned. Trial was pruned at epoch 200.
Trial 67 pruned. Trial was pruned at epoch 200.
HBox(children=(FloatProgress(value=0.0, description='Training', layout=Layout(flex='2'), max=450.0, style=Prog…

Epoch 00209: ReduceLROnPlateau reducing learning rate to 0.0012499999720603228.

Epoch 00252: ReduceLROnPlateau reducing learning rate to 0.0006249999860301614.

Epoch 00309: ReduceLROnPlateau reducing learning rate to 0.0003124999930150807.

Epoch 00359: ReduceLROnPlateau reducing learning rate to 0.00015624999650754035.

Epoch 00408: ReduceLROnPlateau reducing learning rate to 7.812499825377017e-05.

Epoch 00433: ReduceLROnPlateau reducing learning rate to 3.9062499126885086e-05.

Calibration rmse=0.21759329388543408
Tuning rmse=0.5391350572931775
[I 2021-07-16 12:59:15,736] Trial 68 finished with value: 0.39122741287589113 and parameters: {'filter_size': 35, 'reg_beta': 0.0015, 'batch_size': 192}. Best is trial 23 with value: 0.35000284473203197.
Trial 68 finished with value: 0.39122741287589113 and parameters: {'filter_size': 35, 'reg_beta': 0.0015, 'batch_size': 192}. Best is trial 23 with value: 0.35000284473203197.
Trial 68 finished with value: 0.39122741287589113 and parameters: {'filter_size': 35, 'reg_beta': 0.0015, 'batch_size': 192}. Best is trial 23 with value: 0.35000284473203197.
HBox(children=(FloatProgress(value=0.0, description='Training', layout=Layout(flex='2'), max=450.0, style=Prog…

Epoch 00175: ReduceLROnPlateau reducing learning rate to 0.0012499999720603228.

Epoch 00281: ReduceLROnPlateau reducing learning rate to 0.0006249999860301614.

Epoch 00337: ReduceLROnPlateau reducing learning rate to 0.0003124999930150807.

Epoch 00397: ReduceLROnPlateau reducing learning rate to 0.00015624999650754035.

Epoch 00443: ReduceLROnPlateau reducing learning rate to 7.812499825377017e-05.

Calibration rmse=0.3543862008371598
Tuning rmse=0.5732634766246849
[I 2021-07-16 13:01:37,153] Trial 69 finished with value: 0.3881524554563549 and parameters: {'filter_size': 27, 'reg_beta': 0.006, 'batch_size': 192}. Best is trial 23 with value: 0.35000284473203197.
Trial 69 finished with value: 0.3881524554563549 and parameters: {'filter_size': 27, 'reg_beta': 0.006, 'batch_size': 192}. Best is trial 23 with value: 0.35000284473203197.
Trial 69 finished with value: 0.3881524554563549 and parameters: {'filter_size': 27, 'reg_beta': 0.006, 'batch_size': 192}. Best is trial 23 with value: 0.35000284473203197.
HBox(children=(FloatProgress(value=0.0, description='Training', layout=Layout(flex='2'), max=450.0, style=Prog…

Epoch 00114: ReduceLROnPlateau reducing learning rate to 0.0012499999720603228.

Epoch 00166: ReduceLROnPlateau reducing learning rate to 0.0006249999860301614.

Epoch 00273: ReduceLROnPlateau reducing learning rate to 0.0003124999930150807.

Epoch 00337: ReduceLROnPlateau reducing learning rate to 0.00015624999650754035.

Epoch 00369: ReduceLROnPlateau reducing learning rate to 7.812499825377017e-05.

Epoch 00437: ReduceLROnPlateau reducing learning rate to 3.9062499126885086e-05.

Calibration rmse=0.4272650142294933
Tuning rmse=0.5645748126054446
[I 2021-07-16 13:07:06,757] Trial 70 finished with value: 0.3503820696246942 and parameters: {'filter_size': 25, 'reg_beta': 0.006, 'batch_size': 64}. Best is trial 23 with value: 0.35000284473203197.
Trial 70 finished with value: 0.3503820696246942 and parameters: {'filter_size': 25, 'reg_beta': 0.006, 'batch_size': 64}. Best is trial 23 with value: 0.35000284473203197.
Trial 70 finished with value: 0.3503820696246942 and parameters: {'filter_size': 25, 'reg_beta': 0.006, 'batch_size': 64}. Best is trial 23 with value: 0.35000284473203197.
HBox(children=(FloatProgress(value=0.0, description='Training', layout=Layout(flex='2'), max=450.0, style=Prog…
[I 2021-07-16 13:07:52,262] Trial 71 pruned. Trial was pruned at epoch 200.
Trial 71 pruned. Trial was pruned at epoch 200.
Trial 71 pruned. Trial was pruned at epoch 200.
HBox(children=(FloatProgress(value=0.0, description='Training', layout=Layout(flex='2'), max=450.0, style=Prog…

Epoch 00114: ReduceLROnPlateau reducing learning rate to 0.0012499999720603228.

Epoch 00166: ReduceLROnPlateau reducing learning rate to 0.0006249999860301614.
[I 2021-07-16 13:10:07,695] Trial 72 pruned. Trial was pruned at epoch 200.
Trial 72 pruned. Trial was pruned at epoch 200.
Trial 72 pruned. Trial was pruned at epoch 200.
HBox(children=(FloatProgress(value=0.0, description='Training', layout=Layout(flex='2'), max=450.0, style=Prog…

Epoch 00117: ReduceLROnPlateau reducing learning rate to 0.0012499999720603228.
[I 2021-07-16 13:12:21,259] Trial 73 pruned. Trial was pruned at epoch 200.
Trial 73 pruned. Trial was pruned at epoch 200.
Trial 73 pruned. Trial was pruned at epoch 200.
HBox(children=(FloatProgress(value=0.0, description='Training', layout=Layout(flex='2'), max=450.0, style=Prog…

Epoch 00137: ReduceLROnPlateau reducing learning rate to 0.0012499999720603228.
[I 2021-07-16 13:14:29,447] Trial 74 pruned. Trial was pruned at epoch 200.
Trial 74 pruned. Trial was pruned at epoch 200.
Trial 74 pruned. Trial was pruned at epoch 200.
HBox(children=(FloatProgress(value=0.0, description='Training', layout=Layout(flex='2'), max=450.0, style=Prog…

Epoch 00117: ReduceLROnPlateau reducing learning rate to 0.0012499999720603228.

Epoch 00166: ReduceLROnPlateau reducing learning rate to 0.0006249999860301614.

Epoch 00204: ReduceLROnPlateau reducing learning rate to 0.0003124999930150807.

Epoch 00262: ReduceLROnPlateau reducing learning rate to 0.00015624999650754035.

Epoch 00289: ReduceLROnPlateau reducing learning rate to 7.812499825377017e-05.

Epoch 00328: ReduceLROnPlateau reducing learning rate to 3.9062499126885086e-05.

Epoch 00353: ReduceLROnPlateau reducing learning rate to 1.9531249563442543e-05.

Calibration rmse=0.26665680700691224
Tuning rmse=0.5589545625191443
[I 2021-07-16 13:18:31,720] Trial 75 finished with value: 0.40013945637849535 and parameters: {'filter_size': 37, 'reg_beta': 0.0015, 'batch_size': 64}. Best is trial 23 with value: 0.35000284473203197.
Trial 75 finished with value: 0.40013945637849535 and parameters: {'filter_size': 37, 'reg_beta': 0.0015, 'batch_size': 64}. Best is trial 23 with value: 0.35000284473203197.
Trial 75 finished with value: 0.40013945637849535 and parameters: {'filter_size': 37, 'reg_beta': 0.0015, 'batch_size': 64}. Best is trial 23 with value: 0.35000284473203197.
HBox(children=(FloatProgress(value=0.0, description='Training', layout=Layout(flex='2'), max=450.0, style=Prog…

Epoch 00205: ReduceLROnPlateau reducing learning rate to 0.0012499999720603228.

Epoch 00232: ReduceLROnPlateau reducing learning rate to 0.0006249999860301614.

Epoch 00257: ReduceLROnPlateau reducing learning rate to 0.0003124999930150807.

Calibration rmse=0.14947167077581422
Tuning rmse=0.5438030885671836
[I 2021-07-16 13:21:02,239] Trial 76 finished with value: 0.4085915536689392 and parameters: {'filter_size': 35, 'reg_beta': 0.0, 'batch_size': 64}. Best is trial 23 with value: 0.35000284473203197.
Trial 76 finished with value: 0.4085915536689392 and parameters: {'filter_size': 35, 'reg_beta': 0.0, 'batch_size': 64}. Best is trial 23 with value: 0.35000284473203197.
Trial 76 finished with value: 0.4085915536689392 and parameters: {'filter_size': 35, 'reg_beta': 0.0, 'batch_size': 64}. Best is trial 23 with value: 0.35000284473203197.
HBox(children=(FloatProgress(value=0.0, description='Training', layout=Layout(flex='2'), max=450.0, style=Prog…

Epoch 00166: ReduceLROnPlateau reducing learning rate to 0.0012499999720603228.
[I 2021-07-16 13:23:14,714] Trial 77 pruned. Trial was pruned at epoch 200.
Trial 77 pruned. Trial was pruned at epoch 200.
Trial 77 pruned. Trial was pruned at epoch 200.
HBox(children=(FloatProgress(value=0.0, description='Training', layout=Layout(flex='2'), max=450.0, style=Prog…

Epoch 00158: ReduceLROnPlateau reducing learning rate to 0.0012499999720603228.
[I 2021-07-16 13:24:27,950] Trial 78 pruned. Trial was pruned at epoch 200.
Trial 78 pruned. Trial was pruned at epoch 200.
Trial 78 pruned. Trial was pruned at epoch 200.
HBox(children=(FloatProgress(value=0.0, description='Training', layout=Layout(flex='2'), max=450.0, style=Prog…

Epoch 00097: ReduceLROnPlateau reducing learning rate to 0.0012499999720603228.
[I 2021-07-16 13:26:38,406] Trial 79 pruned. Trial was pruned at epoch 200.
Trial 79 pruned. Trial was pruned at epoch 200.
Trial 79 pruned. Trial was pruned at epoch 200.
HBox(children=(FloatProgress(value=0.0, description='Training', layout=Layout(flex='2'), max=450.0, style=Prog…

Epoch 00166: ReduceLROnPlateau reducing learning rate to 0.0012499999720603228.

Epoch 00281: ReduceLROnPlateau reducing learning rate to 0.0006249999860301614.

Epoch 00337: ReduceLROnPlateau reducing learning rate to 0.0003124999930150807.

Epoch 00389: ReduceLROnPlateau reducing learning rate to 0.00015624999650754035.

Calibration rmse=0.5495348415523128
Tuning rmse=0.6231559490526235
[I 2021-07-16 13:29:22,535] Trial 80 finished with value: 0.35474537190618693 and parameters: {'filter_size': 41, 'reg_beta': 0.0205, 'batch_size': 128}. Best is trial 23 with value: 0.35000284473203197.
Trial 80 finished with value: 0.35474537190618693 and parameters: {'filter_size': 41, 'reg_beta': 0.0205, 'batch_size': 128}. Best is trial 23 with value: 0.35000284473203197.
Trial 80 finished with value: 0.35474537190618693 and parameters: {'filter_size': 41, 'reg_beta': 0.0205, 'batch_size': 128}. Best is trial 23 with value: 0.35000284473203197.
HBox(children=(FloatProgress(value=0.0, description='Training', layout=Layout(flex='2'), max=450.0, style=Prog…
[I 2021-07-16 13:29:55,138] Trial 81 pruned. Trial was pruned at epoch 50.
Trial 81 pruned. Trial was pruned at epoch 50.
Trial 81 pruned. Trial was pruned at epoch 50.
HBox(children=(FloatProgress(value=0.0, description='Training', layout=Layout(flex='2'), max=450.0, style=Prog…
[I 2021-07-16 13:30:39,174] Trial 82 pruned. Trial was pruned at epoch 200.
Trial 82 pruned. Trial was pruned at epoch 200.
Trial 82 pruned. Trial was pruned at epoch 200.
HBox(children=(FloatProgress(value=0.0, description='Training', layout=Layout(flex='2'), max=450.0, style=Prog…
[I 2021-07-16 13:31:49,176] Trial 83 pruned. Trial was pruned at epoch 200.
Trial 83 pruned. Trial was pruned at epoch 200.
Trial 83 pruned. Trial was pruned at epoch 200.
HBox(children=(FloatProgress(value=0.0, description='Training', layout=Layout(flex='2'), max=450.0, style=Prog…

Epoch 00182: ReduceLROnPlateau reducing learning rate to 0.0012499999720603228.
[I 2021-07-16 13:33:58,751] Trial 84 pruned. Trial was pruned at epoch 200.
Trial 84 pruned. Trial was pruned at epoch 200.
Trial 84 pruned. Trial was pruned at epoch 200.
HBox(children=(FloatProgress(value=0.0, description='Training', layout=Layout(flex='2'), max=450.0, style=Prog…

Epoch 00114: ReduceLROnPlateau reducing learning rate to 0.0012499999720603228.

Epoch 00162: ReduceLROnPlateau reducing learning rate to 0.0006249999860301614.

Epoch 00227: ReduceLROnPlateau reducing learning rate to 0.0003124999930150807.

Epoch 00312: ReduceLROnPlateau reducing learning rate to 0.00015624999650754035.

Epoch 00351: ReduceLROnPlateau reducing learning rate to 7.812499825377017e-05.

Epoch 00399: ReduceLROnPlateau reducing learning rate to 3.9062499126885086e-05.

Epoch 00424: ReduceLROnPlateau reducing learning rate to 1.9531249563442543e-05.

Calibration rmse=0.13210040516013316
Tuning rmse=0.5405506931902807
[I 2021-07-16 13:38:32,432] Trial 85 finished with value: 0.4076476140276512 and parameters: {'filter_size': 31, 'reg_beta': 0.0005, 'batch_size': 64}. Best is trial 23 with value: 0.35000284473203197.
Trial 85 finished with value: 0.4076476140276512 and parameters: {'filter_size': 31, 'reg_beta': 0.0005, 'batch_size': 64}. Best is trial 23 with value: 0.35000284473203197.
Trial 85 finished with value: 0.4076476140276512 and parameters: {'filter_size': 31, 'reg_beta': 0.0005, 'batch_size': 64}. Best is trial 23 with value: 0.35000284473203197.
HBox(children=(FloatProgress(value=0.0, description='Training', layout=Layout(flex='2'), max=450.0, style=Prog…
[I 2021-07-16 13:39:05,822] Trial 86 pruned. Trial was pruned at epoch 50.
Trial 86 pruned. Trial was pruned at epoch 50.
Trial 86 pruned. Trial was pruned at epoch 50.
HBox(children=(FloatProgress(value=0.0, description='Training', layout=Layout(flex='2'), max=450.0, style=Prog…

Epoch 00167: ReduceLROnPlateau reducing learning rate to 0.0012499999720603228.

Epoch 00204: ReduceLROnPlateau reducing learning rate to 0.0006249999860301614.

Epoch 00315: ReduceLROnPlateau reducing learning rate to 0.0003124999930150807.

Epoch 00366: ReduceLROnPlateau reducing learning rate to 0.00015624999650754035.

Epoch 00408: ReduceLROnPlateau reducing learning rate to 7.812499825377017e-05.

Epoch 00440: ReduceLROnPlateau reducing learning rate to 3.9062499126885086e-05.

Calibration rmse=0.4310254680373239
Tuning rmse=0.5684098421218504
[I 2021-07-16 13:43:50,353] Trial 87 finished with value: 0.3528583183230216 and parameters: {'filter_size': 23, 'reg_beta': 0.0045000000000000005, 'batch_size': 64}. Best is trial 23 with value: 0.35000284473203197.
Trial 87 finished with value: 0.3528583183230216 and parameters: {'filter_size': 23, 'reg_beta': 0.0045000000000000005, 'batch_size': 64}. Best is trial 23 with value: 0.35000284473203197.
Trial 87 finished with value: 0.3528583183230216 and parameters: {'filter_size': 23, 'reg_beta': 0.0045000000000000005, 'batch_size': 64}. Best is trial 23 with value: 0.35000284473203197.
HBox(children=(FloatProgress(value=0.0, description='Training', layout=Layout(flex='2'), max=450.0, style=Prog…
[I 2021-07-16 13:44:34,910] Trial 88 pruned. Trial was pruned at epoch 200.
Trial 88 pruned. Trial was pruned at epoch 200.
Trial 88 pruned. Trial was pruned at epoch 200.
HBox(children=(FloatProgress(value=0.0, description='Training', layout=Layout(flex='2'), max=450.0, style=Prog…

Epoch 00100: ReduceLROnPlateau reducing learning rate to 0.0012499999720603228.

Epoch 00181: ReduceLROnPlateau reducing learning rate to 0.0006249999860301614.

Epoch 00261: ReduceLROnPlateau reducing learning rate to 0.0003124999930150807.

Epoch 00297: ReduceLROnPlateau reducing learning rate to 0.00015624999650754035.

Epoch 00325: ReduceLROnPlateau reducing learning rate to 7.812499825377017e-05.

Epoch 00364: ReduceLROnPlateau reducing learning rate to 3.9062499126885086e-05.

Epoch 00389: ReduceLROnPlateau reducing learning rate to 1.9531249563442543e-05.

Calibration rmse=0.25760384988566065
Tuning rmse=0.5638438966206812
[I 2021-07-16 13:48:42,613] Trial 89 finished with value: 0.40770204645058034 and parameters: {'filter_size': 13, 'reg_beta': 0.001, 'batch_size': 64}. Best is trial 23 with value: 0.35000284473203197.
Trial 89 finished with value: 0.40770204645058034 and parameters: {'filter_size': 13, 'reg_beta': 0.001, 'batch_size': 64}. Best is trial 23 with value: 0.35000284473203197.
Trial 89 finished with value: 0.40770204645058034 and parameters: {'filter_size': 13, 'reg_beta': 0.001, 'batch_size': 64}. Best is trial 23 with value: 0.35000284473203197.
HBox(children=(FloatProgress(value=0.0, description='Training', layout=Layout(flex='2'), max=450.0, style=Prog…
