[I 2021-07-16 11:39:57,663] A new study created in RDB with name: study
A new study created in RDB with name: study
A new study created in RDB with name: study
C:\Users\dmcp\Miniconda2\envs\py36\lib\site-packages\ipykernel_launcher.py:35: ExperimentalWarning:

enqueue_trial is experimental (supported from v1.2.0). The interface can change in the future.

HBox(children=(FloatProgress(value=0.0, description='Training', layout=Layout(flex='2'), max=450.0, style=Prog…

Epoch 00259: ReduceLROnPlateau reducing learning rate to 0.0012499999720603228.

Epoch 00301: ReduceLROnPlateau reducing learning rate to 0.0006249999860301614.

Epoch 00366: ReduceLROnPlateau reducing learning rate to 0.0003124999930150807.

Epoch 00449: ReduceLROnPlateau reducing learning rate to 0.00015624999650754035.

Calibration rmse=0.33445308655897
Tuning rmse=0.5876238905363274
[I 2021-07-16 11:41:42,013] Trial 0 finished with value: 0.4105334300782776 and parameters: {'filter_size': 5, 'reg_beta': 0.003, 'batch_size': 256}. Best is trial 0 with value: 0.4105334300782776.
Trial 0 finished with value: 0.4105334300782776 and parameters: {'filter_size': 5, 'reg_beta': 0.003, 'batch_size': 256}. Best is trial 0 with value: 0.4105334300782776.
Trial 0 finished with value: 0.4105334300782776 and parameters: {'filter_size': 5, 'reg_beta': 0.003, 'batch_size': 256}. Best is trial 0 with value: 0.4105334300782776.
HBox(children=(FloatProgress(value=0.0, description='Training', layout=Layout(flex='2'), max=450.0, style=Prog…

Epoch 00139: ReduceLROnPlateau reducing learning rate to 0.0012499999720603228.

Epoch 00204: ReduceLROnPlateau reducing learning rate to 0.0006249999860301614.

Epoch 00249: ReduceLROnPlateau reducing learning rate to 0.0003124999930150807.

Epoch 00337: ReduceLROnPlateau reducing learning rate to 0.00015624999650754035.

Epoch 00407: ReduceLROnPlateau reducing learning rate to 7.812499825377017e-05.

Epoch 00443: ReduceLROnPlateau reducing learning rate to 3.9062499126885086e-05.

Calibration rmse=0.5460558887721989
Tuning rmse=0.6219933191198227
[I 2021-07-16 11:46:44,559] Trial 1 finished with value: 0.35534598724336014 and parameters: {'filter_size': 37, 'reg_beta': 0.014, 'batch_size': 64}. Best is trial 1 with value: 0.35534598724336014.
Trial 1 finished with value: 0.35534598724336014 and parameters: {'filter_size': 37, 'reg_beta': 0.014, 'batch_size': 64}. Best is trial 1 with value: 0.35534598724336014.
Trial 1 finished with value: 0.35534598724336014 and parameters: {'filter_size': 37, 'reg_beta': 0.014, 'batch_size': 64}. Best is trial 1 with value: 0.35534598724336014.
HBox(children=(FloatProgress(value=0.0, description='Training', layout=Layout(flex='2'), max=450.0, style=Prog…
[I 2021-07-16 11:47:04,551] Trial 2 pruned. Trial was pruned at epoch 50.
Trial 2 pruned. Trial was pruned at epoch 50.
Trial 2 pruned. Trial was pruned at epoch 50.
HBox(children=(FloatProgress(value=0.0, description='Training', layout=Layout(flex='2'), max=450.0, style=Prog…
[I 2021-07-16 11:47:24,073] Trial 3 pruned. Trial was pruned at epoch 50.
Trial 3 pruned. Trial was pruned at epoch 50.
Trial 3 pruned. Trial was pruned at epoch 50.
HBox(children=(FloatProgress(value=0.0, description='Training', layout=Layout(flex='2'), max=450.0, style=Prog…
[I 2021-07-16 11:47:38,675] Trial 4 pruned. Trial was pruned at epoch 50.
Trial 4 pruned. Trial was pruned at epoch 50.
Trial 4 pruned. Trial was pruned at epoch 50.
HBox(children=(FloatProgress(value=0.0, description='Training', layout=Layout(flex='2'), max=450.0, style=Prog…
[I 2021-07-16 11:47:57,859] Trial 5 pruned. Trial was pruned at epoch 50.
Trial 5 pruned. Trial was pruned at epoch 50.
Trial 5 pruned. Trial was pruned at epoch 50.
HBox(children=(FloatProgress(value=0.0, description='Training', layout=Layout(flex='2'), max=450.0, style=Prog…

Epoch 00139: ReduceLROnPlateau reducing learning rate to 0.0012499999720603228.
[I 2021-07-16 11:50:28,552] Trial 6 pruned. Trial was pruned at epoch 200.
Trial 6 pruned. Trial was pruned at epoch 200.
Trial 6 pruned. Trial was pruned at epoch 200.
HBox(children=(FloatProgress(value=0.0, description='Training', layout=Layout(flex='2'), max=450.0, style=Prog…

Epoch 00218: ReduceLROnPlateau reducing learning rate to 0.0012499999720603228.

Epoch 00271: ReduceLROnPlateau reducing learning rate to 0.0006249999860301614.

Epoch 00342: ReduceLROnPlateau reducing learning rate to 0.0003124999930150807.

Epoch 00379: ReduceLROnPlateau reducing learning rate to 0.00015624999650754035.

Epoch 00443: ReduceLROnPlateau reducing learning rate to 7.812499825377017e-05.

Calibration rmse=0.5554456499449797
Tuning rmse=0.6235005033777036
[I 2021-07-16 11:52:51,446] Trial 7 finished with value: 0.3518667555235762 and parameters: {'filter_size': 29, 'reg_beta': 0.0265, 'batch_size': 192}. Best is trial 7 with value: 0.3518667555235762.
Trial 7 finished with value: 0.3518667555235762 and parameters: {'filter_size': 29, 'reg_beta': 0.0265, 'batch_size': 192}. Best is trial 7 with value: 0.3518667555235762.
Trial 7 finished with value: 0.3518667555235762 and parameters: {'filter_size': 29, 'reg_beta': 0.0265, 'batch_size': 192}. Best is trial 7 with value: 0.3518667555235762.
HBox(children=(FloatProgress(value=0.0, description='Training', layout=Layout(flex='2'), max=450.0, style=Prog…
[I 2021-07-16 11:53:07,916] Trial 8 pruned. Trial was pruned at epoch 50.
Trial 8 pruned. Trial was pruned at epoch 50.
Trial 8 pruned. Trial was pruned at epoch 50.
HBox(children=(FloatProgress(value=0.0, description='Training', layout=Layout(flex='2'), max=450.0, style=Prog…
[I 2021-07-16 11:53:29,148] Trial 9 pruned. Trial was pruned at epoch 50.
Trial 9 pruned. Trial was pruned at epoch 50.
Trial 9 pruned. Trial was pruned at epoch 50.
HBox(children=(FloatProgress(value=0.0, description='Training', layout=Layout(flex='2'), max=450.0, style=Prog…
[I 2021-07-16 11:53:45,646] Trial 10 pruned. Trial was pruned at epoch 50.
Trial 10 pruned. Trial was pruned at epoch 50.
Trial 10 pruned. Trial was pruned at epoch 50.
HBox(children=(FloatProgress(value=0.0, description='Training', layout=Layout(flex='2'), max=450.0, style=Prog…
[I 2021-07-16 11:54:07,388] Trial 11 pruned. Trial was pruned at epoch 50.
Trial 11 pruned. Trial was pruned at epoch 50.
Trial 11 pruned. Trial was pruned at epoch 50.
HBox(children=(FloatProgress(value=0.0, description='Training', layout=Layout(flex='2'), max=450.0, style=Prog…
[I 2021-07-16 11:54:28,502] Trial 12 pruned. Trial was pruned at epoch 50.
Trial 12 pruned. Trial was pruned at epoch 50.
Trial 12 pruned. Trial was pruned at epoch 50.
HBox(children=(FloatProgress(value=0.0, description='Training', layout=Layout(flex='2'), max=450.0, style=Prog…
[I 2021-07-16 11:54:41,808] Trial 13 pruned. Trial was pruned at epoch 50.
Trial 13 pruned. Trial was pruned at epoch 50.
Trial 13 pruned. Trial was pruned at epoch 50.
HBox(children=(FloatProgress(value=0.0, description='Training', layout=Layout(flex='2'), max=450.0, style=Prog…

Epoch 00178: ReduceLROnPlateau reducing learning rate to 0.0012499999720603228.
[I 2021-07-16 11:57:16,133] Trial 14 pruned. Trial was pruned at epoch 200.
Trial 14 pruned. Trial was pruned at epoch 200.
Trial 14 pruned. Trial was pruned at epoch 200.
HBox(children=(FloatProgress(value=0.0, description='Training', layout=Layout(flex='2'), max=450.0, style=Prog…
[I 2021-07-16 11:57:30,182] Trial 15 pruned. Trial was pruned at epoch 50.
Trial 15 pruned. Trial was pruned at epoch 50.
Trial 15 pruned. Trial was pruned at epoch 50.
HBox(children=(FloatProgress(value=0.0, description='Training', layout=Layout(flex='2'), max=450.0, style=Prog…
[I 2021-07-16 11:57:43,642] Trial 16 pruned. Trial was pruned at epoch 50.
Trial 16 pruned. Trial was pruned at epoch 50.
Trial 16 pruned. Trial was pruned at epoch 50.
HBox(children=(FloatProgress(value=0.0, description='Training', layout=Layout(flex='2'), max=450.0, style=Prog…

Epoch 00178: ReduceLROnPlateau reducing learning rate to 0.0012499999720603228.
[I 2021-07-16 12:00:07,556] Trial 17 pruned. Trial was pruned at epoch 200.
Trial 17 pruned. Trial was pruned at epoch 200.
Trial 17 pruned. Trial was pruned at epoch 200.
HBox(children=(FloatProgress(value=0.0, description='Training', layout=Layout(flex='2'), max=450.0, style=Prog…
[I 2021-07-16 12:01:06,135] Trial 18 pruned. Trial was pruned at epoch 200.
Trial 18 pruned. Trial was pruned at epoch 200.
Trial 18 pruned. Trial was pruned at epoch 200.
HBox(children=(FloatProgress(value=0.0, description='Training', layout=Layout(flex='2'), max=450.0, style=Prog…

Epoch 00166: ReduceLROnPlateau reducing learning rate to 0.0012499999720603228.

Epoch 00213: ReduceLROnPlateau reducing learning rate to 0.0006249999860301614.

Epoch 00260: ReduceLROnPlateau reducing learning rate to 0.0003124999930150807.

Epoch 00361: ReduceLROnPlateau reducing learning rate to 0.00015624999650754035.

Calibration rmse=0.5271862501255091
Tuning rmse=0.6152544290816423
[I 2021-07-16 12:04:02,232] Trial 19 finished with value: 0.35793354963241203 and parameters: {'filter_size': 21, 'reg_beta': 0.015, 'batch_size': 128}. Best is trial 7 with value: 0.3518667555235762.
Trial 19 finished with value: 0.35793354963241203 and parameters: {'filter_size': 21, 'reg_beta': 0.015, 'batch_size': 128}. Best is trial 7 with value: 0.3518667555235762.
Trial 19 finished with value: 0.35793354963241203 and parameters: {'filter_size': 21, 'reg_beta': 0.015, 'batch_size': 128}. Best is trial 7 with value: 0.3518667555235762.
HBox(children=(FloatProgress(value=0.0, description='Training', layout=Layout(flex='2'), max=450.0, style=Prog…
[I 2021-07-16 12:04:17,034] Trial 20 pruned. Trial was pruned at epoch 50.
Trial 20 pruned. Trial was pruned at epoch 50.
Trial 20 pruned. Trial was pruned at epoch 50.
HBox(children=(FloatProgress(value=0.0, description='Training', layout=Layout(flex='2'), max=450.0, style=Prog…
[I 2021-07-16 12:04:31,926] Trial 21 pruned. Trial was pruned at epoch 50.
Trial 21 pruned. Trial was pruned at epoch 50.
Trial 21 pruned. Trial was pruned at epoch 50.
HBox(children=(FloatProgress(value=0.0, description='Training', layout=Layout(flex='2'), max=450.0, style=Prog…
[I 2021-07-16 12:05:07,145] Trial 22 pruned. Trial was pruned at epoch 50.
Trial 22 pruned. Trial was pruned at epoch 50.
Trial 22 pruned. Trial was pruned at epoch 50.
HBox(children=(FloatProgress(value=0.0, description='Training', layout=Layout(flex='2'), max=450.0, style=Prog…

Epoch 00117: ReduceLROnPlateau reducing learning rate to 0.0012499999720603228.

Epoch 00237: ReduceLROnPlateau reducing learning rate to 0.0006249999860301614.

Epoch 00281: ReduceLROnPlateau reducing learning rate to 0.0003124999930150807.

Epoch 00356: ReduceLROnPlateau reducing learning rate to 0.00015624999650754035.

Epoch 00389: ReduceLROnPlateau reducing learning rate to 7.812499825377017e-05.

Calibration rmse=0.5214430831963258
Tuning rmse=0.6053997369627669
[I 2021-07-16 12:10:13,521] Trial 23 finished with value: 0.35000284473203197 and parameters: {'filter_size': 41, 'reg_beta': 0.012, 'batch_size': 64}. Best is trial 23 with value: 0.35000284473203197.
Trial 23 finished with value: 0.35000284473203197 and parameters: {'filter_size': 41, 'reg_beta': 0.012, 'batch_size': 64}. Best is trial 23 with value: 0.35000284473203197.
Trial 23 finished with value: 0.35000284473203197 and parameters: {'filter_size': 41, 'reg_beta': 0.012, 'batch_size': 64}. Best is trial 23 with value: 0.35000284473203197.
HBox(children=(FloatProgress(value=0.0, description='Training', layout=Layout(flex='2'), max=450.0, style=Prog…
[I 2021-07-16 12:11:01,481] Trial 24 pruned. Trial was pruned at epoch 200.
Trial 24 pruned. Trial was pruned at epoch 200.
Trial 24 pruned. Trial was pruned at epoch 200.
HBox(children=(FloatProgress(value=0.0, description='Training', layout=Layout(flex='2'), max=450.0, style=Prog…
[I 2021-07-16 12:11:36,730] Trial 25 pruned. Trial was pruned at epoch 50.
Trial 25 pruned. Trial was pruned at epoch 50.
Trial 25 pruned. Trial was pruned at epoch 50.
HBox(children=(FloatProgress(value=0.0, description='Training', layout=Layout(flex='2'), max=450.0, style=Prog…
[I 2021-07-16 12:12:13,404] Trial 26 pruned. Trial was pruned at epoch 50.
Trial 26 pruned. Trial was pruned at epoch 50.
Trial 26 pruned. Trial was pruned at epoch 50.
HBox(children=(FloatProgress(value=0.0, description='Training', layout=Layout(flex='2'), max=450.0, style=Prog…
[I 2021-07-16 12:12:34,268] Trial 27 pruned. Trial was pruned at epoch 50.
Trial 27 pruned. Trial was pruned at epoch 50.
Trial 27 pruned. Trial was pruned at epoch 50.
HBox(children=(FloatProgress(value=0.0, description='Training', layout=Layout(flex='2'), max=450.0, style=Prog…

Epoch 00140: ReduceLROnPlateau reducing learning rate to 0.0012499999720603228.
[I 2021-07-16 12:13:52,920] Trial 28 pruned. Trial was pruned at epoch 200.
Trial 28 pruned. Trial was pruned at epoch 200.
Trial 28 pruned. Trial was pruned at epoch 200.
HBox(children=(FloatProgress(value=0.0, description='Training', layout=Layout(flex='2'), max=450.0, style=Prog…
[I 2021-07-16 12:14:12,917] Trial 29 pruned. Trial was pruned at epoch 50.
Trial 29 pruned. Trial was pruned at epoch 50.
Trial 29 pruned. Trial was pruned at epoch 50.
HBox(children=(FloatProgress(value=0.0, description='Training', layout=Layout(flex='2'), max=450.0, style=Prog…
[I 2021-07-16 12:14:32,950] Trial 30 pruned. Trial was pruned at epoch 50.
Trial 30 pruned. Trial was pruned at epoch 50.
Trial 30 pruned. Trial was pruned at epoch 50.
HBox(children=(FloatProgress(value=0.0, description='Training', layout=Layout(flex='2'), max=450.0, style=Prog…
[I 2021-07-16 12:14:53,116] Trial 31 pruned. Trial was pruned at epoch 50.
Trial 31 pruned. Trial was pruned at epoch 50.
Trial 31 pruned. Trial was pruned at epoch 50.
HBox(children=(FloatProgress(value=0.0, description='Training', layout=Layout(flex='2'), max=450.0, style=Prog…
[I 2021-07-16 12:15:52,149] Trial 32 pruned. Trial was pruned at epoch 200.
Trial 32 pruned. Trial was pruned at epoch 200.
Trial 32 pruned. Trial was pruned at epoch 200.
HBox(children=(FloatProgress(value=0.0, description='Training', layout=Layout(flex='2'), max=450.0, style=Prog…

Epoch 00107: ReduceLROnPlateau reducing learning rate to 0.0012499999720603228.

Epoch 00168: ReduceLROnPlateau reducing learning rate to 0.0006249999860301614.
[I 2021-07-16 12:18:05,233] Trial 33 pruned. Trial was pruned at epoch 200.
Trial 33 pruned. Trial was pruned at epoch 200.
Trial 33 pruned. Trial was pruned at epoch 200.
HBox(children=(FloatProgress(value=0.0, description='Training', layout=Layout(flex='2'), max=450.0, style=Prog…
[I 2021-07-16 12:18:19,715] Trial 34 pruned. Trial was pruned at epoch 50.
Trial 34 pruned. Trial was pruned at epoch 50.
Trial 34 pruned. Trial was pruned at epoch 50.
HBox(children=(FloatProgress(value=0.0, description='Training', layout=Layout(flex='2'), max=450.0, style=Prog…

Epoch 00203: ReduceLROnPlateau reducing learning rate to 0.0012499999720603228.

Epoch 00297: ReduceLROnPlateau reducing learning rate to 0.0006249999860301614.

Epoch 00367: ReduceLROnPlateau reducing learning rate to 0.0003124999930150807.

Calibration rmse=0.4689283190742015
Tuning rmse=0.6038861171431084
[I 2021-07-16 12:21:09,564] Trial 35 finished with value: 0.37433539559576606 and parameters: {'filter_size': 9, 'reg_beta': 0.006500000000000001, 'batch_size': 128}. Best is trial 23 with value: 0.35000284473203197.
Trial 35 finished with value: 0.37433539559576606 and parameters: {'filter_size': 9, 'reg_beta': 0.006500000000000001, 'batch_size': 128}. Best is trial 23 with value: 0.35000284473203197.
Trial 35 finished with value: 0.37433539559576606 and parameters: {'filter_size': 9, 'reg_beta': 0.006500000000000001, 'batch_size': 128}. Best is trial 23 with value: 0.35000284473203197.
HBox(children=(FloatProgress(value=0.0, description='Training', layout=Layout(flex='2'), max=450.0, style=Prog…
[I 2021-07-16 12:21:24,732] Trial 36 pruned. Trial was pruned at epoch 50.
Trial 36 pruned. Trial was pruned at epoch 50.
Trial 36 pruned. Trial was pruned at epoch 50.
HBox(children=(FloatProgress(value=0.0, description='Training', layout=Layout(flex='2'), max=450.0, style=Prog…
[I 2021-07-16 12:21:45,003] Trial 37 pruned. Trial was pruned at epoch 50.
Trial 37 pruned. Trial was pruned at epoch 50.
Trial 37 pruned. Trial was pruned at epoch 50.
HBox(children=(FloatProgress(value=0.0, description='Training', layout=Layout(flex='2'), max=450.0, style=Prog…
[I 2021-07-16 12:22:33,514] Trial 38 pruned. Trial was pruned at epoch 200.
Trial 38 pruned. Trial was pruned at epoch 200.
Trial 38 pruned. Trial was pruned at epoch 200.
HBox(children=(FloatProgress(value=0.0, description='Training', layout=Layout(flex='2'), max=450.0, style=Prog…
[I 2021-07-16 12:22:49,496] Trial 39 pruned. Trial was pruned at epoch 50.
Trial 39 pruned. Trial was pruned at epoch 50.
Trial 39 pruned. Trial was pruned at epoch 50.
HBox(children=(FloatProgress(value=0.0, description='Training', layout=Layout(flex='2'), max=450.0, style=Prog…

Epoch 00160: ReduceLROnPlateau reducing learning rate to 0.0012499999720603228.

Epoch 00193: ReduceLROnPlateau reducing learning rate to 0.0006249999860301614.

Epoch 00224: ReduceLROnPlateau reducing learning rate to 0.0003124999930150807.

Epoch 00249: ReduceLROnPlateau reducing learning rate to 0.00015624999650754035.

Calibration rmse=0.297705079626603
Tuning rmse=0.5879914206848825
[I 2021-07-16 12:23:55,502] Trial 40 finished with value: 0.4225485085242135 and parameters: {'filter_size': 29, 'reg_beta': 0.0, 'batch_size': 256}. Best is trial 23 with value: 0.35000284473203197.
Trial 40 finished with value: 0.4225485085242135 and parameters: {'filter_size': 29, 'reg_beta': 0.0, 'batch_size': 256}. Best is trial 23 with value: 0.35000284473203197.
Trial 40 finished with value: 0.4225485085242135 and parameters: {'filter_size': 29, 'reg_beta': 0.0, 'batch_size': 256}. Best is trial 23 with value: 0.35000284473203197.
HBox(children=(FloatProgress(value=0.0, description='Training', layout=Layout(flex='2'), max=450.0, style=Prog…
[I 2021-07-16 12:24:16,127] Trial 41 pruned. Trial was pruned at epoch 50.
Trial 41 pruned. Trial was pruned at epoch 50.
Trial 41 pruned. Trial was pruned at epoch 50.
HBox(children=(FloatProgress(value=0.0, description='Training', layout=Layout(flex='2'), max=450.0, style=Prog…
[I 2021-07-16 12:24:28,523] Trial 42 pruned. Trial was pruned at epoch 50.
Trial 42 pruned. Trial was pruned at epoch 50.
Trial 42 pruned. Trial was pruned at epoch 50.
HBox(children=(FloatProgress(value=0.0, description='Training', layout=Layout(flex='2'), max=450.0, style=Prog…
[I 2021-07-16 12:24:40,802] Trial 43 pruned. Trial was pruned at epoch 50.
Trial 43 pruned. Trial was pruned at epoch 50.
Trial 43 pruned. Trial was pruned at epoch 50.
HBox(children=(FloatProgress(value=0.0, description='Training', layout=Layout(flex='2'), max=450.0, style=Prog…
[I 2021-07-16 12:25:15,501] Trial 44 pruned. Trial was pruned at epoch 50.
Trial 44 pruned. Trial was pruned at epoch 50.
Trial 44 pruned. Trial was pruned at epoch 50.
HBox(children=(FloatProgress(value=0.0, description='Training', layout=Layout(flex='2'), max=450.0, style=Prog…
[I 2021-07-16 12:26:02,874] Trial 45 pruned. Trial was pruned at epoch 200.
Trial 45 pruned. Trial was pruned at epoch 200.
Trial 45 pruned. Trial was pruned at epoch 200.
HBox(children=(FloatProgress(value=0.0, description='Training', layout=Layout(flex='2'), max=450.0, style=Prog…

Epoch 00128: ReduceLROnPlateau reducing learning rate to 0.0012499999720603228.
[I 2021-07-16 12:28:24,983] Trial 46 pruned. Trial was pruned at epoch 200.
Trial 46 pruned. Trial was pruned at epoch 200.
Trial 46 pruned. Trial was pruned at epoch 200.
HBox(children=(FloatProgress(value=0.0, description='Training', layout=Layout(flex='2'), max=450.0, style=Prog…
[I 2021-07-16 12:29:02,329] Trial 47 pruned. Trial was pruned at epoch 50.
Trial 47 pruned. Trial was pruned at epoch 50.
Trial 47 pruned. Trial was pruned at epoch 50.
HBox(children=(FloatProgress(value=0.0, description='Training', layout=Layout(flex='2'), max=450.0, style=Prog…
[I 2021-07-16 12:30:00,499] Trial 48 pruned. Trial was pruned at epoch 200.
Trial 48 pruned. Trial was pruned at epoch 200.
Trial 48 pruned. Trial was pruned at epoch 200.
HBox(children=(FloatProgress(value=0.0, description='Training', layout=Layout(flex='2'), max=450.0, style=Prog…

Epoch 00159: ReduceLROnPlateau reducing learning rate to 0.0012499999720603228.
[I 2021-07-16 12:30:59,864] Trial 49 pruned. Trial was pruned at epoch 200.
Trial 49 pruned. Trial was pruned at epoch 200.
Trial 49 pruned. Trial was pruned at epoch 200.
HBox(children=(FloatProgress(value=0.0, description='Training', layout=Layout(flex='2'), max=450.0, style=Prog…
[I 2021-07-16 12:31:13,725] Trial 50 pruned. Trial was pruned at epoch 50.
Trial 50 pruned. Trial was pruned at epoch 50.
Trial 50 pruned. Trial was pruned at epoch 50.
HBox(children=(FloatProgress(value=0.0, description='Training', layout=Layout(flex='2'), max=450.0, style=Prog…

Epoch 00183: ReduceLROnPlateau reducing learning rate to 0.0012499999720603228.
[I 2021-07-16 12:32:39,244] Trial 51 pruned. Trial was pruned at epoch 200.
Trial 51 pruned. Trial was pruned at epoch 200.
Trial 51 pruned. Trial was pruned at epoch 200.
HBox(children=(FloatProgress(value=0.0, description='Training', layout=Layout(flex='2'), max=450.0, style=Prog…
[I 2021-07-16 12:33:14,615] Trial 52 pruned. Trial was pruned at epoch 50.
Trial 52 pruned. Trial was pruned at epoch 50.
Trial 52 pruned. Trial was pruned at epoch 50.
HBox(children=(FloatProgress(value=0.0, description='Training', layout=Layout(flex='2'), max=450.0, style=Prog…
[I 2021-07-16 12:34:12,711] Trial 53 pruned. Trial was pruned at epoch 200.
Trial 53 pruned. Trial was pruned at epoch 200.
