Trial 457 finished with value: 0.3999028013686461 and parameters: {'filter_size': 33, 'reg_beta': 0.0, 'batch_size': 64}. Best is trial 156 with value: 0.3480654454179174.
Trial 457 finished with value: 0.3999028013686461 and parameters: {'filter_size': 33, 'reg_beta': 0.0, 'batch_size': 64}. Best is trial 156 with value: 0.3480654454179174.
HBox(children=(FloatProgress(value=0.0, description='Training', layout=Layout(flex='2'), max=450.0, style=Prog…
[I 2021-07-17 00:43:10,808] Trial 458 pruned. Trial was pruned at epoch 50.
Trial 458 pruned. Trial was pruned at epoch 50.
Trial 458 pruned. Trial was pruned at epoch 50.
HBox(children=(FloatProgress(value=0.0, description='Training', layout=Layout(flex='2'), max=450.0, style=Prog…

Epoch 00131: ReduceLROnPlateau reducing learning rate to 0.0012499999720603228.

Epoch 00158: ReduceLROnPlateau reducing learning rate to 0.0006249999860301614.

Epoch 00183: ReduceLROnPlateau reducing learning rate to 0.0003124999930150807.

Calibration rmse=0.22412823268848275
Tuning rmse=0.5471309335468361
[I 2021-07-17 00:44:58,756] Trial 459 finished with value: 0.3981248636513029 and parameters: {'filter_size': 27, 'reg_beta': 0.0, 'batch_size': 64}. Best is trial 156 with value: 0.3480654454179174.
Trial 459 finished with value: 0.3981248636513029 and parameters: {'filter_size': 27, 'reg_beta': 0.0, 'batch_size': 64}. Best is trial 156 with value: 0.3480654454179174.
Trial 459 finished with value: 0.3981248636513029 and parameters: {'filter_size': 27, 'reg_beta': 0.0, 'batch_size': 64}. Best is trial 156 with value: 0.3480654454179174.
HBox(children=(FloatProgress(value=0.0, description='Training', layout=Layout(flex='2'), max=450.0, style=Prog…
[I 2021-07-17 00:45:32,384] Trial 460 pruned. Trial was pruned at epoch 50.
Trial 460 pruned. Trial was pruned at epoch 50.
Trial 460 pruned. Trial was pruned at epoch 50.
HBox(children=(FloatProgress(value=0.0, description='Training', layout=Layout(flex='2'), max=450.0, style=Prog…
[I 2021-07-17 00:46:06,123] Trial 461 pruned. Trial was pruned at epoch 50.
Trial 461 pruned. Trial was pruned at epoch 50.
Trial 461 pruned. Trial was pruned at epoch 50.
HBox(children=(FloatProgress(value=0.0, description='Training', layout=Layout(flex='2'), max=450.0, style=Prog…
[I 2021-07-17 00:46:39,701] Trial 462 pruned. Trial was pruned at epoch 50.
Trial 462 pruned. Trial was pruned at epoch 50.
Trial 462 pruned. Trial was pruned at epoch 50.
HBox(children=(FloatProgress(value=0.0, description='Training', layout=Layout(flex='2'), max=450.0, style=Prog…

Epoch 00097: ReduceLROnPlateau reducing learning rate to 0.0012499999720603228.

Epoch 00123: ReduceLROnPlateau reducing learning rate to 0.0006249999860301614.

Epoch 00148: ReduceLROnPlateau reducing learning rate to 0.0003124999930150807.

Calibration rmse=0.28187880160354273
Tuning rmse=0.5764611762523227
[I 2021-07-17 00:48:08,850] Trial 463 finished with value: 0.41465650259254244 and parameters: {'filter_size': 15, 'reg_beta': 0.0, 'batch_size': 64}. Best is trial 156 with value: 0.3480654454179174.
Trial 463 finished with value: 0.41465650259254244 and parameters: {'filter_size': 15, 'reg_beta': 0.0, 'batch_size': 64}. Best is trial 156 with value: 0.3480654454179174.
Trial 463 finished with value: 0.41465650259254244 and parameters: {'filter_size': 15, 'reg_beta': 0.0, 'batch_size': 64}. Best is trial 156 with value: 0.3480654454179174.
HBox(children=(FloatProgress(value=0.0, description='Training', layout=Layout(flex='2'), max=450.0, style=Prog…

Epoch 00190: ReduceLROnPlateau reducing learning rate to 0.0012499999720603228.
[I 2021-07-17 00:50:23,363] Trial 464 pruned. Trial was pruned at epoch 200.
Trial 464 pruned. Trial was pruned at epoch 200.
Trial 464 pruned. Trial was pruned at epoch 200.
HBox(children=(FloatProgress(value=0.0, description='Training', layout=Layout(flex='2'), max=450.0, style=Prog…
[I 2021-07-17 00:50:42,425] Trial 465 pruned. Trial was pruned at epoch 50.
Trial 465 pruned. Trial was pruned at epoch 50.
Trial 465 pruned. Trial was pruned at epoch 50.
HBox(children=(FloatProgress(value=0.0, description='Training', layout=Layout(flex='2'), max=450.0, style=Prog…
[I 2021-07-17 00:51:15,669] Trial 466 pruned. Trial was pruned at epoch 50.
Trial 466 pruned. Trial was pruned at epoch 50.
Trial 466 pruned. Trial was pruned at epoch 50.
HBox(children=(FloatProgress(value=0.0, description='Training', layout=Layout(flex='2'), max=450.0, style=Prog…

Epoch 00127: ReduceLROnPlateau reducing learning rate to 0.0012499999720603228.

Epoch 00158: ReduceLROnPlateau reducing learning rate to 0.0006249999860301614.
[I 2021-07-17 00:52:26,194] Trial 467 pruned. Trial was pruned at epoch 200.
Trial 467 pruned. Trial was pruned at epoch 200.
Trial 467 pruned. Trial was pruned at epoch 200.
HBox(children=(FloatProgress(value=0.0, description='Training', layout=Layout(flex='2'), max=450.0, style=Prog…

Epoch 00117: ReduceLROnPlateau reducing learning rate to 0.0012499999720603228.

Epoch 00177: ReduceLROnPlateau reducing learning rate to 0.0006249999860301614.

Epoch 00239: ReduceLROnPlateau reducing learning rate to 0.0003124999930150807.

Epoch 00281: ReduceLROnPlateau reducing learning rate to 0.00015624999650754035.

Epoch 00405: ReduceLROnPlateau reducing learning rate to 7.812499825377017e-05.

Epoch 00443: ReduceLROnPlateau reducing learning rate to 3.9062499126885086e-05.

Calibration rmse=0.5243442709174667
Tuning rmse=0.6085331799747804
[I 2021-07-17 00:57:13,850] Trial 468 finished with value: 0.3519544483305146 and parameters: {'filter_size': 47, 'reg_beta': 0.012, 'batch_size': 64}. Best is trial 156 with value: 0.3480654454179174.
Trial 468 finished with value: 0.3519544483305146 and parameters: {'filter_size': 47, 'reg_beta': 0.012, 'batch_size': 64}. Best is trial 156 with value: 0.3480654454179174.
Trial 468 finished with value: 0.3519544483305146 and parameters: {'filter_size': 47, 'reg_beta': 0.012, 'batch_size': 64}. Best is trial 156 with value: 0.3480654454179174.
HBox(children=(FloatProgress(value=0.0, description='Training', layout=Layout(flex='2'), max=450.0, style=Prog…

Epoch 00100: ReduceLROnPlateau reducing learning rate to 0.0012499999720603228.

Epoch 00129: ReduceLROnPlateau reducing learning rate to 0.0006249999860301614.

Epoch 00154: ReduceLROnPlateau reducing learning rate to 0.0003124999930150807.

Calibration rmse=0.273240767959932
Tuning rmse=0.5700116343733019
[I 2021-07-17 00:58:43,790] Trial 469 finished with value: 0.4101321902094457 and parameters: {'filter_size': 25, 'reg_beta': 0.0, 'batch_size': 64}. Best is trial 156 with value: 0.3480654454179174.
Trial 469 finished with value: 0.4101321902094457 and parameters: {'filter_size': 25, 'reg_beta': 0.0, 'batch_size': 64}. Best is trial 156 with value: 0.3480654454179174.
Trial 469 finished with value: 0.4101321902094457 and parameters: {'filter_size': 25, 'reg_beta': 0.0, 'batch_size': 64}. Best is trial 156 with value: 0.3480654454179174.
HBox(children=(FloatProgress(value=0.0, description='Training', layout=Layout(flex='2'), max=450.0, style=Prog…

Epoch 00089: ReduceLROnPlateau reducing learning rate to 0.0012499999720603228.

Epoch 00123: ReduceLROnPlateau reducing learning rate to 0.0006249999860301614.

Epoch 00158: ReduceLROnPlateau reducing learning rate to 0.0003124999930150807.

Epoch 00183: ReduceLROnPlateau reducing learning rate to 0.00015624999650754035.

Calibration rmse=0.19906428837833695
Tuning rmse=0.5551572073561286
[I 2021-07-17 01:00:33,677] Trial 470 finished with value: 0.41186507066400524 and parameters: {'filter_size': 27, 'reg_beta': 0.0, 'batch_size': 64}. Best is trial 156 with value: 0.3480654454179174.
Trial 470 finished with value: 0.41186507066400524 and parameters: {'filter_size': 27, 'reg_beta': 0.0, 'batch_size': 64}. Best is trial 156 with value: 0.3480654454179174.
Trial 470 finished with value: 0.41186507066400524 and parameters: {'filter_size': 27, 'reg_beta': 0.0, 'batch_size': 64}. Best is trial 156 with value: 0.3480654454179174.
HBox(children=(FloatProgress(value=0.0, description='Training', layout=Layout(flex='2'), max=450.0, style=Prog…

Epoch 00185: ReduceLROnPlateau reducing learning rate to 0.0012499999720603228.
[I 2021-07-17 01:02:41,639] Trial 471 pruned. Trial was pruned at epoch 200.
Trial 471 pruned. Trial was pruned at epoch 200.
Trial 471 pruned. Trial was pruned at epoch 200.
HBox(children=(FloatProgress(value=0.0, description='Training', layout=Layout(flex='2'), max=450.0, style=Prog…
[I 2021-07-17 01:03:14,885] Trial 472 pruned. Trial was pruned at epoch 50.
Trial 472 pruned. Trial was pruned at epoch 50.
Trial 472 pruned. Trial was pruned at epoch 50.
HBox(children=(FloatProgress(value=0.0, description='Training', layout=Layout(flex='2'), max=450.0, style=Prog…
[I 2021-07-17 01:03:48,067] Trial 473 pruned. Trial was pruned at epoch 50.
Trial 473 pruned. Trial was pruned at epoch 50.
Trial 473 pruned. Trial was pruned at epoch 50.
HBox(children=(FloatProgress(value=0.0, description='Training', layout=Layout(flex='2'), max=450.0, style=Prog…

Epoch 00158: ReduceLROnPlateau reducing learning rate to 0.0012499999720603228.

Epoch 00240: ReduceLROnPlateau reducing learning rate to 0.0006249999860301614.

Epoch 00296: ReduceLROnPlateau reducing learning rate to 0.0003124999930150807.

Epoch 00338: ReduceLROnPlateau reducing learning rate to 0.00015624999650754035.

Epoch 00392: ReduceLROnPlateau reducing learning rate to 7.812499825377017e-05.

Calibration rmse=0.472880523059485
Tuning rmse=0.5909463543079789
[I 2021-07-17 01:08:35,933] Trial 474 finished with value: 0.35827397944442907 and parameters: {'filter_size': 45, 'reg_beta': 0.0075, 'batch_size': 64}. Best is trial 156 with value: 0.3480654454179174.
Trial 474 finished with value: 0.35827397944442907 and parameters: {'filter_size': 45, 'reg_beta': 0.0075, 'batch_size': 64}. Best is trial 156 with value: 0.3480654454179174.
Trial 474 finished with value: 0.35827397944442907 and parameters: {'filter_size': 45, 'reg_beta': 0.0075, 'batch_size': 64}. Best is trial 156 with value: 0.3480654454179174.
HBox(children=(FloatProgress(value=0.0, description='Training', layout=Layout(flex='2'), max=450.0, style=Prog…

Epoch 00117: ReduceLROnPlateau reducing learning rate to 0.0012499999720603228.

Epoch 00177: ReduceLROnPlateau reducing learning rate to 0.0006249999860301614.

Epoch 00239: ReduceLROnPlateau reducing learning rate to 0.0003124999930150807.

Epoch 00281: ReduceLROnPlateau reducing learning rate to 0.00015624999650754035.

Epoch 00405: ReduceLROnPlateau reducing learning rate to 7.812499825377017e-05.

Epoch 00443: ReduceLROnPlateau reducing learning rate to 3.9062499126885086e-05.

Calibration rmse=0.5241858129486703
Tuning rmse=0.6073840948296544
[I 2021-07-17 01:13:23,953] Trial 475 finished with value: 0.3507643834925173 and parameters: {'filter_size': 47, 'reg_beta': 0.012, 'batch_size': 64}. Best is trial 156 with value: 0.3480654454179174.
Trial 475 finished with value: 0.3507643834925173 and parameters: {'filter_size': 47, 'reg_beta': 0.012, 'batch_size': 64}. Best is trial 156 with value: 0.3480654454179174.
Trial 475 finished with value: 0.3507643834925173 and parameters: {'filter_size': 47, 'reg_beta': 0.012, 'batch_size': 64}. Best is trial 156 with value: 0.3480654454179174.
HBox(children=(FloatProgress(value=0.0, description='Training', layout=Layout(flex='2'), max=450.0, style=Prog…
[I 2021-07-17 01:13:57,240] Trial 476 pruned. Trial was pruned at epoch 50.
Trial 476 pruned. Trial was pruned at epoch 50.
Trial 476 pruned. Trial was pruned at epoch 50.
HBox(children=(FloatProgress(value=0.0, description='Training', layout=Layout(flex='2'), max=450.0, style=Prog…

Epoch 00128: ReduceLROnPlateau reducing learning rate to 0.0012499999720603228.

Epoch 00158: ReduceLROnPlateau reducing learning rate to 0.0006249999860301614.

Epoch 00256: ReduceLROnPlateau reducing learning rate to 0.0003124999930150807.

Epoch 00397: ReduceLROnPlateau reducing learning rate to 0.00015624999650754035.

Calibration rmse=0.527717712048926
Tuning rmse=0.607045464858614
[I 2021-07-17 01:18:40,244] Trial 477 finished with value: 0.3485318388269358 and parameters: {'filter_size': 51, 'reg_beta': 0.013000000000000001, 'batch_size': 64}. Best is trial 156 with value: 0.3480654454179174.
Trial 477 finished with value: 0.3485318388269358 and parameters: {'filter_size': 51, 'reg_beta': 0.013000000000000001, 'batch_size': 64}. Best is trial 156 with value: 0.3480654454179174.
Trial 477 finished with value: 0.3485318388269358 and parameters: {'filter_size': 51, 'reg_beta': 0.013000000000000001, 'batch_size': 64}. Best is trial 156 with value: 0.3480654454179174.
HBox(children=(FloatProgress(value=0.0, description='Training', layout=Layout(flex='2'), max=450.0, style=Prog…

Epoch 00129: ReduceLROnPlateau reducing learning rate to 0.0012499999720603228.

Epoch 00172: ReduceLROnPlateau reducing learning rate to 0.0006249999860301614.

Epoch 00197: ReduceLROnPlateau reducing learning rate to 0.0003124999930150807.

Calibration rmse=0.22270138600941172
Tuning rmse=0.5516161171245265
[I 2021-07-17 01:20:34,365] Trial 478 finished with value: 0.4031502752327764 and parameters: {'filter_size': 31, 'reg_beta': 0.0, 'batch_size': 64}. Best is trial 156 with value: 0.3480654454179174.
Trial 478 finished with value: 0.4031502752327764 and parameters: {'filter_size': 31, 'reg_beta': 0.0, 'batch_size': 64}. Best is trial 156 with value: 0.3480654454179174.
Trial 478 finished with value: 0.4031502752327764 and parameters: {'filter_size': 31, 'reg_beta': 0.0, 'batch_size': 64}. Best is trial 156 with value: 0.3480654454179174.
HBox(children=(FloatProgress(value=0.0, description='Training', layout=Layout(flex='2'), max=450.0, style=Prog…

Epoch 00150: ReduceLROnPlateau reducing learning rate to 0.0012499999720603228.

Epoch 00178: ReduceLROnPlateau reducing learning rate to 0.0006249999860301614.

Epoch 00203: ReduceLROnPlateau reducing learning rate to 0.0003124999930150807.

Calibration rmse=0.19894005411038324
Tuning rmse=0.5511710769139276
[I 2021-07-17 01:22:33,286] Trial 479 finished with value: 0.4076917439054721 and parameters: {'filter_size': 29, 'reg_beta': 0.0, 'batch_size': 64}. Best is trial 156 with value: 0.3480654454179174.
Trial 479 finished with value: 0.4076917439054721 and parameters: {'filter_size': 29, 'reg_beta': 0.0, 'batch_size': 64}. Best is trial 156 with value: 0.3480654454179174.
Trial 479 finished with value: 0.4076917439054721 and parameters: {'filter_size': 29, 'reg_beta': 0.0, 'batch_size': 64}. Best is trial 156 with value: 0.3480654454179174.
HBox(children=(FloatProgress(value=0.0, description='Training', layout=Layout(flex='2'), max=450.0, style=Prog…

Epoch 00185: ReduceLROnPlateau reducing learning rate to 0.0012499999720603228.
[I 2021-07-17 01:24:41,989] Trial 480 pruned. Trial was pruned at epoch 200.
Trial 480 pruned. Trial was pruned at epoch 200.
Trial 480 pruned. Trial was pruned at epoch 200.
HBox(children=(FloatProgress(value=0.0, description='Training', layout=Layout(flex='2'), max=450.0, style=Prog…

Epoch 00158: ReduceLROnPlateau reducing learning rate to 0.0012499999720603228.
[I 2021-07-17 01:26:52,114] Trial 481 pruned. Trial was pruned at epoch 200.
Trial 481 pruned. Trial was pruned at epoch 200.
Trial 481 pruned. Trial was pruned at epoch 200.
HBox(children=(FloatProgress(value=0.0, description='Training', layout=Layout(flex='2'), max=450.0, style=Prog…

Epoch 00093: ReduceLROnPlateau reducing learning rate to 0.0012499999720603228.
[I 2021-07-17 01:28:58,249] Trial 482 pruned. Trial was pruned at epoch 200.
Trial 482 pruned. Trial was pruned at epoch 200.
Trial 482 pruned. Trial was pruned at epoch 200.
HBox(children=(FloatProgress(value=0.0, description='Training', layout=Layout(flex='2'), max=450.0, style=Prog…
[I 2021-07-17 01:29:16,550] Trial 483 pruned. Trial was pruned at epoch 50.
Trial 483 pruned. Trial was pruned at epoch 50.
Trial 483 pruned. Trial was pruned at epoch 50.
HBox(children=(FloatProgress(value=0.0, description='Training', layout=Layout(flex='2'), max=450.0, style=Prog…

Epoch 00158: ReduceLROnPlateau reducing learning rate to 0.0012499999720603228.
[I 2021-07-17 01:31:24,673] Trial 484 pruned. Trial was pruned at epoch 200.
Trial 484 pruned. Trial was pruned at epoch 200.
Trial 484 pruned. Trial was pruned at epoch 200.
HBox(children=(FloatProgress(value=0.0, description='Training', layout=Layout(flex='2'), max=450.0, style=Prog…
[I 2021-07-17 01:31:56,192] Trial 485 pruned. Trial was pruned at epoch 50.
Trial 485 pruned. Trial was pruned at epoch 50.
Trial 485 pruned. Trial was pruned at epoch 50.
HBox(children=(FloatProgress(value=0.0, description='Training', layout=Layout(flex='2'), max=450.0, style=Prog…
[I 2021-07-17 01:32:28,940] Trial 486 pruned. Trial was pruned at epoch 50.
Trial 486 pruned. Trial was pruned at epoch 50.
Trial 486 pruned. Trial was pruned at epoch 50.
HBox(children=(FloatProgress(value=0.0, description='Training', layout=Layout(flex='2'), max=450.0, style=Prog…
[I 2021-07-17 01:33:02,730] Trial 487 pruned. Trial was pruned at epoch 50.
Trial 487 pruned. Trial was pruned at epoch 50.
Trial 487 pruned. Trial was pruned at epoch 50.
HBox(children=(FloatProgress(value=0.0, description='Training', layout=Layout(flex='2'), max=450.0, style=Prog…
[I 2021-07-17 01:33:35,071] Trial 488 pruned. Trial was pruned at epoch 50.
Trial 488 pruned. Trial was pruned at epoch 50.
Trial 488 pruned. Trial was pruned at epoch 50.
HBox(children=(FloatProgress(value=0.0, description='Training', layout=Layout(flex='2'), max=450.0, style=Prog…

Epoch 00091: ReduceLROnPlateau reducing learning rate to 0.0012499999720603228.
[I 2021-07-17 01:35:43,614] Trial 489 pruned. Trial was pruned at epoch 200.
Trial 489 pruned. Trial was pruned at epoch 200.
Trial 489 pruned. Trial was pruned at epoch 200.
HBox(children=(FloatProgress(value=0.0, description='Training', layout=Layout(flex='2'), max=450.0, style=Prog…
[I 2021-07-17 01:36:17,091] Trial 490 pruned. Trial was pruned at epoch 50.
Trial 490 pruned. Trial was pruned at epoch 50.
Trial 490 pruned. Trial was pruned at epoch 50.
HBox(children=(FloatProgress(value=0.0, description='Training', layout=Layout(flex='2'), max=450.0, style=Prog…
[I 2021-07-17 01:36:35,961] Trial 491 pruned. Trial was pruned at epoch 50.
Trial 491 pruned. Trial was pruned at epoch 50.
Trial 491 pruned. Trial was pruned at epoch 50.
HBox(children=(FloatProgress(value=0.0, description='Training', layout=Layout(flex='2'), max=450.0, style=Prog…

Epoch 00185: ReduceLROnPlateau reducing learning rate to 0.0012499999720603228.
[I 2021-07-17 01:38:41,884] Trial 492 pruned. Trial was pruned at epoch 200.
Trial 492 pruned. Trial was pruned at epoch 200.
Trial 492 pruned. Trial was pruned at epoch 200.
HBox(children=(FloatProgress(value=0.0, description='Training', layout=Layout(flex='2'), max=450.0, style=Prog…
[I 2021-07-17 01:39:00,913] Trial 493 pruned. Trial was pruned at epoch 50.
Trial 493 pruned. Trial was pruned at epoch 50.
Trial 493 pruned. Trial was pruned at epoch 50.
HBox(children=(FloatProgress(value=0.0, description='Training', layout=Layout(flex='2'), max=450.0, style=Prog…
[I 2021-07-17 01:39:33,642] Trial 494 pruned. Trial was pruned at epoch 50.
Trial 494 pruned. Trial was pruned at epoch 50.
Trial 494 pruned. Trial was pruned at epoch 50.
HBox(children=(FloatProgress(value=0.0, description='Training', layout=Layout(flex='2'), max=450.0, style=Prog…
[I 2021-07-17 01:40:07,212] Trial 495 pruned. Trial was pruned at epoch 50.
Trial 495 pruned. Trial was pruned at epoch 50.
Trial 495 pruned. Trial was pruned at epoch 50.
HBox(children=(FloatProgress(value=0.0, description='Training', layout=Layout(flex='2'), max=450.0, style=Prog…

Epoch 00158: ReduceLROnPlateau reducing learning rate to 0.0012499999720603228.
[I 2021-07-17 01:42:16,055] Trial 496 pruned. Trial was pruned at epoch 200.
Trial 496 pruned. Trial was pruned at epoch 200.
Trial 496 pruned. Trial was pruned at epoch 200.
HBox(children=(FloatProgress(value=0.0, description='Training', layout=Layout(flex='2'), max=450.0, style=Prog…
[I 2021-07-17 01:42:48,924] Trial 497 pruned. Trial was pruned at epoch 50.
Trial 497 pruned. Trial was pruned at epoch 50.
Trial 497 pruned. Trial was pruned at epoch 50.
HBox(children=(FloatProgress(value=0.0, description='Training', layout=Layout(flex='2'), max=450.0, style=Prog…
[I 2021-07-17 01:43:41,113] Trial 498 pruned. Trial was pruned at epoch 200.
Trial 498 pruned. Trial was pruned at epoch 200.
Trial 498 pruned. Trial was pruned at epoch 200.
HBox(children=(FloatProgress(value=0.0, description='Training', layout=Layout(flex='2'), max=450.0, style=Prog…
[I 2021-07-17 01:45:51,782] Trial 499 pruned. Trial was pruned at epoch 200.
Trial 499 pruned. Trial was pruned at epoch 200.
Trial 499 pruned. Trial was pruned at epoch 200.